[0.008s] Invoking command in '/home/jashwanth/arduinobot_ws/build/arduinobot_remote': CMAKE_PREFIX_PATH=${CMAKE_PREFIX_PATH}:/opt/ros/jazzy DEBUGINFOD_URLS=https://debuginfod.ubuntu.com /usr/bin/cmake /home/jashwanth/arduinobot_ws/src/arduinobot_remote -DCMAKE_INSTALL_PREFIX=/home/jashwanth/arduinobot_ws/install/arduinobot_remote
[0.060s] -- The C compiler identification is GNU 13.3.0
[0.114s] -- The CXX compiler identification is GNU 13.3.0
[0.128s] -- Detecting C compiler ABI info
[0.196s] -- Detecting C compiler ABI info - done
[0.205s] -- Check for working C compiler: /usr/bin/cc - skipped
[0.205s] -- Detecting C compile features
[0.206s] -- Detecting C compile features - done
[0.214s] -- Detecting CXX compiler ABI info
[0.287s] -- Detecting CXX compiler ABI info - done
[0.297s] -- Check for working CXX compiler: /usr/bin/c++ - skipped
[0.297s] -- Detecting CXX compile features
[0.298s] -- Detecting CXX compile features - done
[0.302s] -- Found ament_cmake: 2.5.4 (/opt/ros/jazzy/share/ament_cmake/cmake)
[0.412s] -- Found Python3: /usr/bin/python3 (found version "3.12.3") found components: Interpreter 
[0.487s] -- Found ament_lint_auto: 0.17.3 (/opt/ros/jazzy/share/ament_lint_auto/cmake)
[0.586s] -- Added test 'lint_cmake' to check CMake code style
[0.587s] -- Added test 'xmllint' to check XML markup files
[0.588s] -- Configuring done (0.6s)
[0.589s] -- Generating done (0.0s)
[0.590s] -- Build files have been written to: /home/jashwanth/arduinobot_ws/build/arduinobot_remote
[0.594s] Invoked command in '/home/jashwanth/arduinobot_ws/build/arduinobot_remote' returned '0': CMAKE_PREFIX_PATH=${CMAKE_PREFIX_PATH}:/opt/ros/jazzy DEBUGINFOD_URLS=https://debuginfod.ubuntu.com /usr/bin/cmake /home/jashwanth/arduinobot_ws/src/arduinobot_remote -DCMAKE_INSTALL_PREFIX=/home/jashwanth/arduinobot_ws/install/arduinobot_remote
[0.594s] Invoking command in '/home/jashwanth/arduinobot_ws/build/arduinobot_remote': CMAKE_PREFIX_PATH=${CMAKE_PREFIX_PATH}:/opt/ros/jazzy DEBUGINFOD_URLS=https://debuginfod.ubuntu.com /usr/bin/cmake --build /home/jashwanth/arduinobot_ws/build/arduinobot_remote -- -j20 -l20
[0.626s] Invoked command in '/home/jashwanth/arduinobot_ws/build/arduinobot_remote' returned '0': CMAKE_PREFIX_PATH=${CMAKE_PREFIX_PATH}:/opt/ros/jazzy DEBUGINFOD_URLS=https://debuginfod.ubuntu.com /usr/bin/cmake --build /home/jashwanth/arduinobot_ws/build/arduinobot_remote -- -j20 -l20
[0.627s] Invoking command in '/home/jashwanth/arduinobot_ws/build/arduinobot_remote': CMAKE_PREFIX_PATH=${CMAKE_PREFIX_PATH}:/opt/ros/jazzy DEBUGINFOD_URLS=https://debuginfod.ubuntu.com /usr/bin/cmake --install /home/jashwanth/arduinobot_ws/build/arduinobot_remote
[0.634s] -- Install configuration: ""
[0.635s] -- Installing: /home/jashwanth/arduinobot_ws/install/arduinobot_remote/share/ament_index/resource_index/package_run_dependencies/arduinobot_remote
[0.635s] -- Installing: /home/jashwanth/arduinobot_ws/install/arduinobot_remote/share/ament_index/resource_index/parent_prefix_path/arduinobot_remote
[0.635s] -- Installing: /home/jashwanth/arduinobot_ws/install/arduinobot_remote/share/arduinobot_remote/environment/ament_prefix_path.sh
[0.635s] -- Installing: /home/jashwanth/arduinobot_ws/install/arduinobot_remote/share/arduinobot_remote/environment/ament_prefix_path.dsv
[0.635s] -- Installing: /home/jashwanth/arduinobot_ws/install/arduinobot_remote/share/arduinobot_remote/environment/path.sh
[0.635s] -- Installing: /home/jashwanth/arduinobot_ws/install/arduinobot_remote/share/arduinobot_remote/environment/path.dsv
[0.635s] -- Installing: /home/jashwanth/arduinobot_ws/install/arduinobot_remote/share/arduinobot_remote/local_setup.bash
[0.635s] -- Installing: /home/jashwanth/arduinobot_ws/install/arduinobot_remote/share/arduinobot_remote/local_setup.sh
[0.635s] -- Installing: /home/jashwanth/arduinobot_ws/install/arduinobot_remote/share/arduinobot_remote/local_setup.zsh
[0.635s] -- Installing: /home/jashwanth/arduinobot_ws/install/arduinobot_remote/share/arduinobot_remote/local_setup.dsv
[0.635s] -- Installing: /home/jashwanth/arduinobot_ws/install/arduinobot_remote/share/arduinobot_remote/package.dsv
[0.635s] -- Installing: /home/jashwanth/arduinobot_ws/install/arduinobot_remote/share/ament_index/resource_index/packages/arduinobot_remote
[0.636s] -- Installing: /home/jashwanth/arduinobot_ws/install/arduinobot_remote/share/arduinobot_remote/cmake/arduinobot_remoteConfig.cmake
[0.636s] -- Installing: /home/jashwanth/arduinobot_ws/install/arduinobot_remote/share/arduinobot_remote/cmake/arduinobot_remoteConfig-version.cmake
[0.636s] -- Installing: /home/jashwanth/arduinobot_ws/install/arduinobot_remote/share/arduinobot_remote/package.xml
[0.637s] Invoked command in '/home/jashwanth/arduinobot_ws/build/arduinobot_remote' returned '0': CMAKE_PREFIX_PATH=${CMAKE_PREFIX_PATH}:/opt/ros/jazzy DEBUGINFOD_URLS=https://debuginfod.ubuntu.com /usr/bin/cmake --install /home/jashwanth/arduinobot_ws/build/arduinobot_remote
