[0.007s] Invoking command in '/home/jashwanth/arduinobot_ws/build/arduinobot_remote': CMAKE_PREFIX_PATH=${CMAKE_PREFIX_PATH}:/opt/ros/jazzy DEBUGINFOD_URLS=https://debuginfod.ubuntu.com /usr/bin/cmake --build /home/jashwanth/arduinobot_ws/build/arduinobot_remote -- -j20 -l20
[0.039s] Invoked command in '/home/jashwanth/arduinobot_ws/build/arduinobot_remote' returned '0': CMAKE_PREFIX_PATH=${CMAKE_PREFIX_PATH}:/opt/ros/jazzy DEBUGINFOD_URLS=https://debuginfod.ubuntu.com /usr/bin/cmake --build /home/jashwanth/arduinobot_ws/build/arduinobot_remote -- -j20 -l20
[0.040s] Invoking command in '/home/jashwanth/arduinobot_ws/build/arduinobot_remote': CMAKE_PREFIX_PATH=${CMAKE_PREFIX_PATH}:/opt/ros/jazzy DEBUGINFOD_URLS=https://debuginfod.ubuntu.com /usr/bin/cmake --install /home/jashwanth/arduinobot_ws/build/arduinobot_remote
[0.045s] -- Install configuration: ""
[0.045s] -- Up-to-date: /home/jashwanth/arduinobot_ws/install/arduinobot_remote/share/ament_index/resource_index/package_run_dependencies/arduinobot_remote
[0.045s] -- Up-to-date: /home/jashwanth/arduinobot_ws/install/arduinobot_remote/share/ament_index/resource_index/parent_prefix_path/arduinobot_remote
[0.045s] -- Up-to-date: /home/jashwanth/arduinobot_ws/install/arduinobot_remote/share/arduinobot_remote/environment/ament_prefix_path.sh
[0.046s] -- Up-to-date: /home/jashwanth/arduinobot_ws/install/arduinobot_remote/share/arduinobot_remote/environment/ament_prefix_path.dsv
[0.046s] -- Up-to-date: /home/jashwanth/arduinobot_ws/install/arduinobot_remote/share/arduinobot_remote/environment/path.sh
[0.046s] -- Up-to-date: /home/jashwanth/arduinobot_ws/install/arduinobot_remote/share/arduinobot_remote/environment/path.dsv
[0.046s] -- Up-to-date: /home/jashwanth/arduinobot_ws/install/arduinobot_remote/share/arduinobot_remote/local_setup.bash
[0.046s] -- Up-to-date: /home/jashwanth/arduinobot_ws/install/arduinobot_remote/share/arduinobot_remote/local_setup.sh
[0.046s] -- Up-to-date: /home/jashwanth/arduinobot_ws/install/arduinobot_remote/share/arduinobot_remote/local_setup.zsh
[0.046s] -- Up-to-date: /home/jashwanth/arduinobot_ws/install/arduinobot_remote/share/arduinobot_remote/local_setup.dsv
[0.046s] -- Up-to-date: /home/jashwanth/arduinobot_ws/install/arduinobot_remote/share/arduinobot_remote/package.dsv
[0.046s] -- Up-to-date: /home/jashwanth/arduinobot_ws/install/arduinobot_remote/share/ament_index/resource_index/packages/arduinobot_remote
[0.046s] -- Up-to-date: /home/jashwanth/arduinobot_ws/install/arduinobot_remote/share/arduinobot_remote/cmake/arduinobot_remoteConfig.cmake
[0.046s] -- Up-to-date: /home/jashwanth/arduinobot_ws/install/arduinobot_remote/share/arduinobot_remote/cmake/arduinobot_remoteConfig-version.cmake
[0.046s] -- Up-to-date: /home/jashwanth/arduinobot_ws/install/arduinobot_remote/share/arduinobot_remote/package.xml
[0.047s] Invoked command in '/home/jashwanth/arduinobot_ws/build/arduinobot_remote' returned '0': CMAKE_PREFIX_PATH=${CMAKE_PREFIX_PATH}:/opt/ros/jazzy DEBUGINFOD_URLS=https://debuginfod.ubuntu.com /usr/bin/cmake --install /home/jashwanth/arduinobot_ws/build/arduinobot_remote
