[0.006s] Invoking command in '/home/jashwanth/arduinobot_ws/build/arduinobot_description': CMAKE_PREFIX_PATH=${CMAKE_PREFIX_PATH}:/home/jashwanth/arduinobot_ws/install/object_detection:/home/jashwanth/arduinobot_ws/install/arduinobot_py_examples:/opt/ros/jazzy DEBUGINFOD_URLS=https://debuginfod.ubuntu.com /usr/bin/cmake /home/jashwanth/arduinobot_ws/src/arduinobot_description -DCMAKE_INSTALL_PREFIX=/home/jashwanth/arduinobot_ws/install/arduinobot_description
[0.148s] -- The C compiler identification is GNU 13.3.0
[0.227s] -- The CXX compiler identification is GNU 13.3.0
[0.241s] -- Detecting C compiler ABI info
[0.307s] -- Detecting C compiler ABI info - done
[0.316s] -- Check for working C compiler: /usr/bin/cc - skipped
[0.317s] -- Detecting C compile features
[0.318s] -- Detecting C compile features - done
[0.326s] -- Detecting CXX compiler ABI info
[0.403s] -- Detecting CXX compiler ABI info - done
[0.410s] -- Check for working CXX compiler: /usr/bin/c++ - skipped
[0.410s] -- Detecting CXX compile features
[0.411s] -- Detecting CXX compile features - done
[0.419s] -- Found ament_cmake: 2.5.4 (/opt/ros/jazzy/share/ament_cmake/cmake)
[0.537s] -- Found Python3: /usr/bin/python3 (found version "3.12.3") found components: Interpreter 
[0.622s] -- Found ament_lint_auto: 0.17.3 (/opt/ros/jazzy/share/ament_lint_auto/cmake)
[0.698s] -- Added test 'copyright' to check source files copyright and LICENSE
[0.700s] -- Added test 'flake8' to check Python code syntax and style conventions
[0.700s] -- Configured 'flake8' exclude dirs and/or files: 
[0.701s] -- Added test 'lint_cmake' to check CMake code style
[0.702s] -- Added test 'pep257' to check Python code against some of the docstring style conventions in PEP 257
[0.703s] -- Added test 'xmllint' to check XML markup files
[0.704s] -- Configuring done (0.7s)
[0.706s] -- Generating done (0.0s)
[0.707s] -- Build files have been written to: /home/jashwanth/arduinobot_ws/build/arduinobot_description
[0.711s] Invoked command in '/home/jashwanth/arduinobot_ws/build/arduinobot_description' returned '0': CMAKE_PREFIX_PATH=${CMAKE_PREFIX_PATH}:/home/jashwanth/arduinobot_ws/install/object_detection:/home/jashwanth/arduinobot_ws/install/arduinobot_py_examples:/opt/ros/jazzy DEBUGINFOD_URLS=https://debuginfod.ubuntu.com /usr/bin/cmake /home/jashwanth/arduinobot_ws/src/arduinobot_description -DCMAKE_INSTALL_PREFIX=/home/jashwanth/arduinobot_ws/install/arduinobot_description
[0.713s] Invoking command in '/home/jashwanth/arduinobot_ws/build/arduinobot_description': CMAKE_PREFIX_PATH=${CMAKE_PREFIX_PATH}:/home/jashwanth/arduinobot_ws/install/object_detection:/home/jashwanth/arduinobot_ws/install/arduinobot_py_examples:/opt/ros/jazzy DEBUGINFOD_URLS=https://debuginfod.ubuntu.com /usr/bin/cmake --build /home/jashwanth/arduinobot_ws/build/arduinobot_description -- -j20 -l20
[0.748s] Invoked command in '/home/jashwanth/arduinobot_ws/build/arduinobot_description' returned '0': CMAKE_PREFIX_PATH=${CMAKE_PREFIX_PATH}:/home/jashwanth/arduinobot_ws/install/object_detection:/home/jashwanth/arduinobot_ws/install/arduinobot_py_examples:/opt/ros/jazzy DEBUGINFOD_URLS=https://debuginfod.ubuntu.com /usr/bin/cmake --build /home/jashwanth/arduinobot_ws/build/arduinobot_description -- -j20 -l20
[0.757s] Invoking command in '/home/jashwanth/arduinobot_ws/build/arduinobot_description': CMAKE_PREFIX_PATH=${CMAKE_PREFIX_PATH}:/home/jashwanth/arduinobot_ws/install/object_detection:/home/jashwanth/arduinobot_ws/install/arduinobot_py_examples:/opt/ros/jazzy DEBUGINFOD_URLS=https://debuginfod.ubuntu.com /usr/bin/cmake --install /home/jashwanth/arduinobot_ws/build/arduinobot_description
[0.764s] -- Install configuration: ""
[0.764s] -- Installing: /home/jashwanth/arduinobot_ws/install/arduinobot_description/share/arduinobot_description/launch
[0.764s] -- Installing: /home/jashwanth/arduinobot_ws/install/arduinobot_description/share/arduinobot_description/launch/gazebo.launch.py
[0.765s] -- Installing: /home/jashwanth/arduinobot_ws/install/arduinobot_description/share/arduinobot_description/launch/display.launch.py
[0.765s] -- Installing: /home/jashwanth/arduinobot_ws/install/arduinobot_description/share/arduinobot_description/meshes
[0.765s] -- Installing: /home/jashwanth/arduinobot_ws/install/arduinobot_description/share/arduinobot_description/meshes/basement.STL
[0.765s] -- Installing: /home/jashwanth/arduinobot_ws/install/arduinobot_description/share/arduinobot_description/meshes/servo_plate.STL
[0.766s] -- Installing: /home/jashwanth/arduinobot_ws/install/arduinobot_description/share/arduinobot_description/meshes/base_plate.STL
[0.769s] -- Installing: /home/jashwanth/arduinobot_ws/install/arduinobot_description/share/arduinobot_description/meshes/forward_drive_arm.STL
[0.770s] -- Installing: /home/jashwanth/arduinobot_ws/install/arduinobot_description/share/arduinobot_description/meshes/round_plate.STL
[0.771s] -- Installing: /home/jashwanth/arduinobot_ws/install/arduinobot_description/share/arduinobot_description/meshes/left_finger.STL
[0.772s] -- Installing: /home/jashwanth/arduinobot_ws/install/arduinobot_description/share/arduinobot_description/meshes/pi_camera.STL
[0.772s] -- Installing: /home/jashwanth/arduinobot_ws/install/arduinobot_description/share/arduinobot_description/meshes/horizontal_arm.STL
[0.774s] -- Installing: /home/jashwanth/arduinobot_ws/install/arduinobot_description/share/arduinobot_description/meshes/right_finger.STL
[0.774s] -- Installing: /home/jashwanth/arduinobot_ws/install/arduinobot_description/share/arduinobot_description/meshes/claw_support.STL
[0.774s] -- Installing: /home/jashwanth/arduinobot_ws/install/arduinobot_description/share/arduinobot_description/meshes/plate.STL
[0.779s] -- Installing: /home/jashwanth/arduinobot_ws/install/arduinobot_description/share/arduinobot_description/meshes/triangular_link.STL
[0.781s] -- Installing: /home/jashwanth/arduinobot_ws/install/arduinobot_description/share/arduinobot_description/meshes/link.STL
[0.783s] -- Installing: /home/jashwanth/arduinobot_ws/install/arduinobot_description/share/arduinobot_description/meshes/vertical_drive_arm.STL
[0.785s] -- Installing: /home/jashwanth/arduinobot_ws/install/arduinobot_description/share/arduinobot_description/urdf
[0.785s] -- Installing: /home/jashwanth/arduinobot_ws/install/arduinobot_description/share/arduinobot_description/urdf/arduinobot_gazebo.xacro
[0.785s] -- Installing: /home/jashwanth/arduinobot_ws/install/arduinobot_description/share/arduinobot_description/urdf/arduinobot.urdf.xacro
[0.785s] -- Installing: /home/jashwanth/arduinobot_ws/install/arduinobot_description/share/arduinobot_description/urdf/arduinobot_ros2_control.xacro
[0.785s] -- Installing: /home/jashwanth/arduinobot_ws/install/arduinobot_description/share/arduinobot_description/rviz
[0.785s] -- Installing: /home/jashwanth/arduinobot_ws/install/arduinobot_description/share/arduinobot_description/rviz/display.rviz
[0.785s] -- Installing: /home/jashwanth/arduinobot_ws/install/arduinobot_description/share/arduinobot_description/worlds
[0.785s] -- Installing: /home/jashwanth/arduinobot_ws/install/arduinobot_description/share/arduinobot_description/worlds/pick_and_place.sdf
[0.786s] -- Installing: /home/jashwanth/arduinobot_ws/install/arduinobot_description/share/ament_index/resource_index/package_run_dependencies/arduinobot_description
[0.786s] -- Installing: /home/jashwanth/arduinobot_ws/install/arduinobot_description/share/ament_index/resource_index/parent_prefix_path/arduinobot_description
[0.786s] -- Installing: /home/jashwanth/arduinobot_ws/install/arduinobot_description/share/arduinobot_description/environment/ament_prefix_path.sh
[0.786s] -- Installing: /home/jashwanth/arduinobot_ws/install/arduinobot_description/share/arduinobot_description/environment/ament_prefix_path.dsv
[0.786s] -- Installing: /home/jashwanth/arduinobot_ws/install/arduinobot_description/share/arduinobot_description/environment/path.sh
[0.786s] -- Installing: /home/jashwanth/arduinobot_ws/install/arduinobot_description/share/arduinobot_description/environment/path.dsv
[0.786s] -- Installing: /home/jashwanth/arduinobot_ws/install/arduinobot_description/share/arduinobot_description/local_setup.bash
[0.786s] -- Installing: /home/jashwanth/arduinobot_ws/install/arduinobot_description/share/arduinobot_description/local_setup.sh
[0.787s] -- Installing: /home/jashwanth/arduinobot_ws/install/arduinobot_description/share/arduinobot_description/local_setup.zsh
[0.787s] -- Installing: /home/jashwanth/arduinobot_ws/install/arduinobot_description/share/arduinobot_description/local_setup.dsv
[0.787s] -- Installing: /home/jashwanth/arduinobot_ws/install/arduinobot_description/share/arduinobot_description/package.dsv
[0.787s] -- Installing: /home/jashwanth/arduinobot_ws/install/arduinobot_description/share/ament_index/resource_index/packages/arduinobot_description
[0.787s] -- Installing: /home/jashwanth/arduinobot_ws/install/arduinobot_description/share/arduinobot_description/cmake/arduinobot_descriptionConfig.cmake
[0.787s] -- Installing: /home/jashwanth/arduinobot_ws/install/arduinobot_description/share/arduinobot_description/cmake/arduinobot_descriptionConfig-version.cmake
[0.787s] -- Installing: /home/jashwanth/arduinobot_ws/install/arduinobot_description/share/arduinobot_description/package.xml
[0.789s] Invoked command in '/home/jashwanth/arduinobot_ws/build/arduinobot_description' returned '0': CMAKE_PREFIX_PATH=${CMAKE_PREFIX_PATH}:/home/jashwanth/arduinobot_ws/install/object_detection:/home/jashwanth/arduinobot_ws/install/arduinobot_py_examples:/opt/ros/jazzy DEBUGINFOD_URLS=https://debuginfod.ubuntu.com /usr/bin/cmake --install /home/jashwanth/arduinobot_ws/build/arduinobot_description
