[0.673s] Invoking command in '/home/jashwanth/arduinobot_ws/src/arduinobot_py_examples': AMENT_PREFIX_PATH=/home/jashwanth/arduinobot_ws/install/arduinobot_msgs:${AMENT_PREFIX_PATH} CMAKE_PREFIX_PATH=/home/jashwanth/arduinobot_ws/install/arduinobot_msgs:${CMAKE_PREFIX_PATH} DEBUGINFOD_URLS=https://debuginfod.ubuntu.com LD_LIBRARY_PATH=/home/jashwanth/arduinobot_ws/install/arduinobot_msgs/lib:${LD_LIBRARY_PATH} PYTHONPATH=/home/jashwanth/arduinobot_ws/build/arduinobot_py_examples/prefix_override:/usr/lib/python3/dist-packages/colcon_core/task/python/colcon_distutils_commands:/home/jashwanth/arduinobot_ws/install/arduinobot_py_examples/lib/python3.12/site-packages:/home/jashwanth/arduinobot_ws/install/arduinobot_msgs/lib/python3.12/site-packages:${PYTHONPATH} /usr/bin/python3 -W ignore:setup.py install is deprecated -W ignore:easy_install command is deprecated setup.py egg_info --egg-base ../../build/arduinobot_py_examples build --build-base /home/jashwanth/arduinobot_ws/build/arduinobot_py_examples/build install --record /home/jashwanth/arduinobot_ws/build/arduinobot_py_examples/install.log --single-version-externally-managed install_data
[0.877s] running egg_info
[0.888s] writing ../../build/arduinobot_py_examples/arduinobot_py_examples.egg-info/PKG-INFO
[0.889s] writing dependency_links to ../../build/arduinobot_py_examples/arduinobot_py_examples.egg-info/dependency_links.txt
[0.889s] writing entry points to ../../build/arduinobot_py_examples/arduinobot_py_examples.egg-info/entry_points.txt
[0.889s] writing requirements to ../../build/arduinobot_py_examples/arduinobot_py_examples.egg-info/requires.txt
[0.889s] writing top-level names to ../../build/arduinobot_py_examples/arduinobot_py_examples.egg-info/top_level.txt
[0.914s] reading manifest file '../../build/arduinobot_py_examples/arduinobot_py_examples.egg-info/SOURCES.txt'
[0.914s] writing manifest file '../../build/arduinobot_py_examples/arduinobot_py_examples.egg-info/SOURCES.txt'
[0.914s] running build
[0.914s] running build_py
[0.914s] copying arduinobot_py_examples/simple_action_server.py -> /home/jashwanth/arduinobot_ws/build/arduinobot_py_examples/build/lib/arduinobot_py_examples
[0.914s] running install
[0.918s] running install_lib
[0.930s] copying /home/jashwanth/arduinobot_ws/build/arduinobot_py_examples/build/lib/arduinobot_py_examples/simple_action_server.py -> /home/jashwanth/arduinobot_ws/install/arduinobot_py_examples/lib/python3.12/site-packages/arduinobot_py_examples
[0.930s] byte-compiling /home/jashwanth/arduinobot_ws/install/arduinobot_py_examples/lib/python3.12/site-packages/arduinobot_py_examples/simple_action_server.py to simple_action_server.cpython-312.pyc
[0.931s] running install_data
[0.931s] running install_egg_info
[0.944s] removing '/home/jashwanth/arduinobot_ws/install/arduinobot_py_examples/lib/python3.12/site-packages/arduinobot_py_examples-0.0.0-py3.12.egg-info' (and everything under it)
[0.944s] Copying ../../build/arduinobot_py_examples/arduinobot_py_examples.egg-info to /home/jashwanth/arduinobot_ws/install/arduinobot_py_examples/lib/python3.12/site-packages/arduinobot_py_examples-0.0.0-py3.12.egg-info
[0.944s] running install_scripts
[1.027s] Installing simple_parameter script to /home/jashwanth/arduinobot_ws/install/arduinobot_py_examples/lib/arduinobot_py_examples
[1.027s] Installing simple_publisher script to /home/jashwanth/arduinobot_ws/install/arduinobot_py_examples/lib/arduinobot_py_examples
[1.027s] Installing simple_service_client script to /home/jashwanth/arduinobot_ws/install/arduinobot_py_examples/lib/arduinobot_py_examples
[1.027s] Installing simple_service_server script to /home/jashwanth/arduinobot_ws/install/arduinobot_py_examples/lib/arduinobot_py_examples
[1.027s] Installing simple_subscriber script to /home/jashwanth/arduinobot_ws/install/arduinobot_py_examples/lib/arduinobot_py_examples
[1.027s] writing list of installed files to '/home/jashwanth/arduinobot_ws/build/arduinobot_py_examples/install.log'
[1.046s] Invoked command in '/home/jashwanth/arduinobot_ws/src/arduinobot_py_examples' returned '0': AMENT_PREFIX_PATH=/home/jashwanth/arduinobot_ws/install/arduinobot_msgs:${AMENT_PREFIX_PATH} CMAKE_PREFIX_PATH=/home/jashwanth/arduinobot_ws/install/arduinobot_msgs:${CMAKE_PREFIX_PATH} DEBUGINFOD_URLS=https://debuginfod.ubuntu.com LD_LIBRARY_PATH=/home/jashwanth/arduinobot_ws/install/arduinobot_msgs/lib:${LD_LIBRARY_PATH} PYTHONPATH=/home/jashwanth/arduinobot_ws/build/arduinobot_py_examples/prefix_override:/usr/lib/python3/dist-packages/colcon_core/task/python/colcon_distutils_commands:/home/jashwanth/arduinobot_ws/install/arduinobot_py_examples/lib/python3.12/site-packages:/home/jashwanth/arduinobot_ws/install/arduinobot_msgs/lib/python3.12/site-packages:${PYTHONPATH} /usr/bin/python3 -W ignore:setup.py install is deprecated -W ignore:easy_install command is deprecated setup.py egg_info --egg-base ../../build/arduinobot_py_examples build --build-base /home/jashwanth/arduinobot_ws/build/arduinobot_py_examples/build install --record /home/jashwanth/arduinobot_ws/build/arduinobot_py_examples/install.log --single-version-externally-managed install_data
