[0.031s] Invoking command in '/home/jashwanth/arduinobot_ws/build/arduinobot_moveit': AMENT_PREFIX_PATH=/home/jashwanth/arduinobot_ws/install/arduinobot_description:${AMENT_PREFIX_PATH} CMAKE_PREFIX_PATH=/home/jashwanth/arduinobot_ws/install/arduinobot_description:/opt/ros/jazzy/opt/gz_launch_vendor:/opt/ros/jazzy/opt/gz_sim_vendor:/opt/ros/jazzy/opt/gz_sensors_vendor:/opt/ros/jazzy/opt/gz_physics_vendor:/opt/ros/jazzy/opt/sdformat_vendor:/opt/ros/jazzy/opt/gz_gui_vendor:/opt/ros/jazzy/opt/gz_transport_vendor:/opt/ros/jazzy/opt/gz_rendering_vendor:/opt/ros/jazzy/opt/gz_plugin_vendor:/opt/ros/jazzy/opt/gz_fuel_tools_vendor:/opt/ros/jazzy/opt/gz_msgs_vendor:/opt/ros/jazzy/opt/gz_common_vendor:/opt/ros/jazzy/opt/gz_math_vendor:/opt/ros/jazzy/opt/gz_utils_vendor:/opt/ros/jazzy/opt/gz_tools_vendor:/opt/ros/jazzy/opt/gz_ogre_next_vendor:/opt/ros/jazzy/opt/gz_dartsim_vendor:/opt/ros/jazzy/opt/gz_cmake_vendor:/opt/ros/jazzy DEBUGINFOD_URLS=https://debuginfod.ubuntu.com /usr/bin/cmake /home/jashwanth/arduinobot_ws/src/arduinobot_moveit -DCMAKE_INSTALL_PREFIX=/home/jashwanth/arduinobot_ws/install/arduinobot_moveit
[0.039s] -- Found ament_cmake: 2.5.4 (/opt/ros/jazzy/share/ament_cmake/cmake)
[0.197s] -- Override CMake install command with custom implementation using symlinks instead of copying resources
[0.201s] -- Found ament_lint_auto: 0.17.3 (/opt/ros/jazzy/share/ament_lint_auto/cmake)
[0.273s] -- Added test 'copyright' to check source files copyright and LICENSE
[0.274s] -- Added test 'flake8' to check Python code syntax and style conventions
[0.274s] -- Configured 'flake8' exclude dirs and/or files: 
[0.274s] -- Added test 'lint_cmake' to check CMake code style
[0.274s] -- Added test 'pep257' to check Python code against some of the docstring style conventions in PEP 257
[0.275s] -- Added test 'xmllint' to check XML markup files
[0.275s] -- Configuring done (0.2s)
[0.277s] -- Generating done (0.0s)
[0.278s] -- Build files have been written to: /home/jashwanth/arduinobot_ws/build/arduinobot_moveit
[0.320s] Invoked command in '/home/jashwanth/arduinobot_ws/build/arduinobot_moveit' returned '0': AMENT_PREFIX_PATH=/home/jashwanth/arduinobot_ws/install/arduinobot_description:${AMENT_PREFIX_PATH} CMAKE_PREFIX_PATH=/home/jashwanth/arduinobot_ws/install/arduinobot_description:/opt/ros/jazzy/opt/gz_launch_vendor:/opt/ros/jazzy/opt/gz_sim_vendor:/opt/ros/jazzy/opt/gz_sensors_vendor:/opt/ros/jazzy/opt/gz_physics_vendor:/opt/ros/jazzy/opt/sdformat_vendor:/opt/ros/jazzy/opt/gz_gui_vendor:/opt/ros/jazzy/opt/gz_transport_vendor:/opt/ros/jazzy/opt/gz_rendering_vendor:/opt/ros/jazzy/opt/gz_plugin_vendor:/opt/ros/jazzy/opt/gz_fuel_tools_vendor:/opt/ros/jazzy/opt/gz_msgs_vendor:/opt/ros/jazzy/opt/gz_common_vendor:/opt/ros/jazzy/opt/gz_math_vendor:/opt/ros/jazzy/opt/gz_utils_vendor:/opt/ros/jazzy/opt/gz_tools_vendor:/opt/ros/jazzy/opt/gz_ogre_next_vendor:/opt/ros/jazzy/opt/gz_dartsim_vendor:/opt/ros/jazzy/opt/gz_cmake_vendor:/opt/ros/jazzy DEBUGINFOD_URLS=https://debuginfod.ubuntu.com /usr/bin/cmake /home/jashwanth/arduinobot_ws/src/arduinobot_moveit -DCMAKE_INSTALL_PREFIX=/home/jashwanth/arduinobot_ws/install/arduinobot_moveit
[0.321s] Invoking command in '/home/jashwanth/arduinobot_ws/build/arduinobot_moveit': AMENT_PREFIX_PATH=/home/jashwanth/arduinobot_ws/install/arduinobot_description:${AMENT_PREFIX_PATH} CMAKE_PREFIX_PATH=/home/jashwanth/arduinobot_ws/install/arduinobot_description:/opt/ros/jazzy/opt/gz_launch_vendor:/opt/ros/jazzy/opt/gz_sim_vendor:/opt/ros/jazzy/opt/gz_sensors_vendor:/opt/ros/jazzy/opt/gz_physics_vendor:/opt/ros/jazzy/opt/sdformat_vendor:/opt/ros/jazzy/opt/gz_gui_vendor:/opt/ros/jazzy/opt/gz_transport_vendor:/opt/ros/jazzy/opt/gz_rendering_vendor:/opt/ros/jazzy/opt/gz_plugin_vendor:/opt/ros/jazzy/opt/gz_fuel_tools_vendor:/opt/ros/jazzy/opt/gz_msgs_vendor:/opt/ros/jazzy/opt/gz_common_vendor:/opt/ros/jazzy/opt/gz_math_vendor:/opt/ros/jazzy/opt/gz_utils_vendor:/opt/ros/jazzy/opt/gz_tools_vendor:/opt/ros/jazzy/opt/gz_ogre_next_vendor:/opt/ros/jazzy/opt/gz_dartsim_vendor:/opt/ros/jazzy/opt/gz_cmake_vendor:/opt/ros/jazzy DEBUGINFOD_URLS=https://debuginfod.ubuntu.com /usr/bin/cmake --build /home/jashwanth/arduinobot_ws/build/arduinobot_moveit -- -j20 -l20
[0.347s] Invoked command in '/home/jashwanth/arduinobot_ws/build/arduinobot_moveit' returned '0': AMENT_PREFIX_PATH=/home/jashwanth/arduinobot_ws/install/arduinobot_description:${AMENT_PREFIX_PATH} CMAKE_PREFIX_PATH=/home/jashwanth/arduinobot_ws/install/arduinobot_description:/opt/ros/jazzy/opt/gz_launch_vendor:/opt/ros/jazzy/opt/gz_sim_vendor:/opt/ros/jazzy/opt/gz_sensors_vendor:/opt/ros/jazzy/opt/gz_physics_vendor:/opt/ros/jazzy/opt/sdformat_vendor:/opt/ros/jazzy/opt/gz_gui_vendor:/opt/ros/jazzy/opt/gz_transport_vendor:/opt/ros/jazzy/opt/gz_rendering_vendor:/opt/ros/jazzy/opt/gz_plugin_vendor:/opt/ros/jazzy/opt/gz_fuel_tools_vendor:/opt/ros/jazzy/opt/gz_msgs_vendor:/opt/ros/jazzy/opt/gz_common_vendor:/opt/ros/jazzy/opt/gz_math_vendor:/opt/ros/jazzy/opt/gz_utils_vendor:/opt/ros/jazzy/opt/gz_tools_vendor:/opt/ros/jazzy/opt/gz_ogre_next_vendor:/opt/ros/jazzy/opt/gz_dartsim_vendor:/opt/ros/jazzy/opt/gz_cmake_vendor:/opt/ros/jazzy DEBUGINFOD_URLS=https://debuginfod.ubuntu.com /usr/bin/cmake --build /home/jashwanth/arduinobot_ws/build/arduinobot_moveit -- -j20 -l20
[0.348s] Invoking command in '/home/jashwanth/arduinobot_ws/build/arduinobot_moveit': AMENT_PREFIX_PATH=/home/jashwanth/arduinobot_ws/install/arduinobot_description:${AMENT_PREFIX_PATH} CMAKE_PREFIX_PATH=/home/jashwanth/arduinobot_ws/install/arduinobot_description:/opt/ros/jazzy/opt/gz_launch_vendor:/opt/ros/jazzy/opt/gz_sim_vendor:/opt/ros/jazzy/opt/gz_sensors_vendor:/opt/ros/jazzy/opt/gz_physics_vendor:/opt/ros/jazzy/opt/sdformat_vendor:/opt/ros/jazzy/opt/gz_gui_vendor:/opt/ros/jazzy/opt/gz_transport_vendor:/opt/ros/jazzy/opt/gz_rendering_vendor:/opt/ros/jazzy/opt/gz_plugin_vendor:/opt/ros/jazzy/opt/gz_fuel_tools_vendor:/opt/ros/jazzy/opt/gz_msgs_vendor:/opt/ros/jazzy/opt/gz_common_vendor:/opt/ros/jazzy/opt/gz_math_vendor:/opt/ros/jazzy/opt/gz_utils_vendor:/opt/ros/jazzy/opt/gz_tools_vendor:/opt/ros/jazzy/opt/gz_ogre_next_vendor:/opt/ros/jazzy/opt/gz_dartsim_vendor:/opt/ros/jazzy/opt/gz_cmake_vendor:/opt/ros/jazzy DEBUGINFOD_URLS=https://debuginfod.ubuntu.com /usr/bin/cmake --install /home/jashwanth/arduinobot_ws/build/arduinobot_moveit
[0.356s] -- Install configuration: ""
[0.356s] -- Execute custom install script
[0.356s] -- Up-to-date symlink: /home/jashwanth/arduinobot_ws/install/arduinobot_moveit/share/arduinobot_moveit/launch/moveit.launch.py
[0.357s] -- Up-to-date symlink: /home/jashwanth/arduinobot_ws/install/arduinobot_moveit/share/arduinobot_moveit/config/arduinobot.srdf
[0.357s] -- Up-to-date symlink: /home/jashwanth/arduinobot_ws/install/arduinobot_moveit/share/arduinobot_moveit/config/initial_positions.yaml
[0.357s] -- Up-to-date symlink: /home/jashwanth/arduinobot_ws/install/arduinobot_moveit/share/arduinobot_moveit/config/joint_limits.yaml
[0.357s] -- Up-to-date symlink: /home/jashwanth/arduinobot_ws/install/arduinobot_moveit/share/arduinobot_moveit/config/kinematics.yaml
[0.357s] -- Up-to-date symlink: /home/jashwanth/arduinobot_ws/install/arduinobot_moveit/share/arduinobot_moveit/config/moveit.rviz
[0.357s] -- Up-to-date symlink: /home/jashwanth/arduinobot_ws/install/arduinobot_moveit/share/arduinobot_moveit/config/moveit_controllers.yaml
[0.357s] -- Up-to-date symlink: /home/jashwanth/arduinobot_ws/install/arduinobot_moveit/share/arduinobot_moveit/config/pilz_cartesian_limits.yaml
[0.357s] -- Up-to-date symlink: /home/jashwanth/arduinobot_ws/install/arduinobot_moveit/share/arduinobot_moveit/config/planning_python_api.yaml
[0.358s] -- Up-to-date symlink: /home/jashwanth/arduinobot_ws/install/arduinobot_moveit/share/ament_index/resource_index/package_run_dependencies/arduinobot_moveit
[0.358s] -- Up-to-date symlink: /home/jashwanth/arduinobot_ws/install/arduinobot_moveit/share/ament_index/resource_index/parent_prefix_path/arduinobot_moveit
[0.358s] -- Up-to-date symlink: /home/jashwanth/arduinobot_ws/install/arduinobot_moveit/share/arduinobot_moveit/environment/ament_prefix_path.sh
[0.358s] -- Up-to-date symlink: /home/jashwanth/arduinobot_ws/install/arduinobot_moveit/share/arduinobot_moveit/environment/ament_prefix_path.dsv
[0.358s] -- Up-to-date symlink: /home/jashwanth/arduinobot_ws/install/arduinobot_moveit/share/arduinobot_moveit/environment/path.sh
[0.358s] -- Up-to-date symlink: /home/jashwanth/arduinobot_ws/install/arduinobot_moveit/share/arduinobot_moveit/environment/path.dsv
[0.358s] -- Up-to-date symlink: /home/jashwanth/arduinobot_ws/install/arduinobot_moveit/share/arduinobot_moveit/local_setup.bash
[0.359s] -- Up-to-date symlink: /home/jashwanth/arduinobot_ws/install/arduinobot_moveit/share/arduinobot_moveit/local_setup.sh
[0.359s] -- Up-to-date symlink: /home/jashwanth/arduinobot_ws/install/arduinobot_moveit/share/arduinobot_moveit/local_setup.zsh
[0.359s] -- Up-to-date symlink: /home/jashwanth/arduinobot_ws/install/arduinobot_moveit/share/arduinobot_moveit/local_setup.dsv
[0.359s] -- Symlinking: /home/jashwanth/arduinobot_ws/install/arduinobot_moveit/share/arduinobot_moveit/package.dsv
[0.368s] -- Up-to-date symlink: /home/jashwanth/arduinobot_ws/install/arduinobot_moveit/share/ament_index/resource_index/packages/arduinobot_moveit
[0.369s] -- Up-to-date symlink: /home/jashwanth/arduinobot_ws/install/arduinobot_moveit/share/arduinobot_moveit/cmake/arduinobot_moveitConfig.cmake
[0.369s] -- Up-to-date symlink: /home/jashwanth/arduinobot_ws/install/arduinobot_moveit/share/arduinobot_moveit/cmake/arduinobot_moveitConfig-version.cmake
[0.370s] -- Up-to-date symlink: /home/jashwanth/arduinobot_ws/install/arduinobot_moveit/share/arduinobot_moveit/package.xml
[0.372s] Invoked command in '/home/jashwanth/arduinobot_ws/build/arduinobot_moveit' returned '0': AMENT_PREFIX_PATH=/home/jashwanth/arduinobot_ws/install/arduinobot_description:${AMENT_PREFIX_PATH} CMAKE_PREFIX_PATH=/home/jashwanth/arduinobot_ws/install/arduinobot_description:/opt/ros/jazzy/opt/gz_launch_vendor:/opt/ros/jazzy/opt/gz_sim_vendor:/opt/ros/jazzy/opt/gz_sensors_vendor:/opt/ros/jazzy/opt/gz_physics_vendor:/opt/ros/jazzy/opt/sdformat_vendor:/opt/ros/jazzy/opt/gz_gui_vendor:/opt/ros/jazzy/opt/gz_transport_vendor:/opt/ros/jazzy/opt/gz_rendering_vendor:/opt/ros/jazzy/opt/gz_plugin_vendor:/opt/ros/jazzy/opt/gz_fuel_tools_vendor:/opt/ros/jazzy/opt/gz_msgs_vendor:/opt/ros/jazzy/opt/gz_common_vendor:/opt/ros/jazzy/opt/gz_math_vendor:/opt/ros/jazzy/opt/gz_utils_vendor:/opt/ros/jazzy/opt/gz_tools_vendor:/opt/ros/jazzy/opt/gz_ogre_next_vendor:/opt/ros/jazzy/opt/gz_dartsim_vendor:/opt/ros/jazzy/opt/gz_cmake_vendor:/opt/ros/jazzy DEBUGINFOD_URLS=https://debuginfod.ubuntu.com /usr/bin/cmake --install /home/jashwanth/arduinobot_ws/build/arduinobot_moveit
