[0.007s] Invoking command in '/home/jashwanth/arduinobot_ws/build/arduinobot_description': CMAKE_PREFIX_PATH=${CMAKE_PREFIX_PATH}:/opt/ros/jazzy DEBUGINFOD_URLS=https://debuginfod.ubuntu.com /usr/bin/cmake /home/jashwanth/arduinobot_ws/src/arduinobot_description -DCMAKE_INSTALL_PREFIX=/home/jashwanth/arduinobot_ws/install/arduinobot_description
[0.052s] -- The C compiler identification is GNU 13.3.0
[0.095s] -- The CXX compiler identification is GNU 13.3.0
[0.109s] -- Detecting C compiler ABI info
[0.184s] -- Detecting C compiler ABI info - done
[0.189s] -- Check for working C compiler: /usr/bin/cc - skipped
[0.189s] -- Detecting C compile features
[0.189s] -- Detecting C compile features - done
[0.197s] -- Detecting CXX compiler ABI info
[0.273s] -- Detecting CXX compiler ABI info - done
[0.279s] -- Check for working CXX compiler: /usr/bin/c++ - skipped
[0.279s] -- Detecting CXX compile features
[0.279s] -- Detecting CXX compile features - done
[0.282s] -- Found ament_cmake: 2.5.4 (/opt/ros/jazzy/share/ament_cmake/cmake)
[0.393s] -- Found Python3: /usr/bin/python3 (found version "3.12.3") found components: Interpreter 
[0.477s] -- Found ament_lint_auto: 0.17.3 (/opt/ros/jazzy/share/ament_lint_auto/cmake)
[0.565s] -- Added test 'copyright' to check source files copyright and LICENSE
[0.567s] -- Added test 'flake8' to check Python code syntax and style conventions
[0.567s] -- Configured 'flake8' exclude dirs and/or files: 
[0.567s] -- Added test 'lint_cmake' to check CMake code style
[0.568s] -- Added test 'pep257' to check Python code against some of the docstring style conventions in PEP 257
[0.569s] -- Added test 'xmllint' to check XML markup files
[0.570s] -- Configuring done (0.6s)
[0.571s] -- Generating done (0.0s)
[0.572s] -- Build files have been written to: /home/jashwanth/arduinobot_ws/build/arduinobot_description
[0.576s] Invoked command in '/home/jashwanth/arduinobot_ws/build/arduinobot_description' returned '0': CMAKE_PREFIX_PATH=${CMAKE_PREFIX_PATH}:/opt/ros/jazzy DEBUGINFOD_URLS=https://debuginfod.ubuntu.com /usr/bin/cmake /home/jashwanth/arduinobot_ws/src/arduinobot_description -DCMAKE_INSTALL_PREFIX=/home/jashwanth/arduinobot_ws/install/arduinobot_description
[0.577s] Invoking command in '/home/jashwanth/arduinobot_ws/build/arduinobot_description': CMAKE_PREFIX_PATH=${CMAKE_PREFIX_PATH}:/opt/ros/jazzy DEBUGINFOD_URLS=https://debuginfod.ubuntu.com /usr/bin/cmake --build /home/jashwanth/arduinobot_ws/build/arduinobot_description -- -j20 -l20
[0.611s] Invoked command in '/home/jashwanth/arduinobot_ws/build/arduinobot_description' returned '0': CMAKE_PREFIX_PATH=${CMAKE_PREFIX_PATH}:/opt/ros/jazzy DEBUGINFOD_URLS=https://debuginfod.ubuntu.com /usr/bin/cmake --build /home/jashwanth/arduinobot_ws/build/arduinobot_description -- -j20 -l20
[0.620s] Invoking command in '/home/jashwanth/arduinobot_ws/build/arduinobot_description': CMAKE_PREFIX_PATH=${CMAKE_PREFIX_PATH}:/opt/ros/jazzy DEBUGINFOD_URLS=https://debuginfod.ubuntu.com /usr/bin/cmake --install /home/jashwanth/arduinobot_ws/build/arduinobot_description
[0.627s] -- Install configuration: ""
[0.627s] -- Installing: /home/jashwanth/arduinobot_ws/install/arduinobot_description/share/arduinobot_description/launch
[0.628s] -- Installing: /home/jashwanth/arduinobot_ws/install/arduinobot_description/share/arduinobot_description/launch/gazebo.launch.py
[0.628s] -- Installing: /home/jashwanth/arduinobot_ws/install/arduinobot_description/share/arduinobot_description/launch/display.launch.py
[0.628s] -- Installing: /home/jashwanth/arduinobot_ws/install/arduinobot_description/share/arduinobot_description/meshes
[0.628s] -- Installing: /home/jashwanth/arduinobot_ws/install/arduinobot_description/share/arduinobot_description/meshes/basement.STL
[0.632s] -- Installing: /home/jashwanth/arduinobot_ws/install/arduinobot_description/share/arduinobot_description/meshes/servo_plate.STL
[0.632s] -- Installing: /home/jashwanth/arduinobot_ws/install/arduinobot_description/share/arduinobot_description/meshes/base_plate.STL
[0.636s] -- Installing: /home/jashwanth/arduinobot_ws/install/arduinobot_description/share/arduinobot_description/meshes/forward_drive_arm.STL
[0.639s] -- Installing: /home/jashwanth/arduinobot_ws/install/arduinobot_description/share/arduinobot_description/meshes/round_plate.STL
[0.640s] -- Installing: /home/jashwanth/arduinobot_ws/install/arduinobot_description/share/arduinobot_description/meshes/left_finger.STL
[0.641s] -- Installing: /home/jashwanth/arduinobot_ws/install/arduinobot_description/share/arduinobot_description/meshes/pi_camera.STL
[0.641s] -- Installing: /home/jashwanth/arduinobot_ws/install/arduinobot_description/share/arduinobot_description/meshes/horizontal_arm.STL
[0.644s] -- Installing: /home/jashwanth/arduinobot_ws/install/arduinobot_description/share/arduinobot_description/meshes/right_finger.STL
[0.644s] -- Installing: /home/jashwanth/arduinobot_ws/install/arduinobot_description/share/arduinobot_description/meshes/claw_support.STL
[0.646s] -- Installing: /home/jashwanth/arduinobot_ws/install/arduinobot_description/share/arduinobot_description/meshes/plate.STL
[0.650s] -- Installing: /home/jashwanth/arduinobot_ws/install/arduinobot_description/share/arduinobot_description/meshes/triangular_link.STL
[0.651s] -- Installing: /home/jashwanth/arduinobot_ws/install/arduinobot_description/share/arduinobot_description/meshes/link.STL
[0.652s] -- Installing: /home/jashwanth/arduinobot_ws/install/arduinobot_description/share/arduinobot_description/meshes/vertical_drive_arm.STL
[0.654s] -- Installing: /home/jashwanth/arduinobot_ws/install/arduinobot_description/share/arduinobot_description/urdf
[0.654s] -- Installing: /home/jashwanth/arduinobot_ws/install/arduinobot_description/share/arduinobot_description/urdf/arduinobot_gazebo.xacro
[0.654s] -- Installing: /home/jashwanth/arduinobot_ws/install/arduinobot_description/share/arduinobot_description/urdf/arduinobot.urdf.xacro
[0.654s] -- Installing: /home/jashwanth/arduinobot_ws/install/arduinobot_description/share/arduinobot_description/urdf/arduinobot_ros2_control.xacro
[0.654s] -- Installing: /home/jashwanth/arduinobot_ws/install/arduinobot_description/share/arduinobot_description/rviz
[0.654s] -- Installing: /home/jashwanth/arduinobot_ws/install/arduinobot_description/share/arduinobot_description/rviz/display.rviz
[0.654s] -- Installing: /home/jashwanth/arduinobot_ws/install/arduinobot_description/share/arduinobot_description/worlds
[0.654s] -- Installing: /home/jashwanth/arduinobot_ws/install/arduinobot_description/share/arduinobot_description/worlds/pick_and_place.sdf
[0.655s] -- Installing: /home/jashwanth/arduinobot_ws/install/arduinobot_description/share/ament_index/resource_index/package_run_dependencies/arduinobot_description
[0.655s] -- Installing: /home/jashwanth/arduinobot_ws/install/arduinobot_description/share/ament_index/resource_index/parent_prefix_path/arduinobot_description
[0.655s] -- Installing: /home/jashwanth/arduinobot_ws/install/arduinobot_description/share/arduinobot_description/environment/ament_prefix_path.sh
[0.655s] -- Installing: /home/jashwanth/arduinobot_ws/install/arduinobot_description/share/arduinobot_description/environment/ament_prefix_path.dsv
[0.655s] -- Installing: /home/jashwanth/arduinobot_ws/install/arduinobot_description/share/arduinobot_description/environment/path.sh
[0.655s] -- Installing: /home/jashwanth/arduinobot_ws/install/arduinobot_description/share/arduinobot_description/environment/path.dsv
[0.655s] -- Installing: /home/jashwanth/arduinobot_ws/install/arduinobot_description/share/arduinobot_description/local_setup.bash
[0.655s] -- Installing: /home/jashwanth/arduinobot_ws/install/arduinobot_description/share/arduinobot_description/local_setup.sh
[0.655s] -- Installing: /home/jashwanth/arduinobot_ws/install/arduinobot_description/share/arduinobot_description/local_setup.zsh
[0.655s] -- Installing: /home/jashwanth/arduinobot_ws/install/arduinobot_description/share/arduinobot_description/local_setup.dsv
[0.655s] -- Installing: /home/jashwanth/arduinobot_ws/install/arduinobot_description/share/arduinobot_description/package.dsv
[0.655s] -- Installing: /home/jashwanth/arduinobot_ws/install/arduinobot_description/share/ament_index/resource_index/packages/arduinobot_description
[0.655s] -- Installing: /home/jashwanth/arduinobot_ws/install/arduinobot_description/share/arduinobot_description/cmake/arduinobot_descriptionConfig.cmake
[0.655s] -- Installing: /home/jashwanth/arduinobot_ws/install/arduinobot_description/share/arduinobot_description/cmake/arduinobot_descriptionConfig-version.cmake
[0.656s] -- Installing: /home/jashwanth/arduinobot_ws/install/arduinobot_description/share/arduinobot_description/package.xml
[0.657s] Invoked command in '/home/jashwanth/arduinobot_ws/build/arduinobot_description' returned '0': CMAKE_PREFIX_PATH=${CMAKE_PREFIX_PATH}:/opt/ros/jazzy DEBUGINFOD_URLS=https://debuginfod.ubuntu.com /usr/bin/cmake --install /home/jashwanth/arduinobot_ws/build/arduinobot_description
