[0.007s] Invoking command in '/home/jashwanth/arduinobot_ws/build/arduinobot_msgs': CMAKE_PREFIX_PATH=${CMAKE_PREFIX_PATH}:/opt/ros/jazzy DEBUGINFOD_URLS=https://debuginfod.ubuntu.com /usr/bin/cmake --build /home/jashwanth/arduinobot_ws/build/arduinobot_msgs -- -j20 -l20
[0.043s] -- Found ament_cmake: 2.5.4 (/opt/ros/jazzy/share/ament_cmake/cmake)
[0.067s] -- Found Python3: /usr/bin/python3 (found version "3.12.3") found components: Interpreter 
[0.117s] -- Override CMake install command with custom implementation using symlinks instead of copying resources
[0.129s] -- Found std_msgs: 5.3.6 (/opt/ros/jazzy/share/std_msgs/cmake)
[0.155s] -- Found rosidl_generator_c: 4.6.6 (/opt/ros/jazzy/share/rosidl_generator_c/cmake)
[0.163s] -- Found rosidl_generator_cpp: 4.6.6 (/opt/ros/jazzy/share/rosidl_generator_cpp/cmake)
[0.174s] -- Using all available rosidl_typesupport_c: rosidl_typesupport_fastrtps_c;rosidl_typesupport_introspection_c
[0.183s] -- Using all available rosidl_typesupport_cpp: rosidl_typesupport_fastrtps_cpp;rosidl_typesupport_introspection_cpp
[0.202s] -- Found rosidl_default_generators: 1.6.0 (/opt/ros/jazzy/share/rosidl_default_generators/cmake)
[0.208s] -- Found rosidl_adapter: 4.6.6 (/opt/ros/jazzy/share/rosidl_adapter/cmake)
[0.210s] [31mCMake Error at /opt/ros/jazzy/share/rosidl_cmake/cmake/rosidl_generate_interfaces.cmake:95 (message):
[0.210s]   rosidl_generate_interfaces() the passed file 'action/Fibonacci.action'
[0.210s]   doesn't exist relative to the CMAKE_CURRENT_SOURCE_DIR
[0.210s]   '/home/jashwanth/arduinobot_ws/src/arduinobot_msgs'
[0.210s] Call Stack (most recent call first):
[0.210s]   CMakeLists.txt:12 (rosidl_generate_interfaces)
[0.210s] 
[0.210s] [0m
[0.210s] -- Configuring incomplete, errors occurred!
[0.213s] gmake: *** [Makefile:1355: cmake_check_build_system] Error 1
[0.215s] Invoked command in '/home/jashwanth/arduinobot_ws/build/arduinobot_msgs' returned '2': CMAKE_PREFIX_PATH=${CMAKE_PREFIX_PATH}:/opt/ros/jazzy DEBUGINFOD_URLS=https://debuginfod.ubuntu.com /usr/bin/cmake --build /home/jashwanth/arduinobot_ws/build/arduinobot_msgs -- -j20 -l20
