[0.007s] Invoking command in '/home/jashwanth/arduinobot_ws/build/arduinobot_msgs': CMAKE_PREFIX_PATH=${CMAKE_PREFIX_PATH}:/opt/ros/jazzy DEBUGINFOD_URLS=https://debuginfod.ubuntu.com /usr/bin/cmake --build /home/jashwanth/arduinobot_ws/build/arduinobot_msgs -- -j20 -l20
[0.025s] -- Found ament_cmake: 2.5.4 (/opt/ros/jazzy/share/ament_cmake/cmake)
[0.090s] -- Override CMake install command with custom implementation using symlinks instead of copying resources
[0.093s] -- Found std_msgs: 5.3.6 (/opt/ros/jazzy/share/std_msgs/cmake)
[0.109s] -- Found rosidl_generator_c: 4.6.6 (/opt/ros/jazzy/share/rosidl_generator_c/cmake)
[0.114s] -- Found rosidl_generator_cpp: 4.6.6 (/opt/ros/jazzy/share/rosidl_generator_cpp/cmake)
[0.126s] -- Using all available rosidl_typesupport_c: rosidl_typesupport_fastrtps_c;rosidl_typesupport_introspection_c
[0.128s] -- Using all available rosidl_typesupport_cpp: rosidl_typesupport_fastrtps_cpp;rosidl_typesupport_introspection_cpp
[0.143s] -- Found rosidl_default_generators: 1.6.0 (/opt/ros/jazzy/share/rosidl_default_generators/cmake)
[0.147s] -- Found rosidl_adapter: 4.6.6 (/opt/ros/jazzy/share/rosidl_adapter/cmake)
[0.364s] -- Found ament_cmake_ros: 0.12.0 (/opt/ros/jazzy/share/ament_cmake_ros/cmake)
[0.472s] -- Using all available rosidl_typesupport_c: rosidl_typesupport_fastrtps_c;rosidl_typesupport_introspection_c
[0.517s] -- Using all available rosidl_typesupport_cpp: rosidl_typesupport_fastrtps_cpp;rosidl_typesupport_introspection_cpp
[0.519s] -- Found python_cmake_module: 0.11.1 (/opt/ros/jazzy/share/python_cmake_module/cmake)
[0.756s] -- Found Python3: /usr/bin/python3 (found version "3.12.3") found components: Interpreter Development NumPy Development.Module Development.Embed 
[0.777s] -- Configuring done (0.8s)
[0.808s] -- Generating done (0.0s)
[0.816s] -- Build files have been written to: /home/jashwanth/arduinobot_ws/build/arduinobot_msgs
[0.842s] [  1%] [34m[1mGenerating type hashes for ROS interfaces[0m
[0.850s] [  1%] Built target ament_cmake_python_symlink_arduinobot_msgs
[0.976s] running egg_info
[0.987s] writing arduinobot_msgs.egg-info/PKG-INFO
[0.987s] writing dependency_links to arduinobot_msgs.egg-info/dependency_links.txt
[0.987s] writing top-level names to arduinobot_msgs.egg-info/top_level.txt
[1.021s] reading manifest file 'arduinobot_msgs.egg-info/SOURCES.txt'
[1.021s] [  1%] Built target arduinobot_msgs__rosidl_generator_type_description
[1.021s] writing manifest file 'arduinobot_msgs.egg-info/SOURCES.txt'
[1.029s] [  3%] [34m[1mGenerating C code for ROS interfaces[0m
[1.040s] [  4%] Built target ament_cmake_python_build_arduinobot_msgs_egg
[1.040s] [  4%] [34m[1mGenerating C++ code for ROS interfaces[0m
[1.390s] [  4%] Built target arduinobot_msgs__cpp
[1.425s] [  7%] [32mBuilding C object CMakeFiles/arduinobot_msgs__rosidl_generator_c.dir/rosidl_generator_c/arduinobot_msgs/srv/detail/add_two_ints__functions.c.o[0m
[1.425s] [  7%] [32mBuilding C object CMakeFiles/arduinobot_msgs__rosidl_generator_c.dir/rosidl_generator_c/arduinobot_msgs/srv/detail/add_two_ints__description.c.o[0m
[1.425s] [  9%] [32mBuilding C object CMakeFiles/arduinobot_msgs__rosidl_generator_c.dir/rosidl_generator_c/arduinobot_msgs/srv/detail/euler_to_quaternion__description.c.o[0m
[1.426s] [ 10%] [32mBuilding C object CMakeFiles/arduinobot_msgs__rosidl_generator_c.dir/rosidl_generator_c/arduinobot_msgs/srv/detail/quaternion_to_euler__functions.c.o[0m
[1.427s] [ 12%] [32mBuilding C object CMakeFiles/arduinobot_msgs__rosidl_generator_c.dir/rosidl_generator_c/arduinobot_msgs/action/detail/fibonacci__type_support.c.o[0m
[1.427s] [ 14%] [32mBuilding C object CMakeFiles/arduinobot_msgs__rosidl_generator_c.dir/rosidl_generator_c/arduinobot_msgs/srv/detail/add_two_ints__type_support.c.o[0m
[1.428s] [ 15%] [32mBuilding C object CMakeFiles/arduinobot_msgs__rosidl_generator_c.dir/rosidl_generator_c/arduinobot_msgs/srv/detail/quaternion_to_euler__description.c.o[0m
[1.428s] [ 17%] [32mBuilding C object CMakeFiles/arduinobot_msgs__rosidl_generator_c.dir/rosidl_generator_c/arduinobot_msgs/srv/detail/quaternion_to_euler__type_support.c.o[0m
[1.428s] [ 18%] [32mBuilding C object CMakeFiles/arduinobot_msgs__rosidl_generator_c.dir/rosidl_generator_c/arduinobot_msgs/srv/detail/euler_to_quaternion__functions.c.o[0m
[1.428s] [ 20%] [32mBuilding C object CMakeFiles/arduinobot_msgs__rosidl_generator_c.dir/rosidl_generator_c/arduinobot_msgs/srv/detail/euler_to_quaternion__type_support.c.o[0m
[1.429s] [ 21%] [32mBuilding C object CMakeFiles/arduinobot_msgs__rosidl_generator_c.dir/rosidl_generator_c/arduinobot_msgs/action/detail/fibonacci__description.c.o[0m
[1.429s] [ 23%] [32mBuilding C object CMakeFiles/arduinobot_msgs__rosidl_generator_c.dir/rosidl_generator_c/arduinobot_msgs/action/detail/fibonacci__functions.c.o[0m
[1.552s] [ 25%] [32m[1mLinking C shared library libarduinobot_msgs__rosidl_generator_c.so[0m
[1.593s] [ 25%] Built target arduinobot_msgs__rosidl_generator_c
[1.600s] [ 26%] [34m[1mGenerating C++ type support dispatch for ROS interfaces[0m
[1.600s] [ 28%] [34m[1mGenerating C++ type support for eProsima Fast-RTPS[0m
[1.601s] [ 29%] [34m[1mGenerating C type support dispatch for ROS interfaces[0m
[1.602s] [ 31%] [34m[1mGenerating C++ introspection for ROS interfaces[0m
[1.602s] [ 34%] [34m[1mGenerating C type support for eProsima Fast-RTPS[0m
[1.602s] [ 32%] [34m[1mGenerating C introspection for ROS interfaces[0m
[1.864s] [ 35%] [32mBuilding CXX object CMakeFiles/arduinobot_msgs__rosidl_typesupport_c.dir/rosidl_typesupport_c/arduinobot_msgs/srv/quaternion_to_euler__type_support.cpp.o[0m
[1.866s] [ 37%] [32mBuilding CXX object CMakeFiles/arduinobot_msgs__rosidl_typesupport_c.dir/rosidl_typesupport_c/arduinobot_msgs/srv/add_two_ints__type_support.cpp.o[0m
[1.866s] [ 39%] [32mBuilding CXX object CMakeFiles/arduinobot_msgs__rosidl_typesupport_c.dir/rosidl_typesupport_c/arduinobot_msgs/srv/euler_to_quaternion__type_support.cpp.o[0m
[1.866s] [ 40%] [32mBuilding CXX object CMakeFiles/arduinobot_msgs__rosidl_typesupport_c.dir/rosidl_typesupport_c/arduinobot_msgs/action/fibonacci__type_support.cpp.o[0m
[1.871s] [ 42%] [32mBuilding CXX object CMakeFiles/arduinobot_msgs__rosidl_typesupport_cpp.dir/rosidl_typesupport_cpp/arduinobot_msgs/srv/euler_to_quaternion__type_support.cpp.o[0m
[1.874s] [ 46%] [32mBuilding CXX object CMakeFiles/arduinobot_msgs__rosidl_typesupport_cpp.dir/rosidl_typesupport_cpp/arduinobot_msgs/srv/add_two_ints__type_support.cpp.o[0m
[1.874s] [ 46%] [32mBuilding CXX object CMakeFiles/arduinobot_msgs__rosidl_typesupport_cpp.dir/rosidl_typesupport_cpp/arduinobot_msgs/action/fibonacci__type_support.cpp.o[0m
[1.874s] [ 46%] [32mBuilding CXX object CMakeFiles/arduinobot_msgs__rosidl_typesupport_cpp.dir/rosidl_typesupport_cpp/arduinobot_msgs/srv/quaternion_to_euler__type_support.cpp.o[0m
[1.942s] [ 48%] [32m[1mLinking CXX shared library libarduinobot_msgs__rosidl_typesupport_c.so[0m
[1.943s] [ 50%] [32mBuilding C object CMakeFiles/arduinobot_msgs__rosidl_typesupport_introspection_c.dir/rosidl_typesupport_introspection_c/arduinobot_msgs/action/detail/fibonacci__type_support.c.o[0m
[1.945s] [ 51%] [32mBuilding C object CMakeFiles/arduinobot_msgs__rosidl_typesupport_introspection_c.dir/rosidl_typesupport_introspection_c/arduinobot_msgs/srv/detail/add_two_ints__type_support.c.o[0m
[1.945s] [ 54%] [32mBuilding C object CMakeFiles/arduinobot_msgs__rosidl_typesupport_introspection_c.dir/rosidl_typesupport_introspection_c/arduinobot_msgs/srv/detail/euler_to_quaternion__type_support.c.o[0m
[1.946s] [ 54%] [32mBuilding C object CMakeFiles/arduinobot_msgs__rosidl_typesupport_introspection_c.dir/rosidl_typesupport_introspection_c/arduinobot_msgs/srv/detail/quaternion_to_euler__type_support.c.o[0m
[1.978s] [ 54%] Built target arduinobot_msgs__rosidl_typesupport_c
[2.012s] [ 56%] [32m[1mLinking C shared library libarduinobot_msgs__rosidl_typesupport_introspection_c.so[0m
[2.030s] [ 57%] [32mBuilding CXX object CMakeFiles/arduinobot_msgs__rosidl_typesupport_introspection_cpp.dir/rosidl_typesupport_introspection_cpp/arduinobot_msgs/srv/detail/add_two_ints__type_support.cpp.o[0m
[2.030s] [ 59%] [32mBuilding CXX object CMakeFiles/arduinobot_msgs__rosidl_typesupport_introspection_cpp.dir/rosidl_typesupport_introspection_cpp/arduinobot_msgs/srv/detail/euler_to_quaternion__type_support.cpp.o[0m
[2.033s] [ 62%] [32mBuilding CXX object CMakeFiles/arduinobot_msgs__rosidl_typesupport_introspection_cpp.dir/rosidl_typesupport_introspection_cpp/arduinobot_msgs/action/detail/fibonacci__type_support.cpp.o[0m
[2.033s] [ 62%] [32mBuilding CXX object CMakeFiles/arduinobot_msgs__rosidl_typesupport_introspection_cpp.dir/rosidl_typesupport_introspection_cpp/arduinobot_msgs/srv/detail/quaternion_to_euler__type_support.cpp.o[0m
[2.046s] [ 62%] Built target arduinobot_msgs__rosidl_typesupport_introspection_c
[2.156s] [ 64%] [32mBuilding CXX object CMakeFiles/arduinobot_msgs__rosidl_typesupport_fastrtps_cpp.dir/rosidl_typesupport_fastrtps_cpp/arduinobot_msgs/srv/detail/dds_fastrtps/add_two_ints__type_support.cpp.o[0m
[2.156s] [ 68%] [32mBuilding CXX object CMakeFiles/arduinobot_msgs__rosidl_typesupport_fastrtps_cpp.dir/rosidl_typesupport_fastrtps_cpp/arduinobot_msgs/action/detail/dds_fastrtps/fibonacci__type_support.cpp.o[0m
[2.156s] [ 68%] [32mBuilding CXX object CMakeFiles/arduinobot_msgs__rosidl_typesupport_fastrtps_cpp.dir/rosidl_typesupport_fastrtps_cpp/arduinobot_msgs/srv/detail/dds_fastrtps/quaternion_to_euler__type_support.cpp.o[0m
[2.156s] [ 68%] [32mBuilding CXX object CMakeFiles/arduinobot_msgs__rosidl_typesupport_fastrtps_cpp.dir/rosidl_typesupport_fastrtps_cpp/arduinobot_msgs/srv/detail/dds_fastrtps/euler_to_quaternion__type_support.cpp.o[0m
[2.186s] [ 70%] [32mBuilding CXX object CMakeFiles/arduinobot_msgs__rosidl_typesupport_fastrtps_c.dir/rosidl_typesupport_fastrtps_c/arduinobot_msgs/srv/detail/quaternion_to_euler__type_support_c.cpp.o[0m
[2.188s] [ 75%] [32mBuilding CXX object CMakeFiles/arduinobot_msgs__rosidl_typesupport_fastrtps_c.dir/rosidl_typesupport_fastrtps_c/arduinobot_msgs/srv/detail/add_two_ints__type_support_c.cpp.o[0m
[2.188s] [ 75%] [32mBuilding CXX object CMakeFiles/arduinobot_msgs__rosidl_typesupport_fastrtps_c.dir/rosidl_typesupport_fastrtps_c/arduinobot_msgs/action/detail/fibonacci__type_support_c.cpp.o[0m
[2.188s] [ 73%] [32mBuilding CXX object CMakeFiles/arduinobot_msgs__rosidl_typesupport_fastrtps_c.dir/rosidl_typesupport_fastrtps_c/arduinobot_msgs/srv/detail/euler_to_quaternion__type_support_c.cpp.o[0m
[2.378s] [ 76%] [32m[1mLinking CXX shared library libarduinobot_msgs__rosidl_typesupport_cpp.so[0m
[2.458s] [ 76%] Built target arduinobot_msgs__rosidl_typesupport_cpp
[2.547s] [ 78%] [32m[1mLinking CXX shared library libarduinobot_msgs__rosidl_typesupport_introspection_cpp.so[0m
[2.610s] [ 78%] Built target arduinobot_msgs__rosidl_typesupport_introspection_cpp
[2.660s] [ 79%] [32m[1mLinking CXX shared library libarduinobot_msgs__rosidl_typesupport_fastrtps_c.so[0m
[2.698s] [ 79%] Built target arduinobot_msgs__rosidl_typesupport_fastrtps_c
[2.953s] [ 81%] [32m[1mLinking CXX shared library libarduinobot_msgs__rosidl_typesupport_fastrtps_cpp.so[0m
[3.006s] [ 81%] Built target arduinobot_msgs__rosidl_typesupport_fastrtps_cpp
[3.020s] [ 81%] Built target arduinobot_msgs
[3.037s] [ 82%] [34m[1mGenerating Python code for ROS interfaces[0m
[3.637s] [ 82%] Built target arduinobot_msgs__py
[3.656s] [ 84%] [32mBuilding C object CMakeFiles/arduinobot_msgs__rosidl_generator_py.dir/rosidl_generator_py/arduinobot_msgs/srv/_add_two_ints_s.c.o[0m
[3.656s] [ 87%] [32mBuilding C object CMakeFiles/arduinobot_msgs__rosidl_generator_py.dir/rosidl_generator_py/arduinobot_msgs/srv/_euler_to_quaternion_s.c.o[0m
[3.656s] [ 87%] [32mBuilding C object CMakeFiles/arduinobot_msgs__rosidl_generator_py.dir/rosidl_generator_py/arduinobot_msgs/srv/_quaternion_to_euler_s.c.o[0m
[3.656s] [ 89%] [32mBuilding C object CMakeFiles/arduinobot_msgs__rosidl_generator_py.dir/rosidl_generator_py/arduinobot_msgs/action/_fibonacci_s.c.o[0m
[3.809s] [ 90%] [32m[1mLinking C shared library libarduinobot_msgs__rosidl_generator_py.so[0m
[3.854s] [ 90%] Built target arduinobot_msgs__rosidl_generator_py
[3.877s] [ 95%] [32mBuilding C object CMakeFiles/arduinobot_msgs_s__rosidl_typesupport_fastrtps_c.dir/rosidl_generator_py/arduinobot_msgs/_arduinobot_msgs_s.ep.rosidl_typesupport_fastrtps_c.c.o[0m
[3.877s] [ 95%] [32mBuilding C object CMakeFiles/arduinobot_msgs_s__rosidl_typesupport_introspection_c.dir/rosidl_generator_py/arduinobot_msgs/_arduinobot_msgs_s.ep.rosidl_typesupport_introspection_c.c.o[0m
[3.877s] [ 95%] [32mBuilding C object CMakeFiles/arduinobot_msgs_s__rosidl_typesupport_c.dir/rosidl_generator_py/arduinobot_msgs/_arduinobot_msgs_s.ep.rosidl_typesupport_c.c.o[0m
[3.970s] [ 96%] [32m[1mLinking C shared module rosidl_generator_py/arduinobot_msgs/arduinobot_msgs_s__rosidl_typesupport_c.so[0m
[3.970s] [ 98%] [32m[1mLinking C shared module rosidl_generator_py/arduinobot_msgs/arduinobot_msgs_s__rosidl_typesupport_introspection_c.so[0m
[3.972s] [100%] [32m[1mLinking C shared module rosidl_generator_py/arduinobot_msgs/arduinobot_msgs_s__rosidl_typesupport_fastrtps_c.so[0m
[3.995s] [100%] Built target arduinobot_msgs_s__rosidl_typesupport_introspection_c
[3.996s] [100%] Built target arduinobot_msgs_s__rosidl_typesupport_fastrtps_c
[3.997s] [100%] Built target arduinobot_msgs_s__rosidl_typesupport_c
[4.004s] Invoked command in '/home/jashwanth/arduinobot_ws/build/arduinobot_msgs' returned '0': CMAKE_PREFIX_PATH=${CMAKE_PREFIX_PATH}:/opt/ros/jazzy DEBUGINFOD_URLS=https://debuginfod.ubuntu.com /usr/bin/cmake --build /home/jashwanth/arduinobot_ws/build/arduinobot_msgs -- -j20 -l20
[4.005s] Invoking command in '/home/jashwanth/arduinobot_ws/build/arduinobot_msgs': CMAKE_PREFIX_PATH=${CMAKE_PREFIX_PATH}:/opt/ros/jazzy DEBUGINFOD_URLS=https://debuginfod.ubuntu.com /usr/bin/cmake --install /home/jashwanth/arduinobot_ws/build/arduinobot_msgs
[4.013s] -- Install configuration: ""
[4.013s] -- Execute custom install script
[4.013s] -- Up-to-date symlink: /home/jashwanth/arduinobot_ws/install/arduinobot_msgs/share/ament_index/resource_index/rosidl_interfaces/arduinobot_msgs
[4.013s] -- Up-to-date symlink: /home/jashwanth/arduinobot_ws/install/arduinobot_msgs/share/arduinobot_msgs/srv/AddTwoInts.json
[4.013s] -- Up-to-date symlink: /home/jashwanth/arduinobot_ws/install/arduinobot_msgs/share/arduinobot_msgs/srv/EulerToQuaternion.json
[4.013s] -- Up-to-date symlink: /home/jashwanth/arduinobot_ws/install/arduinobot_msgs/share/arduinobot_msgs/srv/QuaternionToEuler.json
[4.013s] -- Symlinking: /home/jashwanth/arduinobot_ws/install/arduinobot_msgs/share/arduinobot_msgs/action/Fibonacci.json
[4.022s] -- Symlinking: /home/jashwanth/arduinobot_ws/install/arduinobot_msgs/include/arduinobot_msgs/arduinobot_msgs/action/detail/fibonacci__functions.h
[4.029s] -- Symlinking: /home/jashwanth/arduinobot_ws/install/arduinobot_msgs/include/arduinobot_msgs/arduinobot_msgs/action/detail/fibonacci__struct.h
[4.035s] -- Symlinking: /home/jashwanth/arduinobot_ws/install/arduinobot_msgs/include/arduinobot_msgs/arduinobot_msgs/action/detail/fibonacci__type_support.h
[4.041s] -- Symlinking: /home/jashwanth/arduinobot_ws/install/arduinobot_msgs/include/arduinobot_msgs/arduinobot_msgs/action/fibonacci.h
[4.047s] -- Up-to-date symlink: /home/jashwanth/arduinobot_ws/install/arduinobot_msgs/include/arduinobot_msgs/arduinobot_msgs/msg/rosidl_generator_c__visibility_control.h
[4.047s] -- Up-to-date symlink: /home/jashwanth/arduinobot_ws/install/arduinobot_msgs/include/arduinobot_msgs/arduinobot_msgs/srv/add_two_ints.h
[4.047s] -- Up-to-date symlink: /home/jashwanth/arduinobot_ws/install/arduinobot_msgs/include/arduinobot_msgs/arduinobot_msgs/srv/detail/add_two_ints__functions.h
[4.047s] -- Up-to-date symlink: /home/jashwanth/arduinobot_ws/install/arduinobot_msgs/include/arduinobot_msgs/arduinobot_msgs/srv/detail/add_two_ints__struct.h
[4.047s] -- Up-to-date symlink: /home/jashwanth/arduinobot_ws/install/arduinobot_msgs/include/arduinobot_msgs/arduinobot_msgs/srv/detail/add_two_ints__type_support.h
[4.047s] -- Up-to-date symlink: /home/jashwanth/arduinobot_ws/install/arduinobot_msgs/include/arduinobot_msgs/arduinobot_msgs/srv/detail/euler_to_quaternion__functions.h
[4.047s] -- Up-to-date symlink: /home/jashwanth/arduinobot_ws/install/arduinobot_msgs/include/arduinobot_msgs/arduinobot_msgs/srv/detail/euler_to_quaternion__struct.h
[4.047s] -- Up-to-date symlink: /home/jashwanth/arduinobot_ws/install/arduinobot_msgs/include/arduinobot_msgs/arduinobot_msgs/srv/detail/euler_to_quaternion__type_support.h
[4.047s] -- Up-to-date symlink: /home/jashwanth/arduinobot_ws/install/arduinobot_msgs/include/arduinobot_msgs/arduinobot_msgs/srv/detail/quaternion_to_euler__functions.h
[4.047s] -- Up-to-date symlink: /home/jashwanth/arduinobot_ws/install/arduinobot_msgs/include/arduinobot_msgs/arduinobot_msgs/srv/detail/quaternion_to_euler__struct.h
[4.048s] -- Up-to-date symlink: /home/jashwanth/arduinobot_ws/install/arduinobot_msgs/include/arduinobot_msgs/arduinobot_msgs/srv/detail/quaternion_to_euler__type_support.h
[4.048s] -- Up-to-date symlink: /home/jashwanth/arduinobot_ws/install/arduinobot_msgs/include/arduinobot_msgs/arduinobot_msgs/srv/euler_to_quaternion.h
[4.048s] -- Up-to-date symlink: /home/jashwanth/arduinobot_ws/install/arduinobot_msgs/include/arduinobot_msgs/arduinobot_msgs/srv/quaternion_to_euler.h
[4.048s] -- Up-to-date symlink: /home/jashwanth/arduinobot_ws/install/arduinobot_msgs/share/arduinobot_msgs/environment/library_path.sh
[4.048s] -- Up-to-date symlink: /home/jashwanth/arduinobot_ws/install/arduinobot_msgs/share/arduinobot_msgs/environment/library_path.dsv
[4.048s] -- Symlinking: /home/jashwanth/arduinobot_ws/install/arduinobot_msgs/include/arduinobot_msgs/arduinobot_msgs/action/detail/fibonacci__rosidl_typesupport_fastrtps_c.h
[4.055s] -- Up-to-date symlink: /home/jashwanth/arduinobot_ws/install/arduinobot_msgs/include/arduinobot_msgs/arduinobot_msgs/msg/rosidl_typesupport_fastrtps_c__visibility_control.h
[4.055s] -- Up-to-date symlink: /home/jashwanth/arduinobot_ws/install/arduinobot_msgs/include/arduinobot_msgs/arduinobot_msgs/srv/detail/add_two_ints__rosidl_typesupport_fastrtps_c.h
[4.055s] -- Up-to-date symlink: /home/jashwanth/arduinobot_ws/install/arduinobot_msgs/include/arduinobot_msgs/arduinobot_msgs/srv/detail/euler_to_quaternion__rosidl_typesupport_fastrtps_c.h
[4.055s] -- Up-to-date symlink: /home/jashwanth/arduinobot_ws/install/arduinobot_msgs/include/arduinobot_msgs/arduinobot_msgs/srv/detail/quaternion_to_euler__rosidl_typesupport_fastrtps_c.h
[4.055s] -- Symlinking: /home/jashwanth/arduinobot_ws/install/arduinobot_msgs/include/arduinobot_msgs/arduinobot_msgs/action/detail/fibonacci__builder.hpp
[4.062s] -- Symlinking: /home/jashwanth/arduinobot_ws/install/arduinobot_msgs/include/arduinobot_msgs/arduinobot_msgs/action/detail/fibonacci__struct.hpp
[4.070s] -- Symlinking: /home/jashwanth/arduinobot_ws/install/arduinobot_msgs/include/arduinobot_msgs/arduinobot_msgs/action/detail/fibonacci__traits.hpp
[4.075s] -- Symlinking: /home/jashwanth/arduinobot_ws/install/arduinobot_msgs/include/arduinobot_msgs/arduinobot_msgs/action/detail/fibonacci__type_support.hpp
[4.081s] -- Symlinking: /home/jashwanth/arduinobot_ws/install/arduinobot_msgs/include/arduinobot_msgs/arduinobot_msgs/action/fibonacci.hpp
[4.086s] -- Up-to-date symlink: /home/jashwanth/arduinobot_ws/install/arduinobot_msgs/include/arduinobot_msgs/arduinobot_msgs/msg/rosidl_generator_cpp__visibility_control.hpp
[4.086s] -- Up-to-date symlink: /home/jashwanth/arduinobot_ws/install/arduinobot_msgs/include/arduinobot_msgs/arduinobot_msgs/srv/add_two_ints.hpp
[4.086s] -- Up-to-date symlink: /home/jashwanth/arduinobot_ws/install/arduinobot_msgs/include/arduinobot_msgs/arduinobot_msgs/srv/detail/add_two_ints__builder.hpp
[4.086s] -- Up-to-date symlink: /home/jashwanth/arduinobot_ws/install/arduinobot_msgs/include/arduinobot_msgs/arduinobot_msgs/srv/detail/add_two_ints__struct.hpp
[4.086s] -- Up-to-date symlink: /home/jashwanth/arduinobot_ws/install/arduinobot_msgs/include/arduinobot_msgs/arduinobot_msgs/srv/detail/add_two_ints__traits.hpp
[4.086s] -- Up-to-date symlink: /home/jashwanth/arduinobot_ws/install/arduinobot_msgs/include/arduinobot_msgs/arduinobot_msgs/srv/detail/add_two_ints__type_support.hpp
[4.087s] -- Up-to-date symlink: /home/jashwanth/arduinobot_ws/install/arduinobot_msgs/include/arduinobot_msgs/arduinobot_msgs/srv/detail/euler_to_quaternion__builder.hpp
[4.087s] -- Up-to-date symlink: /home/jashwanth/arduinobot_ws/install/arduinobot_msgs/include/arduinobot_msgs/arduinobot_msgs/srv/detail/euler_to_quaternion__struct.hpp
[4.087s] -- Up-to-date symlink: /home/jashwanth/arduinobot_ws/install/arduinobot_msgs/include/arduinobot_msgs/arduinobot_msgs/srv/detail/euler_to_quaternion__traits.hpp
[4.087s] -- Up-to-date symlink: /home/jashwanth/arduinobot_ws/install/arduinobot_msgs/include/arduinobot_msgs/arduinobot_msgs/srv/detail/euler_to_quaternion__type_support.hpp
[4.087s] -- Up-to-date symlink: /home/jashwanth/arduinobot_ws/install/arduinobot_msgs/include/arduinobot_msgs/arduinobot_msgs/srv/detail/quaternion_to_euler__builder.hpp
[4.087s] -- Up-to-date symlink: /home/jashwanth/arduinobot_ws/install/arduinobot_msgs/include/arduinobot_msgs/arduinobot_msgs/srv/detail/quaternion_to_euler__struct.hpp
[4.087s] -- Up-to-date symlink: /home/jashwanth/arduinobot_ws/install/arduinobot_msgs/include/arduinobot_msgs/arduinobot_msgs/srv/detail/quaternion_to_euler__traits.hpp
[4.087s] -- Up-to-date symlink: /home/jashwanth/arduinobot_ws/install/arduinobot_msgs/include/arduinobot_msgs/arduinobot_msgs/srv/detail/quaternion_to_euler__type_support.hpp
[4.087s] -- Up-to-date symlink: /home/jashwanth/arduinobot_ws/install/arduinobot_msgs/include/arduinobot_msgs/arduinobot_msgs/srv/euler_to_quaternion.hpp
[4.087s] -- Up-to-date symlink: /home/jashwanth/arduinobot_ws/install/arduinobot_msgs/include/arduinobot_msgs/arduinobot_msgs/srv/quaternion_to_euler.hpp
[4.087s] -- Symlinking: /home/jashwanth/arduinobot_ws/install/arduinobot_msgs/include/arduinobot_msgs/arduinobot_msgs/action/detail/fibonacci__rosidl_typesupport_fastrtps_cpp.hpp
[4.093s] -- Up-to-date symlink: /home/jashwanth/arduinobot_ws/install/arduinobot_msgs/include/arduinobot_msgs/arduinobot_msgs/msg/rosidl_typesupport_fastrtps_cpp__visibility_control.h
[4.093s] -- Up-to-date symlink: /home/jashwanth/arduinobot_ws/install/arduinobot_msgs/include/arduinobot_msgs/arduinobot_msgs/srv/detail/add_two_ints__rosidl_typesupport_fastrtps_cpp.hpp
[4.093s] -- Up-to-date symlink: /home/jashwanth/arduinobot_ws/install/arduinobot_msgs/include/arduinobot_msgs/arduinobot_msgs/srv/detail/euler_to_quaternion__rosidl_typesupport_fastrtps_cpp.hpp
[4.093s] -- Up-to-date symlink: /home/jashwanth/arduinobot_ws/install/arduinobot_msgs/include/arduinobot_msgs/arduinobot_msgs/srv/detail/quaternion_to_euler__rosidl_typesupport_fastrtps_cpp.hpp
[4.093s] -- Symlinking: /home/jashwanth/arduinobot_ws/install/arduinobot_msgs/include/arduinobot_msgs/arduinobot_msgs/action/detail/fibonacci__rosidl_typesupport_introspection_c.h
[4.100s] -- Up-to-date symlink: /home/jashwanth/arduinobot_ws/install/arduinobot_msgs/include/arduinobot_msgs/arduinobot_msgs/msg/rosidl_typesupport_introspection_c__visibility_control.h
[4.100s] -- Up-to-date symlink: /home/jashwanth/arduinobot_ws/install/arduinobot_msgs/include/arduinobot_msgs/arduinobot_msgs/srv/detail/add_two_ints__rosidl_typesupport_introspection_c.h
[4.100s] -- Up-to-date symlink: /home/jashwanth/arduinobot_ws/install/arduinobot_msgs/include/arduinobot_msgs/arduinobot_msgs/srv/detail/euler_to_quaternion__rosidl_typesupport_introspection_c.h
[4.100s] -- Up-to-date symlink: /home/jashwanth/arduinobot_ws/install/arduinobot_msgs/include/arduinobot_msgs/arduinobot_msgs/srv/detail/quaternion_to_euler__rosidl_typesupport_introspection_c.h
[4.100s] -- Symlinking: /home/jashwanth/arduinobot_ws/install/arduinobot_msgs/include/arduinobot_msgs/arduinobot_msgs/action/detail/fibonacci__rosidl_typesupport_introspection_cpp.hpp
[4.105s] -- Up-to-date symlink: /home/jashwanth/arduinobot_ws/install/arduinobot_msgs/include/arduinobot_msgs/arduinobot_msgs/srv/detail/add_two_ints__rosidl_typesupport_introspection_cpp.hpp
[4.105s] -- Up-to-date symlink: /home/jashwanth/arduinobot_ws/install/arduinobot_msgs/include/arduinobot_msgs/arduinobot_msgs/srv/detail/euler_to_quaternion__rosidl_typesupport_introspection_cpp.hpp
[4.105s] -- Up-to-date symlink: /home/jashwanth/arduinobot_ws/install/arduinobot_msgs/include/arduinobot_msgs/arduinobot_msgs/srv/detail/quaternion_to_euler__rosidl_typesupport_introspection_cpp.hpp
[4.105s] -- Up-to-date symlink: /home/jashwanth/arduinobot_ws/install/arduinobot_msgs/share/arduinobot_msgs/environment/pythonpath.sh
[4.105s] -- Up-to-date symlink: /home/jashwanth/arduinobot_ws/install/arduinobot_msgs/share/arduinobot_msgs/environment/pythonpath.dsv
[4.106s] -- Up-to-date symlink: /home/jashwanth/arduinobot_ws/install/arduinobot_msgs/lib/python3.12/site-packages/arduinobot_msgs-0.0.0-py3.12.egg-info/PKG-INFO
[4.106s] -- Up-to-date symlink: /home/jashwanth/arduinobot_ws/install/arduinobot_msgs/lib/python3.12/site-packages/arduinobot_msgs-0.0.0-py3.12.egg-info/SOURCES.txt
[4.106s] -- Up-to-date symlink: /home/jashwanth/arduinobot_ws/install/arduinobot_msgs/lib/python3.12/site-packages/arduinobot_msgs-0.0.0-py3.12.egg-info/dependency_links.txt
[4.106s] -- Up-to-date symlink: /home/jashwanth/arduinobot_ws/install/arduinobot_msgs/lib/python3.12/site-packages/arduinobot_msgs-0.0.0-py3.12.egg-info/top_level.txt
[4.106s] -- Up-to-date symlink: /home/jashwanth/arduinobot_ws/install/arduinobot_msgs/lib/python3.12/site-packages/arduinobot_msgs/__init__.py
[4.106s] -- Up-to-date symlink: /home/jashwanth/arduinobot_ws/install/arduinobot_msgs/lib/python3.12/site-packages/arduinobot_msgs/_arduinobot_msgs_s.ep.rosidl_typesupport_c.c
[4.106s] -- Up-to-date symlink: /home/jashwanth/arduinobot_ws/install/arduinobot_msgs/lib/python3.12/site-packages/arduinobot_msgs/_arduinobot_msgs_s.ep.rosidl_typesupport_fastrtps_c.c
[4.106s] -- Up-to-date symlink: /home/jashwanth/arduinobot_ws/install/arduinobot_msgs/lib/python3.12/site-packages/arduinobot_msgs/_arduinobot_msgs_s.ep.rosidl_typesupport_introspection_c.c
[4.106s] -- Symlinking: /home/jashwanth/arduinobot_ws/install/arduinobot_msgs/lib/python3.12/site-packages/arduinobot_msgs/action/__init__.py
[4.113s] -- Symlinking: /home/jashwanth/arduinobot_ws/install/arduinobot_msgs/lib/python3.12/site-packages/arduinobot_msgs/action/_fibonacci.py
[4.118s] -- Symlinking: /home/jashwanth/arduinobot_ws/install/arduinobot_msgs/lib/python3.12/site-packages/arduinobot_msgs/action/_fibonacci_s.c
[4.123s] -- Up-to-date symlink: /home/jashwanth/arduinobot_ws/install/arduinobot_msgs/lib/python3.12/site-packages/arduinobot_msgs/arduinobot_msgs_s__rosidl_typesupport_c.so
[4.123s] -- Up-to-date symlink: /home/jashwanth/arduinobot_ws/install/arduinobot_msgs/lib/python3.12/site-packages/arduinobot_msgs/arduinobot_msgs_s__rosidl_typesupport_fastrtps_c.so
[4.123s] -- Up-to-date symlink: /home/jashwanth/arduinobot_ws/install/arduinobot_msgs/lib/python3.12/site-packages/arduinobot_msgs/arduinobot_msgs_s__rosidl_typesupport_introspection_c.so
[4.123s] -- Up-to-date symlink: /home/jashwanth/arduinobot_ws/install/arduinobot_msgs/lib/python3.12/site-packages/arduinobot_msgs/srv/__init__.py
[4.124s] -- Up-to-date symlink: /home/jashwanth/arduinobot_ws/install/arduinobot_msgs/lib/python3.12/site-packages/arduinobot_msgs/srv/_add_two_ints.py
[4.124s] -- Up-to-date symlink: /home/jashwanth/arduinobot_ws/install/arduinobot_msgs/lib/python3.12/site-packages/arduinobot_msgs/srv/_add_two_ints_s.c
[4.124s] -- Up-to-date symlink: /home/jashwanth/arduinobot_ws/install/arduinobot_msgs/lib/python3.12/site-packages/arduinobot_msgs/srv/_euler_to_quaternion.py
[4.124s] -- Up-to-date symlink: /home/jashwanth/arduinobot_ws/install/arduinobot_msgs/lib/python3.12/site-packages/arduinobot_msgs/srv/_euler_to_quaternion_s.c
[4.124s] -- Up-to-date symlink: /home/jashwanth/arduinobot_ws/install/arduinobot_msgs/lib/python3.12/site-packages/arduinobot_msgs/srv/_quaternion_to_euler.py
[4.124s] -- Up-to-date symlink: /home/jashwanth/arduinobot_ws/install/arduinobot_msgs/lib/python3.12/site-packages/arduinobot_msgs/srv/_quaternion_to_euler_s.c
[4.124s] -- Up-to-date symlink: /home/jashwanth/arduinobot_ws/install/arduinobot_msgs/lib/python3.12/site-packages/arduinobot_msgs/arduinobot_msgs_s__rosidl_typesupport_fastrtps_c.so
[4.124s] -- Up-to-date symlink: /home/jashwanth/arduinobot_ws/install/arduinobot_msgs/lib/python3.12/site-packages/arduinobot_msgs/arduinobot_msgs_s__rosidl_typesupport_introspection_c.so
[4.124s] -- Up-to-date symlink: /home/jashwanth/arduinobot_ws/install/arduinobot_msgs/lib/python3.12/site-packages/arduinobot_msgs/arduinobot_msgs_s__rosidl_typesupport_c.so
[4.124s] -- Up-to-date symlink: /home/jashwanth/arduinobot_ws/install/arduinobot_msgs/share/arduinobot_msgs/srv/AddTwoInts.idl
[4.124s] -- Up-to-date symlink: /home/jashwanth/arduinobot_ws/install/arduinobot_msgs/share/arduinobot_msgs/srv/EulerToQuaternion.idl
[4.124s] -- Up-to-date symlink: /home/jashwanth/arduinobot_ws/install/arduinobot_msgs/share/arduinobot_msgs/srv/QuaternionToEuler.idl
[4.124s] -- Symlinking: /home/jashwanth/arduinobot_ws/install/arduinobot_msgs/share/arduinobot_msgs/action/Fibonacci.idl
[4.129s] -- Up-to-date symlink: /home/jashwanth/arduinobot_ws/install/arduinobot_msgs/share/arduinobot_msgs/srv/AddTwoInts.srv
[4.129s] -- Up-to-date symlink: /home/jashwanth/arduinobot_ws/install/arduinobot_msgs/share/arduinobot_msgs/srv/EulerToQuaternion.srv
[4.129s] -- Up-to-date symlink: /home/jashwanth/arduinobot_ws/install/arduinobot_msgs/share/arduinobot_msgs/srv/QuaternionToEuler.srv
[4.129s] -- Symlinking: /home/jashwanth/arduinobot_ws/install/arduinobot_msgs/share/arduinobot_msgs/action/Fibonacci.action
[4.135s] -- Up-to-date symlink: /home/jashwanth/arduinobot_ws/install/arduinobot_msgs/share/ament_index/resource_index/package_run_dependencies/arduinobot_msgs
[4.135s] -- Up-to-date symlink: /home/jashwanth/arduinobot_ws/install/arduinobot_msgs/share/ament_index/resource_index/parent_prefix_path/arduinobot_msgs
[4.135s] -- Up-to-date symlink: /home/jashwanth/arduinobot_ws/install/arduinobot_msgs/share/arduinobot_msgs/environment/ament_prefix_path.sh
[4.135s] -- Up-to-date symlink: /home/jashwanth/arduinobot_ws/install/arduinobot_msgs/share/arduinobot_msgs/environment/ament_prefix_path.dsv
[4.135s] -- Up-to-date symlink: /home/jashwanth/arduinobot_ws/install/arduinobot_msgs/share/arduinobot_msgs/environment/path.sh
[4.135s] -- Up-to-date symlink: /home/jashwanth/arduinobot_ws/install/arduinobot_msgs/share/arduinobot_msgs/environment/path.dsv
[4.135s] -- Up-to-date symlink: /home/jashwanth/arduinobot_ws/install/arduinobot_msgs/share/arduinobot_msgs/local_setup.bash
[4.135s] -- Up-to-date symlink: /home/jashwanth/arduinobot_ws/install/arduinobot_msgs/share/arduinobot_msgs/local_setup.sh
[4.136s] -- Up-to-date symlink: /home/jashwanth/arduinobot_ws/install/arduinobot_msgs/share/arduinobot_msgs/local_setup.zsh
[4.136s] -- Up-to-date symlink: /home/jashwanth/arduinobot_ws/install/arduinobot_msgs/share/arduinobot_msgs/local_setup.dsv
[4.136s] -- Symlinking: /home/jashwanth/arduinobot_ws/install/arduinobot_msgs/share/arduinobot_msgs/package.dsv
[4.142s] -- Up-to-date symlink: /home/jashwanth/arduinobot_ws/install/arduinobot_msgs/share/ament_index/resource_index/packages/arduinobot_msgs
[4.142s] -- Up-to-date symlink: /home/jashwanth/arduinobot_ws/install/arduinobot_msgs/share/arduinobot_msgs/cmake/rosidl_cmake-extras.cmake
[4.142s] -- Up-to-date symlink: /home/jashwanth/arduinobot_ws/install/arduinobot_msgs/share/arduinobot_msgs/cmake/ament_cmake_export_dependencies-extras.cmake
[4.142s] -- Up-to-date symlink: /home/jashwanth/arduinobot_ws/install/arduinobot_msgs/share/arduinobot_msgs/cmake/ament_cmake_export_include_directories-extras.cmake
[4.142s] -- Up-to-date symlink: /home/jashwanth/arduinobot_ws/install/arduinobot_msgs/share/arduinobot_msgs/cmake/ament_cmake_export_libraries-extras.cmake
[4.142s] -- Up-to-date symlink: /home/jashwanth/arduinobot_ws/install/arduinobot_msgs/share/arduinobot_msgs/cmake/ament_cmake_export_targets-extras.cmake
[4.142s] -- Up-to-date symlink: /home/jashwanth/arduinobot_ws/install/arduinobot_msgs/share/arduinobot_msgs/cmake/rosidl_cmake_export_typesupport_targets-extras.cmake
[4.142s] -- Up-to-date symlink: /home/jashwanth/arduinobot_ws/install/arduinobot_msgs/share/arduinobot_msgs/cmake/rosidl_cmake_export_typesupport_libraries-extras.cmake
[4.143s] -- Up-to-date symlink: /home/jashwanth/arduinobot_ws/install/arduinobot_msgs/share/arduinobot_msgs/cmake/arduinobot_msgsConfig.cmake
[4.143s] -- Up-to-date symlink: /home/jashwanth/arduinobot_ws/install/arduinobot_msgs/share/arduinobot_msgs/cmake/arduinobot_msgsConfig-version.cmake
[4.143s] -- Up-to-date symlink: /home/jashwanth/arduinobot_ws/install/arduinobot_msgs/share/arduinobot_msgs/package.xml
[4.143s] -- Installing: /home/jashwanth/arduinobot_ws/install/arduinobot_msgs/lib/libarduinobot_msgs__rosidl_generator_c.so
[4.143s] -- Set non-toolchain portion of runtime path of "/home/jashwanth/arduinobot_ws/install/arduinobot_msgs/lib/libarduinobot_msgs__rosidl_generator_c.so" to ""
[4.143s] -- Installing: /home/jashwanth/arduinobot_ws/install/arduinobot_msgs/lib/libarduinobot_msgs__rosidl_typesupport_fastrtps_c.so
[4.143s] -- Set non-toolchain portion of runtime path of "/home/jashwanth/arduinobot_ws/install/arduinobot_msgs/lib/libarduinobot_msgs__rosidl_typesupport_fastrtps_c.so" to ""
[4.143s] -- Installing: /home/jashwanth/arduinobot_ws/install/arduinobot_msgs/lib/libarduinobot_msgs__rosidl_typesupport_fastrtps_cpp.so
[4.144s] -- Set non-toolchain portion of runtime path of "/home/jashwanth/arduinobot_ws/install/arduinobot_msgs/lib/libarduinobot_msgs__rosidl_typesupport_fastrtps_cpp.so" to ""
[4.144s] -- Installing: /home/jashwanth/arduinobot_ws/install/arduinobot_msgs/lib/libarduinobot_msgs__rosidl_typesupport_introspection_c.so
[4.144s] -- Set non-toolchain portion of runtime path of "/home/jashwanth/arduinobot_ws/install/arduinobot_msgs/lib/libarduinobot_msgs__rosidl_typesupport_introspection_c.so" to ""
[4.144s] -- Installing: /home/jashwanth/arduinobot_ws/install/arduinobot_msgs/lib/libarduinobot_msgs__rosidl_typesupport_c.so
[4.144s] -- Set non-toolchain portion of runtime path of "/home/jashwanth/arduinobot_ws/install/arduinobot_msgs/lib/libarduinobot_msgs__rosidl_typesupport_c.so" to ""
[4.144s] -- Installing: /home/jashwanth/arduinobot_ws/install/arduinobot_msgs/lib/libarduinobot_msgs__rosidl_typesupport_introspection_cpp.so
[4.144s] -- Set non-toolchain portion of runtime path of "/home/jashwanth/arduinobot_ws/install/arduinobot_msgs/lib/libarduinobot_msgs__rosidl_typesupport_introspection_cpp.so" to ""
[4.144s] -- Installing: /home/jashwanth/arduinobot_ws/install/arduinobot_msgs/lib/libarduinobot_msgs__rosidl_typesupport_cpp.so
[4.145s] -- Set non-toolchain portion of runtime path of "/home/jashwanth/arduinobot_ws/install/arduinobot_msgs/lib/libarduinobot_msgs__rosidl_typesupport_cpp.so" to ""
[4.181s] Listing '/home/jashwanth/arduinobot_ws/install/arduinobot_msgs/lib/python3.12/site-packages/arduinobot_msgs'...
[4.181s] Compiling '/home/jashwanth/arduinobot_ws/install/arduinobot_msgs/lib/python3.12/site-packages/arduinobot_msgs/__init__.py'...
[4.181s] Listing '/home/jashwanth/arduinobot_ws/install/arduinobot_msgs/lib/python3.12/site-packages/arduinobot_msgs/action'...
[4.182s] Compiling '/home/jashwanth/arduinobot_ws/install/arduinobot_msgs/lib/python3.12/site-packages/arduinobot_msgs/action/__init__.py'...
[4.182s] Compiling '/home/jashwanth/arduinobot_ws/install/arduinobot_msgs/lib/python3.12/site-packages/arduinobot_msgs/action/_fibonacci.py'...
[4.182s] Listing '/home/jashwanth/arduinobot_ws/install/arduinobot_msgs/lib/python3.12/site-packages/arduinobot_msgs/srv'...
[4.182s] Compiling '/home/jashwanth/arduinobot_ws/install/arduinobot_msgs/lib/python3.12/site-packages/arduinobot_msgs/srv/__init__.py'...
[4.182s] Compiling '/home/jashwanth/arduinobot_ws/install/arduinobot_msgs/lib/python3.12/site-packages/arduinobot_msgs/srv/_add_two_ints.py'...
[4.182s] Compiling '/home/jashwanth/arduinobot_ws/install/arduinobot_msgs/lib/python3.12/site-packages/arduinobot_msgs/srv/_euler_to_quaternion.py'...
[4.182s] Compiling '/home/jashwanth/arduinobot_ws/install/arduinobot_msgs/lib/python3.12/site-packages/arduinobot_msgs/srv/_quaternion_to_euler.py'...
[4.185s] -- Installing: /home/jashwanth/arduinobot_ws/install/arduinobot_msgs/lib/libarduinobot_msgs__rosidl_generator_py.so
[4.185s] -- Set non-toolchain portion of runtime path of "/home/jashwanth/arduinobot_ws/install/arduinobot_msgs/lib/libarduinobot_msgs__rosidl_generator_py.so" to ""
[4.185s] -- Old export file "/home/jashwanth/arduinobot_ws/install/arduinobot_msgs/share/arduinobot_msgs/cmake/export_arduinobot_msgs__rosidl_generator_cExport.cmake" will be replaced.  Removing files [/home/jashwanth/arduinobot_ws/install/arduinobot_msgs/share/arduinobot_msgs/cmake/export_arduinobot_msgs__rosidl_generator_cExport-noconfig.cmake].
[4.186s] -- Installing: /home/jashwanth/arduinobot_ws/install/arduinobot_msgs/share/arduinobot_msgs/cmake/export_arduinobot_msgs__rosidl_generator_cExport.cmake
[4.186s] -- Installing: /home/jashwanth/arduinobot_ws/install/arduinobot_msgs/share/arduinobot_msgs/cmake/export_arduinobot_msgs__rosidl_generator_cExport-noconfig.cmake
[4.186s] -- Old export file "/home/jashwanth/arduinobot_ws/install/arduinobot_msgs/share/arduinobot_msgs/cmake/export_arduinobot_msgs__rosidl_typesupport_fastrtps_cExport.cmake" will be replaced.  Removing files [/home/jashwanth/arduinobot_ws/install/arduinobot_msgs/share/arduinobot_msgs/cmake/export_arduinobot_msgs__rosidl_typesupport_fastrtps_cExport-noconfig.cmake].
[4.186s] -- Installing: /home/jashwanth/arduinobot_ws/install/arduinobot_msgs/share/arduinobot_msgs/cmake/export_arduinobot_msgs__rosidl_typesupport_fastrtps_cExport.cmake
[4.186s] -- Installing: /home/jashwanth/arduinobot_ws/install/arduinobot_msgs/share/arduinobot_msgs/cmake/export_arduinobot_msgs__rosidl_typesupport_fastrtps_cExport-noconfig.cmake
[4.186s] -- Installing: /home/jashwanth/arduinobot_ws/install/arduinobot_msgs/share/arduinobot_msgs/cmake/export_arduinobot_msgs__rosidl_generator_cppExport.cmake
[4.186s] -- Old export file "/home/jashwanth/arduinobot_ws/install/arduinobot_msgs/share/arduinobot_msgs/cmake/export_arduinobot_msgs__rosidl_typesupport_fastrtps_cppExport.cmake" will be replaced.  Removing files [/home/jashwanth/arduinobot_ws/install/arduinobot_msgs/share/arduinobot_msgs/cmake/export_arduinobot_msgs__rosidl_typesupport_fastrtps_cppExport-noconfig.cmake].
[4.186s] -- Installing: /home/jashwanth/arduinobot_ws/install/arduinobot_msgs/share/arduinobot_msgs/cmake/export_arduinobot_msgs__rosidl_typesupport_fastrtps_cppExport.cmake
[4.186s] -- Installing: /home/jashwanth/arduinobot_ws/install/arduinobot_msgs/share/arduinobot_msgs/cmake/export_arduinobot_msgs__rosidl_typesupport_fastrtps_cppExport-noconfig.cmake
[4.186s] -- Old export file "/home/jashwanth/arduinobot_ws/install/arduinobot_msgs/share/arduinobot_msgs/cmake/arduinobot_msgs__rosidl_typesupport_introspection_cExport.cmake" will be replaced.  Removing files [/home/jashwanth/arduinobot_ws/install/arduinobot_msgs/share/arduinobot_msgs/cmake/arduinobot_msgs__rosidl_typesupport_introspection_cExport-noconfig.cmake].
[4.186s] -- Installing: /home/jashwanth/arduinobot_ws/install/arduinobot_msgs/share/arduinobot_msgs/cmake/arduinobot_msgs__rosidl_typesupport_introspection_cExport.cmake
[4.186s] -- Installing: /home/jashwanth/arduinobot_ws/install/arduinobot_msgs/share/arduinobot_msgs/cmake/arduinobot_msgs__rosidl_typesupport_introspection_cExport-noconfig.cmake
[4.187s] -- Old export file "/home/jashwanth/arduinobot_ws/install/arduinobot_msgs/share/arduinobot_msgs/cmake/arduinobot_msgs__rosidl_typesupport_cExport.cmake" will be replaced.  Removing files [/home/jashwanth/arduinobot_ws/install/arduinobot_msgs/share/arduinobot_msgs/cmake/arduinobot_msgs__rosidl_typesupport_cExport-noconfig.cmake].
[4.187s] -- Installing: /home/jashwanth/arduinobot_ws/install/arduinobot_msgs/share/arduinobot_msgs/cmake/arduinobot_msgs__rosidl_typesupport_cExport.cmake
[4.187s] -- Installing: /home/jashwanth/arduinobot_ws/install/arduinobot_msgs/share/arduinobot_msgs/cmake/arduinobot_msgs__rosidl_typesupport_cExport-noconfig.cmake
[4.187s] -- Old export file "/home/jashwanth/arduinobot_ws/install/arduinobot_msgs/share/arduinobot_msgs/cmake/arduinobot_msgs__rosidl_typesupport_introspection_cppExport.cmake" will be replaced.  Removing files [/home/jashwanth/arduinobot_ws/install/arduinobot_msgs/share/arduinobot_msgs/cmake/arduinobot_msgs__rosidl_typesupport_introspection_cppExport-noconfig.cmake].
[4.187s] -- Installing: /home/jashwanth/arduinobot_ws/install/arduinobot_msgs/share/arduinobot_msgs/cmake/arduinobot_msgs__rosidl_typesupport_introspection_cppExport.cmake
[4.187s] -- Installing: /home/jashwanth/arduinobot_ws/install/arduinobot_msgs/share/arduinobot_msgs/cmake/arduinobot_msgs__rosidl_typesupport_introspection_cppExport-noconfig.cmake
[4.187s] -- Old export file "/home/jashwanth/arduinobot_ws/install/arduinobot_msgs/share/arduinobot_msgs/cmake/arduinobot_msgs__rosidl_typesupport_cppExport.cmake" will be replaced.  Removing files [/home/jashwanth/arduinobot_ws/install/arduinobot_msgs/share/arduinobot_msgs/cmake/arduinobot_msgs__rosidl_typesupport_cppExport-noconfig.cmake].
[4.187s] -- Installing: /home/jashwanth/arduinobot_ws/install/arduinobot_msgs/share/arduinobot_msgs/cmake/arduinobot_msgs__rosidl_typesupport_cppExport.cmake
[4.187s] -- Installing: /home/jashwanth/arduinobot_ws/install/arduinobot_msgs/share/arduinobot_msgs/cmake/arduinobot_msgs__rosidl_typesupport_cppExport-noconfig.cmake
[4.187s] -- Up-to-date: /home/jashwanth/arduinobot_ws/install/arduinobot_msgs/share/arduinobot_msgs/cmake/export_arduinobot_msgs__rosidl_generator_pyExport.cmake
[4.187s] -- Installing: /home/jashwanth/arduinobot_ws/install/arduinobot_msgs/share/arduinobot_msgs/cmake/export_arduinobot_msgs__rosidl_generator_pyExport-noconfig.cmake
[4.188s] Invoked command in '/home/jashwanth/arduinobot_ws/build/arduinobot_msgs' returned '0': CMAKE_PREFIX_PATH=${CMAKE_PREFIX_PATH}:/opt/ros/jazzy DEBUGINFOD_URLS=https://debuginfod.ubuntu.com /usr/bin/cmake --install /home/jashwanth/arduinobot_ws/build/arduinobot_msgs
