[0.736s] Invoking command in '/home/jashwanth/arduinobot_ws/src/arduinobot_py_examples': AMENT_PREFIX_PATH=/home/jashwanth/arduinobot_ws/install/arduinobot_msgs:${AMENT_PREFIX_PATH} CMAKE_PREFIX_PATH=/home/jashwanth/arduinobot_ws/install/arduinobot_msgs:${CMAKE_PREFIX_PATH} DEBUGINFOD_URLS=https://debuginfod.ubuntu.com LD_LIBRARY_PATH=/home/jashwanth/arduinobot_ws/install/arduinobot_msgs/lib:${LD_LIBRARY_PATH} PYTHONPATH=/home/jashwanth/arduinobot_ws/build/arduinobot_py_examples/prefix_override:/usr/lib/python3/dist-packages/colcon_core/task/python/colcon_distutils_commands:/home/jashwanth/arduinobot_ws/install/arduinobot_py_examples/lib/python3.12/site-packages:/home/jashwanth/arduinobot_ws/install/arduinobot_msgs/lib/python3.12/site-packages:${PYTHONPATH} /usr/bin/python3 -W ignore:setup.py install is deprecated -W ignore:easy_install command is deprecated setup.py egg_info --egg-base ../../build/arduinobot_py_examples build --build-base /home/jashwanth/arduinobot_ws/build/arduinobot_py_examples/build install --record /home/jashwanth/arduinobot_ws/build/arduinobot_py_examples/install.log --single-version-externally-managed install_data
[0.940s] running egg_info
[0.953s] writing ../../build/arduinobot_py_examples/arduinobot_py_examples.egg-info/PKG-INFO
[0.954s] writing dependency_links to ../../build/arduinobot_py_examples/arduinobot_py_examples.egg-info/dependency_links.txt
[0.954s] writing entry points to ../../build/arduinobot_py_examples/arduinobot_py_examples.egg-info/entry_points.txt
[0.954s] writing requirements to ../../build/arduinobot_py_examples/arduinobot_py_examples.egg-info/requires.txt
[0.954s] writing top-level names to ../../build/arduinobot_py_examples/arduinobot_py_examples.egg-info/top_level.txt
[0.980s] reading manifest file '../../build/arduinobot_py_examples/arduinobot_py_examples.egg-info/SOURCES.txt'
[0.981s] writing manifest file '../../build/arduinobot_py_examples/arduinobot_py_examples.egg-info/SOURCES.txt'
[0.981s] running build
[0.981s] running build_py
[0.981s] running install
[0.985s] running install_lib
[0.998s] running install_data
[0.999s] running install_egg_info
[1.012s] removing '/home/jashwanth/arduinobot_ws/install/arduinobot_py_examples/lib/python3.12/site-packages/arduinobot_py_examples-0.0.0-py3.12.egg-info' (and everything under it)
[1.012s] Copying ../../build/arduinobot_py_examples/arduinobot_py_examples.egg-info to /home/jashwanth/arduinobot_ws/install/arduinobot_py_examples/lib/python3.12/site-packages/arduinobot_py_examples-0.0.0-py3.12.egg-info
[1.012s] running install_scripts
[1.100s] Installing simple_action_client script to /home/jashwanth/arduinobot_ws/install/arduinobot_py_examples/lib/arduinobot_py_examples
[1.100s] Installing simple_action_server script to /home/jashwanth/arduinobot_ws/install/arduinobot_py_examples/lib/arduinobot_py_examples
[1.100s] Installing simple_moveit_interface script to /home/jashwanth/arduinobot_ws/install/arduinobot_py_examples/lib/arduinobot_py_examples
[1.101s] Installing simple_parameter script to /home/jashwanth/arduinobot_ws/install/arduinobot_py_examples/lib/arduinobot_py_examples
[1.101s] Installing simple_publisher script to /home/jashwanth/arduinobot_ws/install/arduinobot_py_examples/lib/arduinobot_py_examples
[1.101s] Installing simple_service_client script to /home/jashwanth/arduinobot_ws/install/arduinobot_py_examples/lib/arduinobot_py_examples
[1.101s] Installing simple_service_server script to /home/jashwanth/arduinobot_ws/install/arduinobot_py_examples/lib/arduinobot_py_examples
[1.101s] Installing simple_subscriber script to /home/jashwanth/arduinobot_ws/install/arduinobot_py_examples/lib/arduinobot_py_examples
[1.101s] writing list of installed files to '/home/jashwanth/arduinobot_ws/build/arduinobot_py_examples/install.log'
[1.121s] Invoked command in '/home/jashwanth/arduinobot_ws/src/arduinobot_py_examples' returned '0': AMENT_PREFIX_PATH=/home/jashwanth/arduinobot_ws/install/arduinobot_msgs:${AMENT_PREFIX_PATH} CMAKE_PREFIX_PATH=/home/jashwanth/arduinobot_ws/install/arduinobot_msgs:${CMAKE_PREFIX_PATH} DEBUGINFOD_URLS=https://debuginfod.ubuntu.com LD_LIBRARY_PATH=/home/jashwanth/arduinobot_ws/install/arduinobot_msgs/lib:${LD_LIBRARY_PATH} PYTHONPATH=/home/jashwanth/arduinobot_ws/build/arduinobot_py_examples/prefix_override:/usr/lib/python3/dist-packages/colcon_core/task/python/colcon_distutils_commands:/home/jashwanth/arduinobot_ws/install/arduinobot_py_examples/lib/python3.12/site-packages:/home/jashwanth/arduinobot_ws/install/arduinobot_msgs/lib/python3.12/site-packages:${PYTHONPATH} /usr/bin/python3 -W ignore:setup.py install is deprecated -W ignore:easy_install command is deprecated setup.py egg_info --egg-base ../../build/arduinobot_py_examples build --build-base /home/jashwanth/arduinobot_ws/build/arduinobot_py_examples/build install --record /home/jashwanth/arduinobot_ws/build/arduinobot_py_examples/install.log --single-version-externally-managed install_data
