[0.695s] Invoking command in '/home/jashwanth/arduinobot_ws/src/arduinobot_py_examples': CMAKE_PREFIX_PATH=/home/jashwanth/arduinobot_ws/install/arduinobot_msgs:/home/jashwanth/arduinobot_ws/install/arduinobot_utils:/home/jashwanth/arduinobot_ws/install/arduinobot_bringup:/home/jashwanth/arduinobot_ws/install/arduinobot_remote:/home/jashwanth/arduinobot_ws/install/arduinobot_cpp_examples:/home/jashwanth/arduinobot_ws/install/arduinobot_moveit:/home/jashwanth/arduinobot_ws/install/arduinobot_controller:/home/jashwanth/arduinobot_ws/install/arduinobot_description:/opt/ros/jazzy/opt/gz_launch_vendor:/opt/ros/jazzy/opt/gz_sim_vendor:/opt/ros/jazzy/opt/gz_sensors_vendor:/opt/ros/jazzy/opt/gz_physics_vendor:/opt/ros/jazzy/opt/sdformat_vendor:/opt/ros/jazzy/opt/gz_gui_vendor:/opt/ros/jazzy/opt/gz_transport_vendor:/opt/ros/jazzy/opt/gz_rendering_vendor:/opt/ros/jazzy/opt/gz_plugin_vendor:/opt/ros/jazzy/opt/gz_fuel_tools_vendor:/opt/ros/jazzy/opt/gz_msgs_vendor:/opt/ros/jazzy/opt/gz_common_vendor:/opt/ros/jazzy/opt/gz_math_vendor:/opt/ros/jazzy/opt/gz_utils_vendor:/opt/ros/jazzy/opt/gz_tools_vendor:/opt/ros/jazzy/opt/gz_ogre_next_vendor:/opt/ros/jazzy/opt/gz_dartsim_vendor:/opt/ros/jazzy/opt/gz_cmake_vendor DEBUGINFOD_URLS=https://debuginfod.ubuntu.com LD_LIBRARY_PATH=/home/jashwanth/arduinobot_ws/install/arduinobot_msgs/lib:/home/jashwanth/arduinobot_ws/install/arduinobot_remote/lib:/home/jashwanth/arduinobot_ws/install/arduinobot_cpp_examples/lib:/opt/ros/jazzy/opt/gz_launch_vendor/lib:/opt/ros/jazzy/opt/gz_sim_vendor/lib:/opt/ros/jazzy/opt/gz_sensors_vendor/lib:/opt/ros/jazzy/opt/gz_physics_vendor/lib:/opt/ros/jazzy/opt/sdformat_vendor/lib:/opt/ros/jazzy/opt/rviz_ogre_vendor/lib:/opt/ros/jazzy/lib/x86_64-linux-gnu:/opt/ros/jazzy/opt/gz_gui_vendor/lib:/opt/ros/jazzy/opt/gz_transport_vendor/lib:/opt/ros/jazzy/opt/gz_rendering_vendor/lib:/opt/ros/jazzy/opt/gz_plugin_vendor/lib:/opt/ros/jazzy/opt/gz_fuel_tools_vendor/lib:/opt/ros/jazzy/opt/gz_msgs_vendor/lib:/opt/ros/jazzy/opt/gz_common_vendor/lib:/opt/ros/jazzy/opt/gz_math_vendor/lib:/opt/ros/jazzy/opt/gz_utils_vendor/lib:/opt/ros/jazzy/opt/gz_tools_vendor/lib:/opt/ros/jazzy/opt/gz_ogre_next_vendor/lib:/opt/ros/jazzy/opt/gz_dartsim_vendor/lib:/opt/ros/jazzy/opt/gz_cmake_vendor/lib:/opt/ros/jazzy/lib PYTHONPATH=/home/jashwanth/arduinobot_ws/build/arduinobot_py_examples/prefix_override:/usr/lib/python3/dist-packages/colcon_core/task/python/colcon_distutils_commands:/home/jashwanth/arduinobot_ws/install/arduinobot_py_examples/lib/python3.12/site-packages:/home/jashwanth/arduinobot_ws/install/arduinobot_msgs/lib/python3.12/site-packages:/home/jashwanth/arduinobot_ws/install/object_detection/lib/python3.12/site-packages:/home/jashwanth/arduinobot_ws/install/arduinobot_utils/lib/python3.12/site-packages:/home/jashwanth/arduinobot_ws/install/arduinobot_remote/lib/python3.12/site-packages:/home/jashwanth/arduinobot_ws/install/arduinobot_py_examples/lib/python3.12/site-packages:/home/jashwanth/arduinobot_ws/install/arduinobot_controller/lib/python3.12/site-packages:/opt/ros/jazzy/lib/python3.12/site-packages /usr/bin/python3 -W ignore:setup.py install is deprecated -W ignore:easy_install command is deprecated setup.py egg_info --egg-base ../../build/arduinobot_py_examples build --build-base /home/jashwanth/arduinobot_ws/build/arduinobot_py_examples/build install --record /home/jashwanth/arduinobot_ws/build/arduinobot_py_examples/install.log --single-version-externally-managed install_data
[0.878s] running egg_info
[0.878s] creating ../../build/arduinobot_py_examples/arduinobot_py_examples.egg-info
[0.891s] writing ../../build/arduinobot_py_examples/arduinobot_py_examples.egg-info/PKG-INFO
[0.891s] writing dependency_links to ../../build/arduinobot_py_examples/arduinobot_py_examples.egg-info/dependency_links.txt
[0.891s] writing entry points to ../../build/arduinobot_py_examples/arduinobot_py_examples.egg-info/entry_points.txt
[0.891s] writing requirements to ../../build/arduinobot_py_examples/arduinobot_py_examples.egg-info/requires.txt
[0.891s] writing top-level names to ../../build/arduinobot_py_examples/arduinobot_py_examples.egg-info/top_level.txt
[0.891s] writing manifest file '../../build/arduinobot_py_examples/arduinobot_py_examples.egg-info/SOURCES.txt'
[0.916s] reading manifest file '../../build/arduinobot_py_examples/arduinobot_py_examples.egg-info/SOURCES.txt'
[0.917s] writing manifest file '../../build/arduinobot_py_examples/arduinobot_py_examples.egg-info/SOURCES.txt'
[0.917s] running build
[0.917s] running build_py
[0.917s] creating /home/jashwanth/arduinobot_ws/build/arduinobot_py_examples/build
[0.917s] creating /home/jashwanth/arduinobot_ws/build/arduinobot_py_examples/build/lib
[0.917s] creating /home/jashwanth/arduinobot_ws/build/arduinobot_py_examples/build/lib/arduinobot_py_examples
[0.918s] copying arduinobot_py_examples/simple_action_server.py -> /home/jashwanth/arduinobot_ws/build/arduinobot_py_examples/build/lib/arduinobot_py_examples
[0.918s] copying arduinobot_py_examples/simple_parameter.py -> /home/jashwanth/arduinobot_ws/build/arduinobot_py_examples/build/lib/arduinobot_py_examples
[0.918s] copying arduinobot_py_examples/simple_moveit_interface.py -> /home/jashwanth/arduinobot_ws/build/arduinobot_py_examples/build/lib/arduinobot_py_examples
[0.918s] copying arduinobot_py_examples/simple_action_client.py -> /home/jashwanth/arduinobot_ws/build/arduinobot_py_examples/build/lib/arduinobot_py_examples
[0.918s] copying arduinobot_py_examples/simple_publisher.py -> /home/jashwanth/arduinobot_ws/build/arduinobot_py_examples/build/lib/arduinobot_py_examples
[0.918s] copying arduinobot_py_examples/simple_subscriber.py -> /home/jashwanth/arduinobot_ws/build/arduinobot_py_examples/build/lib/arduinobot_py_examples
[0.918s] copying arduinobot_py_examples/simple_service_client.py -> /home/jashwanth/arduinobot_ws/build/arduinobot_py_examples/build/lib/arduinobot_py_examples
[0.918s] copying arduinobot_py_examples/__init__.py -> /home/jashwanth/arduinobot_ws/build/arduinobot_py_examples/build/lib/arduinobot_py_examples
[0.918s] copying arduinobot_py_examples/simple_service_server.py -> /home/jashwanth/arduinobot_ws/build/arduinobot_py_examples/build/lib/arduinobot_py_examples
[0.918s] running install
[0.922s] running install_lib
[0.938s] creating /home/jashwanth/arduinobot_ws/install/arduinobot_py_examples/lib/python3.12/site-packages/arduinobot_py_examples
[0.938s] copying /home/jashwanth/arduinobot_ws/build/arduinobot_py_examples/build/lib/arduinobot_py_examples/simple_action_server.py -> /home/jashwanth/arduinobot_ws/install/arduinobot_py_examples/lib/python3.12/site-packages/arduinobot_py_examples
[0.938s] copying /home/jashwanth/arduinobot_ws/build/arduinobot_py_examples/build/lib/arduinobot_py_examples/simple_parameter.py -> /home/jashwanth/arduinobot_ws/install/arduinobot_py_examples/lib/python3.12/site-packages/arduinobot_py_examples
[0.939s] copying /home/jashwanth/arduinobot_ws/build/arduinobot_py_examples/build/lib/arduinobot_py_examples/simple_moveit_interface.py -> /home/jashwanth/arduinobot_ws/install/arduinobot_py_examples/lib/python3.12/site-packages/arduinobot_py_examples
[0.939s] copying /home/jashwanth/arduinobot_ws/build/arduinobot_py_examples/build/lib/arduinobot_py_examples/simple_action_client.py -> /home/jashwanth/arduinobot_ws/install/arduinobot_py_examples/lib/python3.12/site-packages/arduinobot_py_examples
[0.939s] copying /home/jashwanth/arduinobot_ws/build/arduinobot_py_examples/build/lib/arduinobot_py_examples/simple_publisher.py -> /home/jashwanth/arduinobot_ws/install/arduinobot_py_examples/lib/python3.12/site-packages/arduinobot_py_examples
[0.939s] copying /home/jashwanth/arduinobot_ws/build/arduinobot_py_examples/build/lib/arduinobot_py_examples/simple_subscriber.py -> /home/jashwanth/arduinobot_ws/install/arduinobot_py_examples/lib/python3.12/site-packages/arduinobot_py_examples
[0.939s] copying /home/jashwanth/arduinobot_ws/build/arduinobot_py_examples/build/lib/arduinobot_py_examples/simple_service_client.py -> /home/jashwanth/arduinobot_ws/install/arduinobot_py_examples/lib/python3.12/site-packages/arduinobot_py_examples
[0.939s] copying /home/jashwanth/arduinobot_ws/build/arduinobot_py_examples/build/lib/arduinobot_py_examples/__init__.py -> /home/jashwanth/arduinobot_ws/install/arduinobot_py_examples/lib/python3.12/site-packages/arduinobot_py_examples
[0.939s] copying /home/jashwanth/arduinobot_ws/build/arduinobot_py_examples/build/lib/arduinobot_py_examples/simple_service_server.py -> /home/jashwanth/arduinobot_ws/install/arduinobot_py_examples/lib/python3.12/site-packages/arduinobot_py_examples
[0.939s] byte-compiling /home/jashwanth/arduinobot_ws/install/arduinobot_py_examples/lib/python3.12/site-packages/arduinobot_py_examples/simple_action_server.py to simple_action_server.cpython-312.pyc
[0.940s] byte-compiling /home/jashwanth/arduinobot_ws/install/arduinobot_py_examples/lib/python3.12/site-packages/arduinobot_py_examples/simple_parameter.py to simple_parameter.cpython-312.pyc
[0.940s] byte-compiling /home/jashwanth/arduinobot_ws/install/arduinobot_py_examples/lib/python3.12/site-packages/arduinobot_py_examples/simple_moveit_interface.py to simple_moveit_interface.cpython-312.pyc
[0.940s] byte-compiling /home/jashwanth/arduinobot_ws/install/arduinobot_py_examples/lib/python3.12/site-packages/arduinobot_py_examples/simple_action_client.py to simple_action_client.cpython-312.pyc
[0.940s] byte-compiling /home/jashwanth/arduinobot_ws/install/arduinobot_py_examples/lib/python3.12/site-packages/arduinobot_py_examples/simple_publisher.py to simple_publisher.cpython-312.pyc
[0.941s] byte-compiling /home/jashwanth/arduinobot_ws/install/arduinobot_py_examples/lib/python3.12/site-packages/arduinobot_py_examples/simple_subscriber.py to simple_subscriber.cpython-312.pyc
[0.941s] byte-compiling /home/jashwanth/arduinobot_ws/install/arduinobot_py_examples/lib/python3.12/site-packages/arduinobot_py_examples/simple_service_client.py to simple_service_client.cpython-312.pyc
[0.941s] byte-compiling /home/jashwanth/arduinobot_ws/install/arduinobot_py_examples/lib/python3.12/site-packages/arduinobot_py_examples/__init__.py to __init__.cpython-312.pyc
[0.941s] byte-compiling /home/jashwanth/arduinobot_ws/install/arduinobot_py_examples/lib/python3.12/site-packages/arduinobot_py_examples/simple_service_server.py to simple_service_server.cpython-312.pyc
[0.942s] running install_data
[0.942s] creating /home/jashwanth/arduinobot_ws/install/arduinobot_py_examples/share/ament_index
[0.942s] creating /home/jashwanth/arduinobot_ws/install/arduinobot_py_examples/share/ament_index/resource_index
[0.942s] creating /home/jashwanth/arduinobot_ws/install/arduinobot_py_examples/share/ament_index/resource_index/packages
[0.942s] copying resource/arduinobot_py_examples -> /home/jashwanth/arduinobot_ws/install/arduinobot_py_examples/share/ament_index/resource_index/packages
[0.942s] copying package.xml -> /home/jashwanth/arduinobot_ws/install/arduinobot_py_examples/share/arduinobot_py_examples
[0.942s] creating /home/jashwanth/arduinobot_ws/install/arduinobot_py_examples/share/arduinobot_py_examples/launch
[0.942s] copying launch/simple_moveit_interface.launch.py -> /home/jashwanth/arduinobot_ws/install/arduinobot_py_examples/share/arduinobot_py_examples/launch
[0.942s] running install_egg_info
[0.957s] Copying ../../build/arduinobot_py_examples/arduinobot_py_examples.egg-info to /home/jashwanth/arduinobot_ws/install/arduinobot_py_examples/lib/python3.12/site-packages/arduinobot_py_examples-0.0.0-py3.12.egg-info
[0.957s] running install_scripts
[1.051s] Installing simple_action_client script to /home/jashwanth/arduinobot_ws/install/arduinobot_py_examples/lib/arduinobot_py_examples
[1.051s] Installing simple_action_server script to /home/jashwanth/arduinobot_ws/install/arduinobot_py_examples/lib/arduinobot_py_examples
[1.051s] Installing simple_moveit_interface script to /home/jashwanth/arduinobot_ws/install/arduinobot_py_examples/lib/arduinobot_py_examples
[1.051s] Installing simple_parameter script to /home/jashwanth/arduinobot_ws/install/arduinobot_py_examples/lib/arduinobot_py_examples
[1.052s] Installing simple_publisher script to /home/jashwanth/arduinobot_ws/install/arduinobot_py_examples/lib/arduinobot_py_examples
[1.052s] Installing simple_service_client script to /home/jashwanth/arduinobot_ws/install/arduinobot_py_examples/lib/arduinobot_py_examples
[1.052s] Installing simple_service_server script to /home/jashwanth/arduinobot_ws/install/arduinobot_py_examples/lib/arduinobot_py_examples
[1.052s] Installing simple_subscriber script to /home/jashwanth/arduinobot_ws/install/arduinobot_py_examples/lib/arduinobot_py_examples
[1.052s] writing list of installed files to '/home/jashwanth/arduinobot_ws/build/arduinobot_py_examples/install.log'
[1.077s] Invoked command in '/home/jashwanth/arduinobot_ws/src/arduinobot_py_examples' returned '0': CMAKE_PREFIX_PATH=/home/jashwanth/arduinobot_ws/install/arduinobot_msgs:/home/jashwanth/arduinobot_ws/install/arduinobot_utils:/home/jashwanth/arduinobot_ws/install/arduinobot_bringup:/home/jashwanth/arduinobot_ws/install/arduinobot_remote:/home/jashwanth/arduinobot_ws/install/arduinobot_cpp_examples:/home/jashwanth/arduinobot_ws/install/arduinobot_moveit:/home/jashwanth/arduinobot_ws/install/arduinobot_controller:/home/jashwanth/arduinobot_ws/install/arduinobot_description:/opt/ros/jazzy/opt/gz_launch_vendor:/opt/ros/jazzy/opt/gz_sim_vendor:/opt/ros/jazzy/opt/gz_sensors_vendor:/opt/ros/jazzy/opt/gz_physics_vendor:/opt/ros/jazzy/opt/sdformat_vendor:/opt/ros/jazzy/opt/gz_gui_vendor:/opt/ros/jazzy/opt/gz_transport_vendor:/opt/ros/jazzy/opt/gz_rendering_vendor:/opt/ros/jazzy/opt/gz_plugin_vendor:/opt/ros/jazzy/opt/gz_fuel_tools_vendor:/opt/ros/jazzy/opt/gz_msgs_vendor:/opt/ros/jazzy/opt/gz_common_vendor:/opt/ros/jazzy/opt/gz_math_vendor:/opt/ros/jazzy/opt/gz_utils_vendor:/opt/ros/jazzy/opt/gz_tools_vendor:/opt/ros/jazzy/opt/gz_ogre_next_vendor:/opt/ros/jazzy/opt/gz_dartsim_vendor:/opt/ros/jazzy/opt/gz_cmake_vendor DEBUGINFOD_URLS=https://debuginfod.ubuntu.com LD_LIBRARY_PATH=/home/jashwanth/arduinobot_ws/install/arduinobot_msgs/lib:/home/jashwanth/arduinobot_ws/install/arduinobot_remote/lib:/home/jashwanth/arduinobot_ws/install/arduinobot_cpp_examples/lib:/opt/ros/jazzy/opt/gz_launch_vendor/lib:/opt/ros/jazzy/opt/gz_sim_vendor/lib:/opt/ros/jazzy/opt/gz_sensors_vendor/lib:/opt/ros/jazzy/opt/gz_physics_vendor/lib:/opt/ros/jazzy/opt/sdformat_vendor/lib:/opt/ros/jazzy/opt/rviz_ogre_vendor/lib:/opt/ros/jazzy/lib/x86_64-linux-gnu:/opt/ros/jazzy/opt/gz_gui_vendor/lib:/opt/ros/jazzy/opt/gz_transport_vendor/lib:/opt/ros/jazzy/opt/gz_rendering_vendor/lib:/opt/ros/jazzy/opt/gz_plugin_vendor/lib:/opt/ros/jazzy/opt/gz_fuel_tools_vendor/lib:/opt/ros/jazzy/opt/gz_msgs_vendor/lib:/opt/ros/jazzy/opt/gz_common_vendor/lib:/opt/ros/jazzy/opt/gz_math_vendor/lib:/opt/ros/jazzy/opt/gz_utils_vendor/lib:/opt/ros/jazzy/opt/gz_tools_vendor/lib:/opt/ros/jazzy/opt/gz_ogre_next_vendor/lib:/opt/ros/jazzy/opt/gz_dartsim_vendor/lib:/opt/ros/jazzy/opt/gz_cmake_vendor/lib:/opt/ros/jazzy/lib PYTHONPATH=/home/jashwanth/arduinobot_ws/build/arduinobot_py_examples/prefix_override:/usr/lib/python3/dist-packages/colcon_core/task/python/colcon_distutils_commands:/home/jashwanth/arduinobot_ws/install/arduinobot_py_examples/lib/python3.12/site-packages:/home/jashwanth/arduinobot_ws/install/arduinobot_msgs/lib/python3.12/site-packages:/home/jashwanth/arduinobot_ws/install/object_detection/lib/python3.12/site-packages:/home/jashwanth/arduinobot_ws/install/arduinobot_utils/lib/python3.12/site-packages:/home/jashwanth/arduinobot_ws/install/arduinobot_remote/lib/python3.12/site-packages:/home/jashwanth/arduinobot_ws/install/arduinobot_py_examples/lib/python3.12/site-packages:/home/jashwanth/arduinobot_ws/install/arduinobot_controller/lib/python3.12/site-packages:/opt/ros/jazzy/lib/python3.12/site-packages /usr/bin/python3 -W ignore:setup.py install is deprecated -W ignore:easy_install command is deprecated setup.py egg_info --egg-base ../../build/arduinobot_py_examples build --build-base /home/jashwanth/arduinobot_ws/build/arduinobot_py_examples/build install --record /home/jashwanth/arduinobot_ws/build/arduinobot_py_examples/install.log --single-version-externally-managed install_data
