/home/jashwanth/arduinobot_ws/install/object_detection/lib/python3.12/site-packages/object_detection/manipulation_client.py
/home/jashwanth/arduinobot_ws/install/object_detection/lib/python3.12/site-packages/object_detection/simple_task_server.py
/home/jashwanth/arduinobot_ws/install/object_detection/lib/python3.12/site-packages/object_detection/__init__.py
/home/jashwanth/arduinobot_ws/install/object_detection/lib/python3.12/site-packages/object_detection/enhanced_task_server.py
/home/jashwanth/arduinobot_ws/install/object_detection/lib/python3.12/site-packages/object_detection/object_detector.py
/home/jashwanth/arduinobot_ws/install/object_detection/lib/python3.12/site-packages/object_detection/__pycache__/manipulation_client.cpython-312.pyc
/home/jashwanth/arduinobot_ws/install/object_detection/lib/python3.12/site-packages/object_detection/__pycache__/simple_task_server.cpython-312.pyc
/home/jashwanth/arduinobot_ws/install/object_detection/lib/python3.12/site-packages/object_detection/__pycache__/__init__.cpython-312.pyc
/home/jashwanth/arduinobot_ws/install/object_detection/lib/python3.12/site-packages/object_detection/__pycache__/enhanced_task_server.cpython-312.pyc
/home/jashwanth/arduinobot_ws/install/object_detection/lib/python3.12/site-packages/object_detection/__pycache__/object_detector.cpython-312.pyc
/home/jashwanth/arduinobot_ws/install/object_detection/share/ament_index/resource_index/packages/object_detection
/home/jashwanth/arduinobot_ws/install/object_detection/share/object_detection/package.xml
/home/jashwanth/arduinobot_ws/install/object_detection/lib/python3.12/site-packages/object_detection-0.0.0-py3.12.egg-info/PKG-INFO
/home/jashwanth/arduinobot_ws/install/object_detection/lib/python3.12/site-packages/object_detection-0.0.0-py3.12.egg-info/entry_points.txt
/home/jashwanth/arduinobot_ws/install/object_detection/lib/python3.12/site-packages/object_detection-0.0.0-py3.12.egg-info/requires.txt
/home/jashwanth/arduinobot_ws/install/object_detection/lib/python3.12/site-packages/object_detection-0.0.0-py3.12.egg-info/zip-safe
/home/jashwanth/arduinobot_ws/install/object_detection/lib/python3.12/site-packages/object_detection-0.0.0-py3.12.egg-info/dependency_links.txt
/home/jashwanth/arduinobot_ws/install/object_detection/lib/python3.12/site-packages/object_detection-0.0.0-py3.12.egg-info/top_level.txt
/home/jashwanth/arduinobot_ws/install/object_detection/lib/python3.12/site-packages/object_detection-0.0.0-py3.12.egg-info/SOURCES.txt
/home/jashwanth/arduinobot_ws/install/object_detection/lib/object_detection/enhanced_task_server
/home/jashwanth/arduinobot_ws/install/object_detection/lib/object_detection/manipulation_client
/home/jashwanth/arduinobot_ws/install/object_detection/lib/object_detection/object_detector
/home/jashwanth/arduinobot_ws/install/object_detection/lib/object_detection/simple_task_server
