[0.478s] Invoking command in '/home/jashwanth/arduinobot_ws/src/arduinobot_py_examples': CMAKE_PREFIX_PATH=/home/jashwanth/arduinobot_ws/install/arduinobot_msgs:/home/jashwanth/arduinobot_ws/install/arduinobot_utils:/home/jashwanth/arduinobot_ws/install/arduinobot_cpp_examples:/home/jashwanth/arduinobot_ws/install/arduinobot_moveit:/home/jashwanth/arduinobot_ws/install/arduinobot_controller:/home/jashwanth/arduinobot_ws/install/arduinobot_description:/opt/ros/jazzy/opt/gz_sim_vendor:/opt/ros/jazzy/opt/gz_sensors_vendor:/opt/ros/jazzy/opt/gz_physics_vendor:/opt/ros/jazzy/opt/sdformat_vendor:/opt/ros/jazzy/opt/gz_gui_vendor:/opt/ros/jazzy/opt/gz_transport_vendor:/opt/ros/jazzy/opt/gz_rendering_vendor:/opt/ros/jazzy/opt/gz_plugin_vendor:/opt/ros/jazzy/opt/gz_fuel_tools_vendor:/opt/ros/jazzy/opt/gz_msgs_vendor:/opt/ros/jazzy/opt/gz_common_vendor:/opt/ros/jazzy/opt/gz_math_vendor:/opt/ros/jazzy/opt/gz_utils_vendor:/opt/ros/jazzy/opt/gz_tools_vendor:/opt/ros/jazzy/opt/gz_ogre_next_vendor:/opt/ros/jazzy/opt/gz_dartsim_vendor:/opt/ros/jazzy/opt/gz_cmake_vendor DEBUGINFOD_URLS=https://debuginfod.ubuntu.com PYTHONPATH=/home/jashwanth/arduinobot_ws/build/arduinobot_py_examples/prefix_override:/usr/lib/python3/dist-packages/colcon_core/task/python/colcon_distutils_commands:/home/jashwanth/arduinobot_ws/install/arduinobot_py_examples/lib/python3.12/site-packages:/home/jashwanth/arduinobot_ws/install/arduinobot_msgs/lib/python3.12/site-packages:/home/jashwanth/arduinobot_ws/build/arduinobot_py_examples:/home/jashwanth/arduinobot_ws/install/arduinobot_utils/lib/python3.12/site-packages:/home/jashwanth/arduinobot_ws/install/arduinobot_py_examples/lib/python3.12/site-packages:/home/jashwanth/arduinobot_ws/install/arduinobot_controller/lib/python3.12/site-packages:/opt/ros/jazzy/lib/python3.12/site-packages /usr/bin/python3 -W ignore:setup.py install is deprecated -W ignore:easy_install command is deprecated setup.py egg_info --egg-base ../../build/arduinobot_py_examples build --build-base /home/jashwanth/arduinobot_ws/build/arduinobot_py_examples/build install --record /home/jashwanth/arduinobot_ws/build/arduinobot_py_examples/install.log --single-version-externally-managed install_data
[0.631s] running egg_info
[0.641s] writing ../../build/arduinobot_py_examples/arduinobot_py_examples.egg-info/PKG-INFO
[0.641s] writing dependency_links to ../../build/arduinobot_py_examples/arduinobot_py_examples.egg-info/dependency_links.txt
[0.641s] writing entry points to ../../build/arduinobot_py_examples/arduinobot_py_examples.egg-info/entry_points.txt
[0.642s] writing requirements to ../../build/arduinobot_py_examples/arduinobot_py_examples.egg-info/requires.txt
[0.642s] writing top-level names to ../../build/arduinobot_py_examples/arduinobot_py_examples.egg-info/top_level.txt
[0.663s] reading manifest file '../../build/arduinobot_py_examples/arduinobot_py_examples.egg-info/SOURCES.txt'
[0.663s] writing manifest file '../../build/arduinobot_py_examples/arduinobot_py_examples.egg-info/SOURCES.txt'
[0.663s] running build
[0.663s] running build_py
[0.663s] running install
[0.667s] running install_lib
[0.678s] running install_data
[0.678s] running install_egg_info
[0.689s] removing '/home/jashwanth/arduinobot_ws/install/arduinobot_py_examples/lib/python3.12/site-packages/arduinobot_py_examples-0.0.0-py3.12.egg-info' (and everything under it)
[0.689s] Copying ../../build/arduinobot_py_examples/arduinobot_py_examples.egg-info to /home/jashwanth/arduinobot_ws/install/arduinobot_py_examples/lib/python3.12/site-packages/arduinobot_py_examples-0.0.0-py3.12.egg-info
[0.689s] running install_scripts
[0.762s] Installing simple_parameter script to /home/jashwanth/arduinobot_ws/install/arduinobot_py_examples/lib/arduinobot_py_examples
[0.763s] Installing simple_publisher script to /home/jashwanth/arduinobot_ws/install/arduinobot_py_examples/lib/arduinobot_py_examples
[0.763s] Installing simple_service_client script to /home/jashwanth/arduinobot_ws/install/arduinobot_py_examples/lib/arduinobot_py_examples
[0.763s] Installing simple_service_server script to /home/jashwanth/arduinobot_ws/install/arduinobot_py_examples/lib/arduinobot_py_examples
[0.763s] Installing simple_subscriber script to /home/jashwanth/arduinobot_ws/install/arduinobot_py_examples/lib/arduinobot_py_examples
[0.763s] writing list of installed files to '/home/jashwanth/arduinobot_ws/build/arduinobot_py_examples/install.log'
[0.777s] Invoked command in '/home/jashwanth/arduinobot_ws/src/arduinobot_py_examples' returned '0': CMAKE_PREFIX_PATH=/home/jashwanth/arduinobot_ws/install/arduinobot_msgs:/home/jashwanth/arduinobot_ws/install/arduinobot_utils:/home/jashwanth/arduinobot_ws/install/arduinobot_cpp_examples:/home/jashwanth/arduinobot_ws/install/arduinobot_moveit:/home/jashwanth/arduinobot_ws/install/arduinobot_controller:/home/jashwanth/arduinobot_ws/install/arduinobot_description:/opt/ros/jazzy/opt/gz_sim_vendor:/opt/ros/jazzy/opt/gz_sensors_vendor:/opt/ros/jazzy/opt/gz_physics_vendor:/opt/ros/jazzy/opt/sdformat_vendor:/opt/ros/jazzy/opt/gz_gui_vendor:/opt/ros/jazzy/opt/gz_transport_vendor:/opt/ros/jazzy/opt/gz_rendering_vendor:/opt/ros/jazzy/opt/gz_plugin_vendor:/opt/ros/jazzy/opt/gz_fuel_tools_vendor:/opt/ros/jazzy/opt/gz_msgs_vendor:/opt/ros/jazzy/opt/gz_common_vendor:/opt/ros/jazzy/opt/gz_math_vendor:/opt/ros/jazzy/opt/gz_utils_vendor:/opt/ros/jazzy/opt/gz_tools_vendor:/opt/ros/jazzy/opt/gz_ogre_next_vendor:/opt/ros/jazzy/opt/gz_dartsim_vendor:/opt/ros/jazzy/opt/gz_cmake_vendor DEBUGINFOD_URLS=https://debuginfod.ubuntu.com PYTHONPATH=/home/jashwanth/arduinobot_ws/build/arduinobot_py_examples/prefix_override:/usr/lib/python3/dist-packages/colcon_core/task/python/colcon_distutils_commands:/home/jashwanth/arduinobot_ws/install/arduinobot_py_examples/lib/python3.12/site-packages:/home/jashwanth/arduinobot_ws/install/arduinobot_msgs/lib/python3.12/site-packages:/home/jashwanth/arduinobot_ws/build/arduinobot_py_examples:/home/jashwanth/arduinobot_ws/install/arduinobot_utils/lib/python3.12/site-packages:/home/jashwanth/arduinobot_ws/install/arduinobot_py_examples/lib/python3.12/site-packages:/home/jashwanth/arduinobot_ws/install/arduinobot_controller/lib/python3.12/site-packages:/opt/ros/jazzy/lib/python3.12/site-packages /usr/bin/python3 -W ignore:setup.py install is deprecated -W ignore:easy_install command is deprecated setup.py egg_info --egg-base ../../build/arduinobot_py_examples build --build-base /home/jashwanth/arduinobot_ws/build/arduinobot_py_examples/build install --record /home/jashwanth/arduinobot_ws/build/arduinobot_py_examples/install.log --single-version-externally-managed install_data
