[0.006s] Invoking command in '/home/jashwanth/arduinobot_ws/build/arduinobot_controller': CMAKE_PREFIX_PATH=/home/jashwanth/arduinobot_ws/install/arduinobot_description:/home/jashwanth/arduinobot_ws/install/arduinobot_utils:/home/jashwanth/arduinobot_ws/install/arduinobot_bringup:/home/jashwanth/arduinobot_ws/install/arduinobot_remote:/home/jashwanth/arduinobot_ws/install/arduinobot_cpp_examples:/home/jashwanth/arduinobot_ws/install/arduinobot_msgs:/home/jashwanth/arduinobot_ws/install/arduinobot_moveit:/home/jashwanth/arduinobot_ws/install/arduinobot_controller:/opt/ros/jazzy/opt/gz_launch_vendor:/opt/ros/jazzy/opt/gz_sim_vendor:/opt/ros/jazzy/opt/gz_sensors_vendor:/opt/ros/jazzy/opt/gz_physics_vendor:/opt/ros/jazzy/opt/sdformat_vendor:/opt/ros/jazzy/opt/gz_gui_vendor:/opt/ros/jazzy/opt/gz_transport_vendor:/opt/ros/jazzy/opt/gz_rendering_vendor:/opt/ros/jazzy/opt/gz_plugin_vendor:/opt/ros/jazzy/opt/gz_fuel_tools_vendor:/opt/ros/jazzy/opt/gz_msgs_vendor:/opt/ros/jazzy/opt/gz_common_vendor:/opt/ros/jazzy/opt/gz_math_vendor:/opt/ros/jazzy/opt/gz_utils_vendor:/opt/ros/jazzy/opt/gz_tools_vendor:/opt/ros/jazzy/opt/gz_ogre_next_vendor:/opt/ros/jazzy/opt/gz_dartsim_vendor:/opt/ros/jazzy/opt/gz_cmake_vendor:/home/jashwanth/arduinobot_ws/install/object_detection:/home/jashwanth/arduinobot_ws/install/arduinobot_py_examples:/opt/ros/jazzy DEBUGINFOD_URLS=https://debuginfod.ubuntu.com /usr/bin/cmake /home/jashwanth/arduinobot_ws/src/arduinobot_controller -DCMAKE_INSTALL_PREFIX=/home/jashwanth/arduinobot_ws/install/arduinobot_controller
[0.056s] -- The C compiler identification is GNU 13.3.0
[0.099s] -- The CXX compiler identification is GNU 13.3.0
[0.112s] -- Detecting C compiler ABI info
[0.175s] -- Detecting C compiler ABI info - done
[0.182s] -- Check for working C compiler: /usr/bin/cc - skipped
[0.182s] -- Detecting C compile features
[0.182s] -- Detecting C compile features - done
[0.190s] -- Detecting CXX compiler ABI info
[0.266s] -- Detecting CXX compiler ABI info - done
[0.276s] -- Check for working CXX compiler: /usr/bin/c++ - skipped
[0.277s] -- Detecting CXX compile features
[0.277s] -- Detecting CXX compile features - done
[0.281s] -- Found ament_cmake: 2.5.4 (/opt/ros/jazzy/share/ament_cmake/cmake)
[0.404s] -- Found Python3: /usr/bin/python3 (found version "3.12.3") found components: Interpreter 
[0.488s] -- Found trajectory_msgs: 5.3.6 (/opt/ros/jazzy/share/trajectory_msgs/cmake)
[0.525s] -- Found rosidl_generator_c: 4.6.6 (/opt/ros/jazzy/share/rosidl_generator_c/cmake)
[0.536s] -- Found rosidl_generator_cpp: 4.6.6 (/opt/ros/jazzy/share/rosidl_generator_cpp/cmake)
[0.548s] -- Using all available rosidl_typesupport_c: rosidl_typesupport_fastrtps_c;rosidl_typesupport_introspection_c
[0.562s] -- Using all available rosidl_typesupport_cpp: rosidl_typesupport_fastrtps_cpp;rosidl_typesupport_introspection_cpp
[0.622s] -- Found sensor_msgs: 5.3.6 (/opt/ros/jazzy/share/sensor_msgs/cmake)
[0.651s] -- Found rclcpp: 28.1.12 (/opt/ros/jazzy/share/rclcpp/cmake)
[0.691s] -- Found rmw_implementation_cmake: 7.3.2 (/opt/ros/jazzy/share/rmw_implementation_cmake/cmake)
[0.694s] -- Found rmw_fastrtps_cpp: 8.4.3 (/opt/ros/jazzy/share/rmw_fastrtps_cpp/cmake)
[0.780s] -- Found OpenSSL: /usr/lib/x86_64-linux-gnu/libcrypto.so (found version "3.0.13")  
[0.797s] -- Found FastRTPS: /opt/ros/jazzy/include (Required is at least version "2.13") 
[0.819s] -- Using RMW implementation 'rmw_fastrtps_cpp' as default
[0.880s] -- Found rclpy: 7.1.5 (/opt/ros/jazzy/share/rclpy/cmake)
[1.012s] -- Configuring done (1.0s)
[1.021s] -- Generating done (0.0s)
[1.024s] -- Build files have been written to: /home/jashwanth/arduinobot_ws/build/arduinobot_controller
[1.031s] Invoked command in '/home/jashwanth/arduinobot_ws/build/arduinobot_controller' returned '0': CMAKE_PREFIX_PATH=/home/jashwanth/arduinobot_ws/install/arduinobot_description:/home/jashwanth/arduinobot_ws/install/arduinobot_utils:/home/jashwanth/arduinobot_ws/install/arduinobot_bringup:/home/jashwanth/arduinobot_ws/install/arduinobot_remote:/home/jashwanth/arduinobot_ws/install/arduinobot_cpp_examples:/home/jashwanth/arduinobot_ws/install/arduinobot_msgs:/home/jashwanth/arduinobot_ws/install/arduinobot_moveit:/home/jashwanth/arduinobot_ws/install/arduinobot_controller:/opt/ros/jazzy/opt/gz_launch_vendor:/opt/ros/jazzy/opt/gz_sim_vendor:/opt/ros/jazzy/opt/gz_sensors_vendor:/opt/ros/jazzy/opt/gz_physics_vendor:/opt/ros/jazzy/opt/sdformat_vendor:/opt/ros/jazzy/opt/gz_gui_vendor:/opt/ros/jazzy/opt/gz_transport_vendor:/opt/ros/jazzy/opt/gz_rendering_vendor:/opt/ros/jazzy/opt/gz_plugin_vendor:/opt/ros/jazzy/opt/gz_fuel_tools_vendor:/opt/ros/jazzy/opt/gz_msgs_vendor:/opt/ros/jazzy/opt/gz_common_vendor:/opt/ros/jazzy/opt/gz_math_vendor:/opt/ros/jazzy/opt/gz_utils_vendor:/opt/ros/jazzy/opt/gz_tools_vendor:/opt/ros/jazzy/opt/gz_ogre_next_vendor:/opt/ros/jazzy/opt/gz_dartsim_vendor:/opt/ros/jazzy/opt/gz_cmake_vendor:/home/jashwanth/arduinobot_ws/install/object_detection:/home/jashwanth/arduinobot_ws/install/arduinobot_py_examples:/opt/ros/jazzy DEBUGINFOD_URLS=https://debuginfod.ubuntu.com /usr/bin/cmake /home/jashwanth/arduinobot_ws/src/arduinobot_controller -DCMAKE_INSTALL_PREFIX=/home/jashwanth/arduinobot_ws/install/arduinobot_controller
[1.032s] Invoking command in '/home/jashwanth/arduinobot_ws/build/arduinobot_controller': CMAKE_PREFIX_PATH=/home/jashwanth/arduinobot_ws/install/arduinobot_description:/home/jashwanth/arduinobot_ws/install/arduinobot_utils:/home/jashwanth/arduinobot_ws/install/arduinobot_bringup:/home/jashwanth/arduinobot_ws/install/arduinobot_remote:/home/jashwanth/arduinobot_ws/install/arduinobot_cpp_examples:/home/jashwanth/arduinobot_ws/install/arduinobot_msgs:/home/jashwanth/arduinobot_ws/install/arduinobot_moveit:/home/jashwanth/arduinobot_ws/install/arduinobot_controller:/opt/ros/jazzy/opt/gz_launch_vendor:/opt/ros/jazzy/opt/gz_sim_vendor:/opt/ros/jazzy/opt/gz_sensors_vendor:/opt/ros/jazzy/opt/gz_physics_vendor:/opt/ros/jazzy/opt/sdformat_vendor:/opt/ros/jazzy/opt/gz_gui_vendor:/opt/ros/jazzy/opt/gz_transport_vendor:/opt/ros/jazzy/opt/gz_rendering_vendor:/opt/ros/jazzy/opt/gz_plugin_vendor:/opt/ros/jazzy/opt/gz_fuel_tools_vendor:/opt/ros/jazzy/opt/gz_msgs_vendor:/opt/ros/jazzy/opt/gz_common_vendor:/opt/ros/jazzy/opt/gz_math_vendor:/opt/ros/jazzy/opt/gz_utils_vendor:/opt/ros/jazzy/opt/gz_tools_vendor:/opt/ros/jazzy/opt/gz_ogre_next_vendor:/opt/ros/jazzy/opt/gz_dartsim_vendor:/opt/ros/jazzy/opt/gz_cmake_vendor:/home/jashwanth/arduinobot_ws/install/object_detection:/home/jashwanth/arduinobot_ws/install/arduinobot_py_examples:/opt/ros/jazzy DEBUGINFOD_URLS=https://debuginfod.ubuntu.com /usr/bin/cmake --build /home/jashwanth/arduinobot_ws/build/arduinobot_controller -- -j20 -l20
[1.072s] [ 50%] [32mBuilding CXX object CMakeFiles/slider_control.dir/src/slider_control.cpp.o[0m
[1.079s] [ 50%] Built target ament_cmake_python_copy_arduinobot_controller
[1.219s] running egg_info
[1.219s] creating arduinobot_controller.egg-info
[1.231s] writing arduinobot_controller.egg-info/PKG-INFO
[1.231s] writing dependency_links to arduinobot_controller.egg-info/dependency_links.txt
[1.231s] writing top-level names to arduinobot_controller.egg-info/top_level.txt
[1.231s] writing manifest file 'arduinobot_controller.egg-info/SOURCES.txt'
[1.265s] reading manifest file 'arduinobot_controller.egg-info/SOURCES.txt'
[1.265s] writing manifest file 'arduinobot_controller.egg-info/SOURCES.txt'
[1.286s] [ 50%] Built target ament_cmake_python_build_arduinobot_controller_egg
[6.186s] [100%] [32m[1mLinking CXX executable slider_control[0m
[6.401s] [100%] Built target slider_control
[6.410s] Invoked command in '/home/jashwanth/arduinobot_ws/build/arduinobot_controller' returned '0': CMAKE_PREFIX_PATH=/home/jashwanth/arduinobot_ws/install/arduinobot_description:/home/jashwanth/arduinobot_ws/install/arduinobot_utils:/home/jashwanth/arduinobot_ws/install/arduinobot_bringup:/home/jashwanth/arduinobot_ws/install/arduinobot_remote:/home/jashwanth/arduinobot_ws/install/arduinobot_cpp_examples:/home/jashwanth/arduinobot_ws/install/arduinobot_msgs:/home/jashwanth/arduinobot_ws/install/arduinobot_moveit:/home/jashwanth/arduinobot_ws/install/arduinobot_controller:/opt/ros/jazzy/opt/gz_launch_vendor:/opt/ros/jazzy/opt/gz_sim_vendor:/opt/ros/jazzy/opt/gz_sensors_vendor:/opt/ros/jazzy/opt/gz_physics_vendor:/opt/ros/jazzy/opt/sdformat_vendor:/opt/ros/jazzy/opt/gz_gui_vendor:/opt/ros/jazzy/opt/gz_transport_vendor:/opt/ros/jazzy/opt/gz_rendering_vendor:/opt/ros/jazzy/opt/gz_plugin_vendor:/opt/ros/jazzy/opt/gz_fuel_tools_vendor:/opt/ros/jazzy/opt/gz_msgs_vendor:/opt/ros/jazzy/opt/gz_common_vendor:/opt/ros/jazzy/opt/gz_math_vendor:/opt/ros/jazzy/opt/gz_utils_vendor:/opt/ros/jazzy/opt/gz_tools_vendor:/opt/ros/jazzy/opt/gz_ogre_next_vendor:/opt/ros/jazzy/opt/gz_dartsim_vendor:/opt/ros/jazzy/opt/gz_cmake_vendor:/home/jashwanth/arduinobot_ws/install/object_detection:/home/jashwanth/arduinobot_ws/install/arduinobot_py_examples:/opt/ros/jazzy DEBUGINFOD_URLS=https://debuginfod.ubuntu.com /usr/bin/cmake --build /home/jashwanth/arduinobot_ws/build/arduinobot_controller -- -j20 -l20
[6.411s] Invoking command in '/home/jashwanth/arduinobot_ws/build/arduinobot_controller': CMAKE_PREFIX_PATH=/home/jashwanth/arduinobot_ws/install/arduinobot_description:/home/jashwanth/arduinobot_ws/install/arduinobot_utils:/home/jashwanth/arduinobot_ws/install/arduinobot_bringup:/home/jashwanth/arduinobot_ws/install/arduinobot_remote:/home/jashwanth/arduinobot_ws/install/arduinobot_cpp_examples:/home/jashwanth/arduinobot_ws/install/arduinobot_msgs:/home/jashwanth/arduinobot_ws/install/arduinobot_moveit:/home/jashwanth/arduinobot_ws/install/arduinobot_controller:/opt/ros/jazzy/opt/gz_launch_vendor:/opt/ros/jazzy/opt/gz_sim_vendor:/opt/ros/jazzy/opt/gz_sensors_vendor:/opt/ros/jazzy/opt/gz_physics_vendor:/opt/ros/jazzy/opt/sdformat_vendor:/opt/ros/jazzy/opt/gz_gui_vendor:/opt/ros/jazzy/opt/gz_transport_vendor:/opt/ros/jazzy/opt/gz_rendering_vendor:/opt/ros/jazzy/opt/gz_plugin_vendor:/opt/ros/jazzy/opt/gz_fuel_tools_vendor:/opt/ros/jazzy/opt/gz_msgs_vendor:/opt/ros/jazzy/opt/gz_common_vendor:/opt/ros/jazzy/opt/gz_math_vendor:/opt/ros/jazzy/opt/gz_utils_vendor:/opt/ros/jazzy/opt/gz_tools_vendor:/opt/ros/jazzy/opt/gz_ogre_next_vendor:/opt/ros/jazzy/opt/gz_dartsim_vendor:/opt/ros/jazzy/opt/gz_cmake_vendor:/home/jashwanth/arduinobot_ws/install/object_detection:/home/jashwanth/arduinobot_ws/install/arduinobot_py_examples:/opt/ros/jazzy DEBUGINFOD_URLS=https://debuginfod.ubuntu.com /usr/bin/cmake --install /home/jashwanth/arduinobot_ws/build/arduinobot_controller
[6.420s] -- Install configuration: ""
[6.420s] -- Installing: /home/jashwanth/arduinobot_ws/install/arduinobot_controller/share/arduinobot_controller/environment/pythonpath.sh
[6.420s] -- Installing: /home/jashwanth/arduinobot_ws/install/arduinobot_controller/share/arduinobot_controller/environment/pythonpath.dsv
[6.420s] -- Installing: /home/jashwanth/arduinobot_ws/install/arduinobot_controller/lib/python3.12/site-packages/arduinobot_controller-0.0.0-py3.12.egg-info
[6.421s] -- Installing: /home/jashwanth/arduinobot_ws/install/arduinobot_controller/lib/python3.12/site-packages/arduinobot_controller-0.0.0-py3.12.egg-info/PKG-INFO
[6.421s] -- Installing: /home/jashwanth/arduinobot_ws/install/arduinobot_controller/lib/python3.12/site-packages/arduinobot_controller-0.0.0-py3.12.egg-info/dependency_links.txt
[6.421s] -- Installing: /home/jashwanth/arduinobot_ws/install/arduinobot_controller/lib/python3.12/site-packages/arduinobot_controller-0.0.0-py3.12.egg-info/top_level.txt
[6.421s] -- Installing: /home/jashwanth/arduinobot_ws/install/arduinobot_controller/lib/python3.12/site-packages/arduinobot_controller-0.0.0-py3.12.egg-info/SOURCES.txt
[6.421s] -- Installing: /home/jashwanth/arduinobot_ws/install/arduinobot_controller/lib/python3.12/site-packages/arduinobot_controller
[6.421s] -- Installing: /home/jashwanth/arduinobot_ws/install/arduinobot_controller/lib/python3.12/site-packages/arduinobot_controller/slider_control.py
[6.421s] -- Installing: /home/jashwanth/arduinobot_ws/install/arduinobot_controller/lib/python3.12/site-packages/arduinobot_controller/__init__.py
[6.447s] Listing '/home/jashwanth/arduinobot_ws/install/arduinobot_controller/lib/python3.12/site-packages/arduinobot_controller'...
[6.447s] Compiling '/home/jashwanth/arduinobot_ws/install/arduinobot_controller/lib/python3.12/site-packages/arduinobot_controller/__init__.py'...
[6.448s] Compiling '/home/jashwanth/arduinobot_ws/install/arduinobot_controller/lib/python3.12/site-packages/arduinobot_controller/slider_control.py'...
[6.451s] -- Installing: /home/jashwanth/arduinobot_ws/install/arduinobot_controller/lib/arduinobot_controller/slider_control
[6.453s] -- Set non-toolchain portion of runtime path of "/home/jashwanth/arduinobot_ws/install/arduinobot_controller/lib/arduinobot_controller/slider_control" to ""
[6.453s] -- Installing: /home/jashwanth/arduinobot_ws/install/arduinobot_controller/share/arduinobot_controller/launch
[6.454s] -- Installing: /home/jashwanth/arduinobot_ws/install/arduinobot_controller/share/arduinobot_controller/launch/slider_controller.launch.py
[6.454s] -- Installing: /home/jashwanth/arduinobot_ws/install/arduinobot_controller/share/arduinobot_controller/launch/controller.launch.py
[6.454s] -- Installing: /home/jashwanth/arduinobot_ws/install/arduinobot_controller/share/arduinobot_controller/config
[6.454s] -- Installing: /home/jashwanth/arduinobot_ws/install/arduinobot_controller/share/arduinobot_controller/config/arduinobot_controllers.yaml
[6.454s] -- Installing: /home/jashwanth/arduinobot_ws/install/arduinobot_controller/lib/arduinobot_controller/slider_control.py
[6.454s] -- Installing: /home/jashwanth/arduinobot_ws/install/arduinobot_controller/share/ament_index/resource_index/package_run_dependencies/arduinobot_controller
[6.454s] -- Installing: /home/jashwanth/arduinobot_ws/install/arduinobot_controller/share/ament_index/resource_index/parent_prefix_path/arduinobot_controller
[6.454s] -- Installing: /home/jashwanth/arduinobot_ws/install/arduinobot_controller/share/arduinobot_controller/environment/ament_prefix_path.sh
[6.454s] -- Installing: /home/jashwanth/arduinobot_ws/install/arduinobot_controller/share/arduinobot_controller/environment/ament_prefix_path.dsv
[6.455s] -- Installing: /home/jashwanth/arduinobot_ws/install/arduinobot_controller/share/arduinobot_controller/environment/path.sh
[6.455s] -- Installing: /home/jashwanth/arduinobot_ws/install/arduinobot_controller/share/arduinobot_controller/environment/path.dsv
[6.455s] -- Installing: /home/jashwanth/arduinobot_ws/install/arduinobot_controller/share/arduinobot_controller/local_setup.bash
[6.455s] -- Installing: /home/jashwanth/arduinobot_ws/install/arduinobot_controller/share/arduinobot_controller/local_setup.sh
[6.455s] -- Installing: /home/jashwanth/arduinobot_ws/install/arduinobot_controller/share/arduinobot_controller/local_setup.zsh
[6.455s] -- Installing: /home/jashwanth/arduinobot_ws/install/arduinobot_controller/share/arduinobot_controller/local_setup.dsv
[6.455s] -- Installing: /home/jashwanth/arduinobot_ws/install/arduinobot_controller/share/arduinobot_controller/package.dsv
[6.455s] -- Installing: /home/jashwanth/arduinobot_ws/install/arduinobot_controller/share/ament_index/resource_index/packages/arduinobot_controller
[6.455s] -- Installing: /home/jashwanth/arduinobot_ws/install/arduinobot_controller/share/arduinobot_controller/cmake/arduinobot_controllerConfig.cmake
[6.455s] -- Installing: /home/jashwanth/arduinobot_ws/install/arduinobot_controller/share/arduinobot_controller/cmake/arduinobot_controllerConfig-version.cmake
[6.455s] -- Installing: /home/jashwanth/arduinobot_ws/install/arduinobot_controller/share/arduinobot_controller/package.xml
[6.456s] Invoked command in '/home/jashwanth/arduinobot_ws/build/arduinobot_controller' returned '0': CMAKE_PREFIX_PATH=/home/jashwanth/arduinobot_ws/install/arduinobot_description:/home/jashwanth/arduinobot_ws/install/arduinobot_utils:/home/jashwanth/arduinobot_ws/install/arduinobot_bringup:/home/jashwanth/arduinobot_ws/install/arduinobot_remote:/home/jashwanth/arduinobot_ws/install/arduinobot_cpp_examples:/home/jashwanth/arduinobot_ws/install/arduinobot_msgs:/home/jashwanth/arduinobot_ws/install/arduinobot_moveit:/home/jashwanth/arduinobot_ws/install/arduinobot_controller:/opt/ros/jazzy/opt/gz_launch_vendor:/opt/ros/jazzy/opt/gz_sim_vendor:/opt/ros/jazzy/opt/gz_sensors_vendor:/opt/ros/jazzy/opt/gz_physics_vendor:/opt/ros/jazzy/opt/sdformat_vendor:/opt/ros/jazzy/opt/gz_gui_vendor:/opt/ros/jazzy/opt/gz_transport_vendor:/opt/ros/jazzy/opt/gz_rendering_vendor:/opt/ros/jazzy/opt/gz_plugin_vendor:/opt/ros/jazzy/opt/gz_fuel_tools_vendor:/opt/ros/jazzy/opt/gz_msgs_vendor:/opt/ros/jazzy/opt/gz_common_vendor:/opt/ros/jazzy/opt/gz_math_vendor:/opt/ros/jazzy/opt/gz_utils_vendor:/opt/ros/jazzy/opt/gz_tools_vendor:/opt/ros/jazzy/opt/gz_ogre_next_vendor:/opt/ros/jazzy/opt/gz_dartsim_vendor:/opt/ros/jazzy/opt/gz_cmake_vendor:/home/jashwanth/arduinobot_ws/install/object_detection:/home/jashwanth/arduinobot_ws/install/arduinobot_py_examples:/opt/ros/jazzy DEBUGINFOD_URLS=https://debuginfod.ubuntu.com /usr/bin/cmake --install /home/jashwanth/arduinobot_ws/build/arduinobot_controller
