[0.133s] Invoking command in '/home/jashwanth/arduinobot_ws/build/arduinobot_utils': CMAKE_PREFIX_PATH=/home/jashwanth/arduinobot_ws/install/arduinobot_msgs:/home/jashwanth/arduinobot_ws/install/arduinobot_utils:/home/jashwanth/arduinobot_ws/install/arduinobot_cpp_examples:/home/jashwanth/arduinobot_ws/install/arduinobot_moveit:/home/jashwanth/arduinobot_ws/install/arduinobot_controller:/home/jashwanth/arduinobot_ws/install/arduinobot_description:/opt/ros/jazzy/opt/gz_sim_vendor:/opt/ros/jazzy/opt/gz_sensors_vendor:/opt/ros/jazzy/opt/gz_physics_vendor:/opt/ros/jazzy/opt/sdformat_vendor:/opt/ros/jazzy/opt/gz_gui_vendor:/opt/ros/jazzy/opt/gz_transport_vendor:/opt/ros/jazzy/opt/gz_rendering_vendor:/opt/ros/jazzy/opt/gz_plugin_vendor:/opt/ros/jazzy/opt/gz_fuel_tools_vendor:/opt/ros/jazzy/opt/gz_msgs_vendor:/opt/ros/jazzy/opt/gz_common_vendor:/opt/ros/jazzy/opt/gz_math_vendor:/opt/ros/jazzy/opt/gz_utils_vendor:/opt/ros/jazzy/opt/gz_tools_vendor:/opt/ros/jazzy/opt/gz_ogre_next_vendor:/opt/ros/jazzy/opt/gz_dartsim_vendor:/opt/ros/jazzy/opt/gz_cmake_vendor:/home/jashwanth/arduinobot_ws/install/arduinobot_py_examples:/opt/ros/jazzy DEBUGINFOD_URLS=https://debuginfod.ubuntu.com PYTHONPATH=/home/jashwanth/arduinobot_ws/install/arduinobot_msgs/lib/python3.12/site-packages:/home/jashwanth/arduinobot_ws/install/arduinobot_utils/lib/python3.12/site-packages:/home/jashwanth/arduinobot_ws/install/arduinobot_py_examples/lib/python3.12/site-packages:/home/jashwanth/arduinobot_ws/install/arduinobot_controller/lib/python3.12/site-packages:/opt/ros/jazzy/lib/python3.12/site-packages /usr/bin/cmake /home/jashwanth/arduinobot_ws/src/arduinobot_utils -DAMENT_CMAKE_SYMLINK_INSTALL=1 -DCMAKE_INSTALL_PREFIX=/home/jashwanth/arduinobot_ws/install/arduinobot_utils
[0.172s] -- The C compiler identification is GNU 13.3.0
[0.207s] -- The CXX compiler identification is GNU 13.3.0
[0.219s] -- Detecting C compiler ABI info
[0.287s] -- Detecting C compiler ABI info - done
[0.296s] -- Check for working C compiler: /usr/bin/cc - skipped
[0.296s] -- Detecting C compile features
[0.296s] -- Detecting C compile features - done
[0.304s] -- Detecting CXX compiler ABI info
[0.376s] -- Detecting CXX compiler ABI info - done
[0.382s] -- Check for working CXX compiler: /usr/bin/c++ - skipped
[0.382s] -- Detecting CXX compile features
[0.382s] -- Detecting CXX compile features - done
[0.384s] -- Found ament_cmake: 2.5.4 (/opt/ros/jazzy/share/ament_cmake/cmake)
[0.499s] -- Found Python3: /usr/bin/python3 (found version "3.12.3") found components: Interpreter 
[0.548s] -- Override CMake install command with custom implementation using symlinks instead of copying resources
[0.580s] -- Found rclpy: 7.1.5 (/opt/ros/jazzy/share/rclpy/cmake)
[0.582s] -- Found rclcpp: 28.1.12 (/opt/ros/jazzy/share/rclcpp/cmake)
[0.613s] -- Found rosidl_generator_c: 4.6.6 (/opt/ros/jazzy/share/rosidl_generator_c/cmake)
[0.623s] -- Found rosidl_generator_cpp: 4.6.6 (/opt/ros/jazzy/share/rosidl_generator_cpp/cmake)
[0.635s] -- Using all available rosidl_typesupport_c: rosidl_typesupport_fastrtps_c;rosidl_typesupport_introspection_c
[0.648s] -- Using all available rosidl_typesupport_cpp: rosidl_typesupport_fastrtps_cpp;rosidl_typesupport_introspection_cpp
[0.702s] -- Found rmw_implementation_cmake: 7.3.2 (/opt/ros/jazzy/share/rmw_implementation_cmake/cmake)
[0.705s] -- Found rmw_fastrtps_cpp: 8.4.3 (/opt/ros/jazzy/share/rmw_fastrtps_cpp/cmake)
[0.769s] -- Found OpenSSL: /usr/lib/x86_64-linux-gnu/libcrypto.so (found version "3.0.13")  
[0.789s] -- Found FastRTPS: /opt/ros/jazzy/include (Required is at least version "2.13") 
[0.809s] -- Using RMW implementation 'rmw_fastrtps_cpp' as default
[0.859s] -- Found arduinobot_msgs: 0.0.0 (/home/jashwanth/arduinobot_ws/install/arduinobot_msgs/share/arduinobot_msgs/cmake)
[0.872s] -- Found tf2: 0.36.14 (/opt/ros/jazzy/share/tf2/cmake)
[0.975s] -- Found ament_lint_auto: 0.17.3 (/opt/ros/jazzy/share/ament_lint_auto/cmake)
[1.056s] -- Added test 'cppcheck' to perform static code analysis on C / C++ code
[1.056s] -- Configured cppcheck include dirs: 
[1.056s] -- Configured cppcheck exclude dirs and/or files: 
[1.056s] -- Added test 'flake8' to check Python code syntax and style conventions
[1.056s] -- Configured 'flake8' exclude dirs and/or files: 
[1.057s] -- Added test 'lint_cmake' to check CMake code style
[1.057s] -- Added test 'pep257' to check Python code against some of the docstring style conventions in PEP 257
[1.058s] -- Added test 'uncrustify' to check C / C++ code style
[1.058s] -- Configured uncrustify additional arguments: 
[1.058s] -- Added test 'xmllint' to check XML markup files
[1.059s] -- Configuring done (0.9s)
[1.067s] -- Generating done (0.0s)
[1.069s] -- Build files have been written to: /home/jashwanth/arduinobot_ws/build/arduinobot_utils
[1.078s] Invoked command in '/home/jashwanth/arduinobot_ws/build/arduinobot_utils' returned '0': CMAKE_PREFIX_PATH=/home/jashwanth/arduinobot_ws/install/arduinobot_msgs:/home/jashwanth/arduinobot_ws/install/arduinobot_utils:/home/jashwanth/arduinobot_ws/install/arduinobot_cpp_examples:/home/jashwanth/arduinobot_ws/install/arduinobot_moveit:/home/jashwanth/arduinobot_ws/install/arduinobot_controller:/home/jashwanth/arduinobot_ws/install/arduinobot_description:/opt/ros/jazzy/opt/gz_sim_vendor:/opt/ros/jazzy/opt/gz_sensors_vendor:/opt/ros/jazzy/opt/gz_physics_vendor:/opt/ros/jazzy/opt/sdformat_vendor:/opt/ros/jazzy/opt/gz_gui_vendor:/opt/ros/jazzy/opt/gz_transport_vendor:/opt/ros/jazzy/opt/gz_rendering_vendor:/opt/ros/jazzy/opt/gz_plugin_vendor:/opt/ros/jazzy/opt/gz_fuel_tools_vendor:/opt/ros/jazzy/opt/gz_msgs_vendor:/opt/ros/jazzy/opt/gz_common_vendor:/opt/ros/jazzy/opt/gz_math_vendor:/opt/ros/jazzy/opt/gz_utils_vendor:/opt/ros/jazzy/opt/gz_tools_vendor:/opt/ros/jazzy/opt/gz_ogre_next_vendor:/opt/ros/jazzy/opt/gz_dartsim_vendor:/opt/ros/jazzy/opt/gz_cmake_vendor:/home/jashwanth/arduinobot_ws/install/arduinobot_py_examples:/opt/ros/jazzy DEBUGINFOD_URLS=https://debuginfod.ubuntu.com PYTHONPATH=/home/jashwanth/arduinobot_ws/install/arduinobot_msgs/lib/python3.12/site-packages:/home/jashwanth/arduinobot_ws/install/arduinobot_utils/lib/python3.12/site-packages:/home/jashwanth/arduinobot_ws/install/arduinobot_py_examples/lib/python3.12/site-packages:/home/jashwanth/arduinobot_ws/install/arduinobot_controller/lib/python3.12/site-packages:/opt/ros/jazzy/lib/python3.12/site-packages /usr/bin/cmake /home/jashwanth/arduinobot_ws/src/arduinobot_utils -DAMENT_CMAKE_SYMLINK_INSTALL=1 -DCMAKE_INSTALL_PREFIX=/home/jashwanth/arduinobot_ws/install/arduinobot_utils
[1.079s] Invoking command in '/home/jashwanth/arduinobot_ws/build/arduinobot_utils': CMAKE_PREFIX_PATH=/home/jashwanth/arduinobot_ws/install/arduinobot_msgs:/home/jashwanth/arduinobot_ws/install/arduinobot_utils:/home/jashwanth/arduinobot_ws/install/arduinobot_cpp_examples:/home/jashwanth/arduinobot_ws/install/arduinobot_moveit:/home/jashwanth/arduinobot_ws/install/arduinobot_controller:/home/jashwanth/arduinobot_ws/install/arduinobot_description:/opt/ros/jazzy/opt/gz_sim_vendor:/opt/ros/jazzy/opt/gz_sensors_vendor:/opt/ros/jazzy/opt/gz_physics_vendor:/opt/ros/jazzy/opt/sdformat_vendor:/opt/ros/jazzy/opt/gz_gui_vendor:/opt/ros/jazzy/opt/gz_transport_vendor:/opt/ros/jazzy/opt/gz_rendering_vendor:/opt/ros/jazzy/opt/gz_plugin_vendor:/opt/ros/jazzy/opt/gz_fuel_tools_vendor:/opt/ros/jazzy/opt/gz_msgs_vendor:/opt/ros/jazzy/opt/gz_common_vendor:/opt/ros/jazzy/opt/gz_math_vendor:/opt/ros/jazzy/opt/gz_utils_vendor:/opt/ros/jazzy/opt/gz_tools_vendor:/opt/ros/jazzy/opt/gz_ogre_next_vendor:/opt/ros/jazzy/opt/gz_dartsim_vendor:/opt/ros/jazzy/opt/gz_cmake_vendor:/home/jashwanth/arduinobot_ws/install/arduinobot_py_examples:/opt/ros/jazzy DEBUGINFOD_URLS=https://debuginfod.ubuntu.com PYTHONPATH=/home/jashwanth/arduinobot_ws/install/arduinobot_msgs/lib/python3.12/site-packages:/home/jashwanth/arduinobot_ws/install/arduinobot_utils/lib/python3.12/site-packages:/home/jashwanth/arduinobot_ws/install/arduinobot_py_examples/lib/python3.12/site-packages:/home/jashwanth/arduinobot_ws/install/arduinobot_controller/lib/python3.12/site-packages:/opt/ros/jazzy/lib/python3.12/site-packages /usr/bin/cmake --build /home/jashwanth/arduinobot_ws/build/arduinobot_utils -- -j20 -l20
[1.130s] [ 50%] [32mBuilding CXX object CMakeFiles/angle_conversion.dir/src/angle_conversion.cpp.o[0m
[1.139s] [ 50%] Built target ament_cmake_python_symlink_arduinobot_utils
[1.314s] running egg_info
[1.315s] creating arduinobot_utils.egg-info
[1.327s] writing arduinobot_utils.egg-info/PKG-INFO
[1.327s] writing dependency_links to arduinobot_utils.egg-info/dependency_links.txt
[1.327s] writing top-level names to arduinobot_utils.egg-info/top_level.txt
[1.327s] writing manifest file 'arduinobot_utils.egg-info/SOURCES.txt'
[1.362s] reading manifest file 'arduinobot_utils.egg-info/SOURCES.txt'
[1.362s] writing manifest file 'arduinobot_utils.egg-info/SOURCES.txt'
[1.386s] [ 50%] Built target ament_cmake_python_build_arduinobot_utils_egg
[3.664s] [100%] [32m[1mLinking CXX executable angle_conversion[0m
[3.761s] [100%] Built target angle_conversion
[3.770s] Invoked command in '/home/jashwanth/arduinobot_ws/build/arduinobot_utils' returned '0': CMAKE_PREFIX_PATH=/home/jashwanth/arduinobot_ws/install/arduinobot_msgs:/home/jashwanth/arduinobot_ws/install/arduinobot_utils:/home/jashwanth/arduinobot_ws/install/arduinobot_cpp_examples:/home/jashwanth/arduinobot_ws/install/arduinobot_moveit:/home/jashwanth/arduinobot_ws/install/arduinobot_controller:/home/jashwanth/arduinobot_ws/install/arduinobot_description:/opt/ros/jazzy/opt/gz_sim_vendor:/opt/ros/jazzy/opt/gz_sensors_vendor:/opt/ros/jazzy/opt/gz_physics_vendor:/opt/ros/jazzy/opt/sdformat_vendor:/opt/ros/jazzy/opt/gz_gui_vendor:/opt/ros/jazzy/opt/gz_transport_vendor:/opt/ros/jazzy/opt/gz_rendering_vendor:/opt/ros/jazzy/opt/gz_plugin_vendor:/opt/ros/jazzy/opt/gz_fuel_tools_vendor:/opt/ros/jazzy/opt/gz_msgs_vendor:/opt/ros/jazzy/opt/gz_common_vendor:/opt/ros/jazzy/opt/gz_math_vendor:/opt/ros/jazzy/opt/gz_utils_vendor:/opt/ros/jazzy/opt/gz_tools_vendor:/opt/ros/jazzy/opt/gz_ogre_next_vendor:/opt/ros/jazzy/opt/gz_dartsim_vendor:/opt/ros/jazzy/opt/gz_cmake_vendor:/home/jashwanth/arduinobot_ws/install/arduinobot_py_examples:/opt/ros/jazzy DEBUGINFOD_URLS=https://debuginfod.ubuntu.com PYTHONPATH=/home/jashwanth/arduinobot_ws/install/arduinobot_msgs/lib/python3.12/site-packages:/home/jashwanth/arduinobot_ws/install/arduinobot_utils/lib/python3.12/site-packages:/home/jashwanth/arduinobot_ws/install/arduinobot_py_examples/lib/python3.12/site-packages:/home/jashwanth/arduinobot_ws/install/arduinobot_controller/lib/python3.12/site-packages:/opt/ros/jazzy/lib/python3.12/site-packages /usr/bin/cmake --build /home/jashwanth/arduinobot_ws/build/arduinobot_utils -- -j20 -l20
[3.771s] Invoking command in '/home/jashwanth/arduinobot_ws/build/arduinobot_utils': CMAKE_PREFIX_PATH=/home/jashwanth/arduinobot_ws/install/arduinobot_msgs:/home/jashwanth/arduinobot_ws/install/arduinobot_utils:/home/jashwanth/arduinobot_ws/install/arduinobot_cpp_examples:/home/jashwanth/arduinobot_ws/install/arduinobot_moveit:/home/jashwanth/arduinobot_ws/install/arduinobot_controller:/home/jashwanth/arduinobot_ws/install/arduinobot_description:/opt/ros/jazzy/opt/gz_sim_vendor:/opt/ros/jazzy/opt/gz_sensors_vendor:/opt/ros/jazzy/opt/gz_physics_vendor:/opt/ros/jazzy/opt/sdformat_vendor:/opt/ros/jazzy/opt/gz_gui_vendor:/opt/ros/jazzy/opt/gz_transport_vendor:/opt/ros/jazzy/opt/gz_rendering_vendor:/opt/ros/jazzy/opt/gz_plugin_vendor:/opt/ros/jazzy/opt/gz_fuel_tools_vendor:/opt/ros/jazzy/opt/gz_msgs_vendor:/opt/ros/jazzy/opt/gz_common_vendor:/opt/ros/jazzy/opt/gz_math_vendor:/opt/ros/jazzy/opt/gz_utils_vendor:/opt/ros/jazzy/opt/gz_tools_vendor:/opt/ros/jazzy/opt/gz_ogre_next_vendor:/opt/ros/jazzy/opt/gz_dartsim_vendor:/opt/ros/jazzy/opt/gz_cmake_vendor:/home/jashwanth/arduinobot_ws/install/arduinobot_py_examples:/opt/ros/jazzy DEBUGINFOD_URLS=https://debuginfod.ubuntu.com PYTHONPATH=/home/jashwanth/arduinobot_ws/install/arduinobot_msgs/lib/python3.12/site-packages:/home/jashwanth/arduinobot_ws/install/arduinobot_utils/lib/python3.12/site-packages:/home/jashwanth/arduinobot_ws/install/arduinobot_py_examples/lib/python3.12/site-packages:/home/jashwanth/arduinobot_ws/install/arduinobot_controller/lib/python3.12/site-packages:/opt/ros/jazzy/lib/python3.12/site-packages /usr/bin/cmake --install /home/jashwanth/arduinobot_ws/build/arduinobot_utils
[3.776s] -- Install configuration: ""
[3.776s] -- Execute custom install script
[3.776s] -- Symlinking: /home/jashwanth/arduinobot_ws/install/arduinobot_utils/share/arduinobot_utils/environment/pythonpath.sh
[3.781s] -- Symlinking: /home/jashwanth/arduinobot_ws/install/arduinobot_utils/share/arduinobot_utils/environment/pythonpath.dsv
[3.790s] -- Symlinking: /home/jashwanth/arduinobot_ws/install/arduinobot_utils/lib/python3.12/site-packages/arduinobot_utils-0.0.0-py3.12.egg-info/PKG-INFO
[3.795s] -- Symlinking: /home/jashwanth/arduinobot_ws/install/arduinobot_utils/lib/python3.12/site-packages/arduinobot_utils-0.0.0-py3.12.egg-info/SOURCES.txt
[3.800s] -- Symlinking: /home/jashwanth/arduinobot_ws/install/arduinobot_utils/lib/python3.12/site-packages/arduinobot_utils-0.0.0-py3.12.egg-info/dependency_links.txt
[3.808s] -- Symlinking: /home/jashwanth/arduinobot_ws/install/arduinobot_utils/lib/python3.12/site-packages/arduinobot_utils-0.0.0-py3.12.egg-info/top_level.txt
[3.816s] -- Symlinking: /home/jashwanth/arduinobot_ws/install/arduinobot_utils/lib/python3.12/site-packages/arduinobot_utils/__init__.py
[3.821s] -- Symlinking: /home/jashwanth/arduinobot_ws/install/arduinobot_utils/lib/python3.12/site-packages/arduinobot_utils/angle_conversion.py
[3.829s] -- Symlinking: /home/jashwanth/arduinobot_ws/install/arduinobot_utils/lib/arduinobot_utils/angle_conversion
[3.834s] -- Symlinking: /home/jashwanth/arduinobot_ws/install/arduinobot_utils/lib/arduinobot_utils/angle_conversion.py
[3.839s] -- Symlinking: /home/jashwanth/arduinobot_ws/install/arduinobot_utils/share/ament_index/resource_index/package_run_dependencies/arduinobot_utils
[3.847s] -- Symlinking: /home/jashwanth/arduinobot_ws/install/arduinobot_utils/share/ament_index/resource_index/parent_prefix_path/arduinobot_utils
[3.854s] -- Symlinking: /home/jashwanth/arduinobot_ws/install/arduinobot_utils/share/arduinobot_utils/environment/ament_prefix_path.sh
[3.859s] -- Symlinking: /home/jashwanth/arduinobot_ws/install/arduinobot_utils/share/arduinobot_utils/environment/ament_prefix_path.dsv
[3.866s] -- Symlinking: /home/jashwanth/arduinobot_ws/install/arduinobot_utils/share/arduinobot_utils/environment/path.sh
[3.873s] -- Symlinking: /home/jashwanth/arduinobot_ws/install/arduinobot_utils/share/arduinobot_utils/environment/path.dsv
[3.878s] -- Symlinking: /home/jashwanth/arduinobot_ws/install/arduinobot_utils/share/arduinobot_utils/local_setup.bash
[3.883s] -- Symlinking: /home/jashwanth/arduinobot_ws/install/arduinobot_utils/share/arduinobot_utils/local_setup.sh
[3.892s] -- Symlinking: /home/jashwanth/arduinobot_ws/install/arduinobot_utils/share/arduinobot_utils/local_setup.zsh
[3.898s] -- Symlinking: /home/jashwanth/arduinobot_ws/install/arduinobot_utils/share/arduinobot_utils/local_setup.dsv
[3.904s] -- Symlinking: /home/jashwanth/arduinobot_ws/install/arduinobot_utils/share/arduinobot_utils/package.dsv
[3.911s] -- Symlinking: /home/jashwanth/arduinobot_ws/install/arduinobot_utils/share/ament_index/resource_index/packages/arduinobot_utils
[3.916s] -- Symlinking: /home/jashwanth/arduinobot_ws/install/arduinobot_utils/share/arduinobot_utils/cmake/arduinobot_utilsConfig.cmake
[3.921s] -- Symlinking: /home/jashwanth/arduinobot_ws/install/arduinobot_utils/share/arduinobot_utils/cmake/arduinobot_utilsConfig-version.cmake
[3.929s] -- Symlinking: /home/jashwanth/arduinobot_ws/install/arduinobot_utils/share/arduinobot_utils/package.xml
[3.957s] Listing '/home/jashwanth/arduinobot_ws/install/arduinobot_utils/lib/python3.12/site-packages/arduinobot_utils'...
[3.957s] Compiling '/home/jashwanth/arduinobot_ws/install/arduinobot_utils/lib/python3.12/site-packages/arduinobot_utils/__init__.py'...
[3.957s] Compiling '/home/jashwanth/arduinobot_ws/install/arduinobot_utils/lib/python3.12/site-packages/arduinobot_utils/angle_conversion.py'...
[3.962s] Invoked command in '/home/jashwanth/arduinobot_ws/build/arduinobot_utils' returned '0': CMAKE_PREFIX_PATH=/home/jashwanth/arduinobot_ws/install/arduinobot_msgs:/home/jashwanth/arduinobot_ws/install/arduinobot_utils:/home/jashwanth/arduinobot_ws/install/arduinobot_cpp_examples:/home/jashwanth/arduinobot_ws/install/arduinobot_moveit:/home/jashwanth/arduinobot_ws/install/arduinobot_controller:/home/jashwanth/arduinobot_ws/install/arduinobot_description:/opt/ros/jazzy/opt/gz_sim_vendor:/opt/ros/jazzy/opt/gz_sensors_vendor:/opt/ros/jazzy/opt/gz_physics_vendor:/opt/ros/jazzy/opt/sdformat_vendor:/opt/ros/jazzy/opt/gz_gui_vendor:/opt/ros/jazzy/opt/gz_transport_vendor:/opt/ros/jazzy/opt/gz_rendering_vendor:/opt/ros/jazzy/opt/gz_plugin_vendor:/opt/ros/jazzy/opt/gz_fuel_tools_vendor:/opt/ros/jazzy/opt/gz_msgs_vendor:/opt/ros/jazzy/opt/gz_common_vendor:/opt/ros/jazzy/opt/gz_math_vendor:/opt/ros/jazzy/opt/gz_utils_vendor:/opt/ros/jazzy/opt/gz_tools_vendor:/opt/ros/jazzy/opt/gz_ogre_next_vendor:/opt/ros/jazzy/opt/gz_dartsim_vendor:/opt/ros/jazzy/opt/gz_cmake_vendor:/home/jashwanth/arduinobot_ws/install/arduinobot_py_examples:/opt/ros/jazzy DEBUGINFOD_URLS=https://debuginfod.ubuntu.com PYTHONPATH=/home/jashwanth/arduinobot_ws/install/arduinobot_msgs/lib/python3.12/site-packages:/home/jashwanth/arduinobot_ws/install/arduinobot_utils/lib/python3.12/site-packages:/home/jashwanth/arduinobot_ws/install/arduinobot_py_examples/lib/python3.12/site-packages:/home/jashwanth/arduinobot_ws/install/arduinobot_controller/lib/python3.12/site-packages:/opt/ros/jazzy/lib/python3.12/site-packages /usr/bin/cmake --install /home/jashwanth/arduinobot_ws/build/arduinobot_utils
