[0.159s] Invoking command in '/home/jashwanth/arduinobot_ws/build/arduinobot_utils': AMENT_PREFIX_PATH=/home/jashwanth/arduinobot_ws/install/arduinobot_msgs:${AMENT_PREFIX_PATH} CMAKE_PREFIX_PATH=/home/jashwanth/arduinobot_ws/install/arduinobot_msgs:/opt/ros/jazzy/opt/gz_launch_vendor:/opt/ros/jazzy/opt/gz_sim_vendor:/opt/ros/jazzy/opt/gz_sensors_vendor:/opt/ros/jazzy/opt/gz_physics_vendor:/opt/ros/jazzy/opt/sdformat_vendor:/opt/ros/jazzy/opt/gz_gui_vendor:/opt/ros/jazzy/opt/gz_transport_vendor:/opt/ros/jazzy/opt/gz_rendering_vendor:/opt/ros/jazzy/opt/gz_plugin_vendor:/opt/ros/jazzy/opt/gz_fuel_tools_vendor:/opt/ros/jazzy/opt/gz_msgs_vendor:/opt/ros/jazzy/opt/gz_common_vendor:/opt/ros/jazzy/opt/gz_math_vendor:/opt/ros/jazzy/opt/gz_utils_vendor:/opt/ros/jazzy/opt/gz_tools_vendor:/opt/ros/jazzy/opt/gz_ogre_next_vendor:/opt/ros/jazzy/opt/gz_dartsim_vendor:/opt/ros/jazzy/opt/gz_cmake_vendor:/opt/ros/jazzy DEBUGINFOD_URLS=https://debuginfod.ubuntu.com LD_LIBRARY_PATH=/home/jashwanth/arduinobot_ws/install/arduinobot_msgs/lib:${LD_LIBRARY_PATH} PYTHONPATH=/home/jashwanth/arduinobot_ws/install/arduinobot_msgs/lib/python3.12/site-packages:${PYTHONPATH} /usr/bin/cmake --build /home/jashwanth/arduinobot_ws/build/arduinobot_utils -- -j20 -l20
[0.212s] [100%] Built target ament_cmake_python_copy_arduinobot_utils
[0.212s] [100%] Built target angle_conversion
[0.353s] running egg_info
[0.365s] writing arduinobot_utils.egg-info/PKG-INFO
[0.365s] writing dependency_links to arduinobot_utils.egg-info/dependency_links.txt
[0.366s] writing top-level names to arduinobot_utils.egg-info/top_level.txt
[0.402s] reading manifest file 'arduinobot_utils.egg-info/SOURCES.txt'
[0.403s] writing manifest file 'arduinobot_utils.egg-info/SOURCES.txt'
[0.424s] [100%] Built target ament_cmake_python_build_arduinobot_utils_egg
[0.434s] Invoked command in '/home/jashwanth/arduinobot_ws/build/arduinobot_utils' returned '0': AMENT_PREFIX_PATH=/home/jashwanth/arduinobot_ws/install/arduinobot_msgs:${AMENT_PREFIX_PATH} CMAKE_PREFIX_PATH=/home/jashwanth/arduinobot_ws/install/arduinobot_msgs:/opt/ros/jazzy/opt/gz_launch_vendor:/opt/ros/jazzy/opt/gz_sim_vendor:/opt/ros/jazzy/opt/gz_sensors_vendor:/opt/ros/jazzy/opt/gz_physics_vendor:/opt/ros/jazzy/opt/sdformat_vendor:/opt/ros/jazzy/opt/gz_gui_vendor:/opt/ros/jazzy/opt/gz_transport_vendor:/opt/ros/jazzy/opt/gz_rendering_vendor:/opt/ros/jazzy/opt/gz_plugin_vendor:/opt/ros/jazzy/opt/gz_fuel_tools_vendor:/opt/ros/jazzy/opt/gz_msgs_vendor:/opt/ros/jazzy/opt/gz_common_vendor:/opt/ros/jazzy/opt/gz_math_vendor:/opt/ros/jazzy/opt/gz_utils_vendor:/opt/ros/jazzy/opt/gz_tools_vendor:/opt/ros/jazzy/opt/gz_ogre_next_vendor:/opt/ros/jazzy/opt/gz_dartsim_vendor:/opt/ros/jazzy/opt/gz_cmake_vendor:/opt/ros/jazzy DEBUGINFOD_URLS=https://debuginfod.ubuntu.com LD_LIBRARY_PATH=/home/jashwanth/arduinobot_ws/install/arduinobot_msgs/lib:${LD_LIBRARY_PATH} PYTHONPATH=/home/jashwanth/arduinobot_ws/install/arduinobot_msgs/lib/python3.12/site-packages:${PYTHONPATH} /usr/bin/cmake --build /home/jashwanth/arduinobot_ws/build/arduinobot_utils -- -j20 -l20
[0.435s] Invoking command in '/home/jashwanth/arduinobot_ws/build/arduinobot_utils': AMENT_PREFIX_PATH=/home/jashwanth/arduinobot_ws/install/arduinobot_msgs:${AMENT_PREFIX_PATH} CMAKE_PREFIX_PATH=/home/jashwanth/arduinobot_ws/install/arduinobot_msgs:/opt/ros/jazzy/opt/gz_launch_vendor:/opt/ros/jazzy/opt/gz_sim_vendor:/opt/ros/jazzy/opt/gz_sensors_vendor:/opt/ros/jazzy/opt/gz_physics_vendor:/opt/ros/jazzy/opt/sdformat_vendor:/opt/ros/jazzy/opt/gz_gui_vendor:/opt/ros/jazzy/opt/gz_transport_vendor:/opt/ros/jazzy/opt/gz_rendering_vendor:/opt/ros/jazzy/opt/gz_plugin_vendor:/opt/ros/jazzy/opt/gz_fuel_tools_vendor:/opt/ros/jazzy/opt/gz_msgs_vendor:/opt/ros/jazzy/opt/gz_common_vendor:/opt/ros/jazzy/opt/gz_math_vendor:/opt/ros/jazzy/opt/gz_utils_vendor:/opt/ros/jazzy/opt/gz_tools_vendor:/opt/ros/jazzy/opt/gz_ogre_next_vendor:/opt/ros/jazzy/opt/gz_dartsim_vendor:/opt/ros/jazzy/opt/gz_cmake_vendor:/opt/ros/jazzy DEBUGINFOD_URLS=https://debuginfod.ubuntu.com LD_LIBRARY_PATH=/home/jashwanth/arduinobot_ws/install/arduinobot_msgs/lib:${LD_LIBRARY_PATH} PYTHONPATH=/home/jashwanth/arduinobot_ws/install/arduinobot_msgs/lib/python3.12/site-packages:${PYTHONPATH} /usr/bin/cmake --install /home/jashwanth/arduinobot_ws/build/arduinobot_utils
[0.444s] -- Install configuration: ""
[0.444s] -- Up-to-date: /home/jashwanth/arduinobot_ws/install/arduinobot_utils/share/arduinobot_utils/environment/pythonpath.sh
[0.444s] -- Up-to-date: /home/jashwanth/arduinobot_ws/install/arduinobot_utils/share/arduinobot_utils/environment/pythonpath.dsv
[0.445s] -- Up-to-date: /home/jashwanth/arduinobot_ws/install/arduinobot_utils/lib/python3.12/site-packages/arduinobot_utils-0.0.0-py3.12.egg-info
[0.445s] -- Installing: /home/jashwanth/arduinobot_ws/install/arduinobot_utils/lib/python3.12/site-packages/arduinobot_utils-0.0.0-py3.12.egg-info/PKG-INFO
[0.445s] -- Installing: /home/jashwanth/arduinobot_ws/install/arduinobot_utils/lib/python3.12/site-packages/arduinobot_utils-0.0.0-py3.12.egg-info/dependency_links.txt
[0.445s] -- Installing: /home/jashwanth/arduinobot_ws/install/arduinobot_utils/lib/python3.12/site-packages/arduinobot_utils-0.0.0-py3.12.egg-info/top_level.txt
[0.445s] -- Installing: /home/jashwanth/arduinobot_ws/install/arduinobot_utils/lib/python3.12/site-packages/arduinobot_utils-0.0.0-py3.12.egg-info/SOURCES.txt
[0.445s] -- Up-to-date: /home/jashwanth/arduinobot_ws/install/arduinobot_utils/lib/python3.12/site-packages/arduinobot_utils
[0.445s] -- Up-to-date: /home/jashwanth/arduinobot_ws/install/arduinobot_utils/lib/python3.12/site-packages/arduinobot_utils/world_markers_publisher.py
[0.445s] -- Up-to-date: /home/jashwanth/arduinobot_ws/install/arduinobot_utils/lib/python3.12/site-packages/arduinobot_utils/__init__.py
[0.445s] -- Up-to-date: /home/jashwanth/arduinobot_ws/install/arduinobot_utils/lib/python3.12/site-packages/arduinobot_utils/angle_conversion.py
[0.483s] Listing '/home/jashwanth/arduinobot_ws/install/arduinobot_utils/lib/python3.12/site-packages/arduinobot_utils'...
[0.489s] -- Up-to-date: /home/jashwanth/arduinobot_ws/install/arduinobot_utils/lib/arduinobot_utils/angle_conversion
[0.489s] -- Up-to-date: /home/jashwanth/arduinobot_ws/install/arduinobot_utils/lib/arduinobot_utils/angle_conversion.py
[0.489s] -- Up-to-date: /home/jashwanth/arduinobot_ws/install/arduinobot_utils/lib/arduinobot_utils/world_markers_publisher.py
[0.489s] -- Up-to-date: /home/jashwanth/arduinobot_ws/install/arduinobot_utils/share/ament_index/resource_index/package_run_dependencies/arduinobot_utils
[0.489s] -- Up-to-date: /home/jashwanth/arduinobot_ws/install/arduinobot_utils/share/ament_index/resource_index/parent_prefix_path/arduinobot_utils
[0.490s] -- Up-to-date: /home/jashwanth/arduinobot_ws/install/arduinobot_utils/share/arduinobot_utils/environment/ament_prefix_path.sh
[0.490s] -- Up-to-date: /home/jashwanth/arduinobot_ws/install/arduinobot_utils/share/arduinobot_utils/environment/ament_prefix_path.dsv
[0.490s] -- Up-to-date: /home/jashwanth/arduinobot_ws/install/arduinobot_utils/share/arduinobot_utils/environment/path.sh
[0.490s] -- Up-to-date: /home/jashwanth/arduinobot_ws/install/arduinobot_utils/share/arduinobot_utils/environment/path.dsv
[0.490s] -- Up-to-date: /home/jashwanth/arduinobot_ws/install/arduinobot_utils/share/arduinobot_utils/local_setup.bash
[0.490s] -- Up-to-date: /home/jashwanth/arduinobot_ws/install/arduinobot_utils/share/arduinobot_utils/local_setup.sh
[0.490s] -- Up-to-date: /home/jashwanth/arduinobot_ws/install/arduinobot_utils/share/arduinobot_utils/local_setup.zsh
[0.490s] -- Up-to-date: /home/jashwanth/arduinobot_ws/install/arduinobot_utils/share/arduinobot_utils/local_setup.dsv
[0.490s] -- Installing: /home/jashwanth/arduinobot_ws/install/arduinobot_utils/share/arduinobot_utils/package.dsv
[0.490s] -- Up-to-date: /home/jashwanth/arduinobot_ws/install/arduinobot_utils/share/ament_index/resource_index/packages/arduinobot_utils
[0.490s] -- Up-to-date: /home/jashwanth/arduinobot_ws/install/arduinobot_utils/share/arduinobot_utils/cmake/arduinobot_utilsConfig.cmake
[0.490s] -- Up-to-date: /home/jashwanth/arduinobot_ws/install/arduinobot_utils/share/arduinobot_utils/cmake/arduinobot_utilsConfig-version.cmake
[0.490s] -- Up-to-date: /home/jashwanth/arduinobot_ws/install/arduinobot_utils/share/arduinobot_utils/package.xml
[0.492s] Invoked command in '/home/jashwanth/arduinobot_ws/build/arduinobot_utils' returned '0': AMENT_PREFIX_PATH=/home/jashwanth/arduinobot_ws/install/arduinobot_msgs:${AMENT_PREFIX_PATH} CMAKE_PREFIX_PATH=/home/jashwanth/arduinobot_ws/install/arduinobot_msgs:/opt/ros/jazzy/opt/gz_launch_vendor:/opt/ros/jazzy/opt/gz_sim_vendor:/opt/ros/jazzy/opt/gz_sensors_vendor:/opt/ros/jazzy/opt/gz_physics_vendor:/opt/ros/jazzy/opt/sdformat_vendor:/opt/ros/jazzy/opt/gz_gui_vendor:/opt/ros/jazzy/opt/gz_transport_vendor:/opt/ros/jazzy/opt/gz_rendering_vendor:/opt/ros/jazzy/opt/gz_plugin_vendor:/opt/ros/jazzy/opt/gz_fuel_tools_vendor:/opt/ros/jazzy/opt/gz_msgs_vendor:/opt/ros/jazzy/opt/gz_common_vendor:/opt/ros/jazzy/opt/gz_math_vendor:/opt/ros/jazzy/opt/gz_utils_vendor:/opt/ros/jazzy/opt/gz_tools_vendor:/opt/ros/jazzy/opt/gz_ogre_next_vendor:/opt/ros/jazzy/opt/gz_dartsim_vendor:/opt/ros/jazzy/opt/gz_cmake_vendor:/opt/ros/jazzy DEBUGINFOD_URLS=https://debuginfod.ubuntu.com LD_LIBRARY_PATH=/home/jashwanth/arduinobot_ws/install/arduinobot_msgs/lib:${LD_LIBRARY_PATH} PYTHONPATH=/home/jashwanth/arduinobot_ws/install/arduinobot_msgs/lib/python3.12/site-packages:${PYTHONPATH} /usr/bin/cmake --install /home/jashwanth/arduinobot_ws/build/arduinobot_utils
