running egg_info
creating ../../build/object_detection/object_detection.egg-info
writing ../../build/object_detection/object_detection.egg-info/PKG-INFO
writing dependency_links to ../../build/object_detection/object_detection.egg-info/dependency_links.txt
writing entry points to ../../build/object_detection/object_detection.egg-info/entry_points.txt
writing requirements to ../../build/object_detection/object_detection.egg-info/requires.txt
writing top-level names to ../../build/object_detection/object_detection.egg-info/top_level.txt
writing manifest file '../../build/object_detection/object_detection.egg-info/SOURCES.txt'
reading manifest file '../../build/object_detection/object_detection.egg-info/SOURCES.txt'
writing manifest file '../../build/object_detection/object_detection.egg-info/SOURCES.txt'
running build
running build_py
creating /home/jashwanth/arduinobot_ws/build/object_detection/build
creating /home/jashwanth/arduinobot_ws/build/object_detection/build/lib
creating /home/jashwanth/arduinobot_ws/build/object_detection/build/lib/object_detection
copying object_detection/manipulation_client.py -> /home/jashwanth/arduinobot_ws/build/object_detection/build/lib/object_detection
copying object_detection/__init__.py -> /home/jashwanth/arduinobot_ws/build/object_detection/build/lib/object_detection
copying object_detection/enhanced_task_server.py -> /home/jashwanth/arduinobot_ws/build/object_detection/build/lib/object_detection
copying object_detection/object_detector.py -> /home/jashwanth/arduinobot_ws/build/object_detection/build/lib/object_detection
running install
running install_lib
creating /home/jashwanth/arduinobot_ws/install/object_detection/lib/python3.12/site-packages/object_detection
copying /home/jashwanth/arduinobot_ws/build/object_detection/build/lib/object_detection/manipulation_client.py -> /home/jashwanth/arduinobot_ws/install/object_detection/lib/python3.12/site-packages/object_detection
copying /home/jashwanth/arduinobot_ws/build/object_detection/build/lib/object_detection/__init__.py -> /home/jashwanth/arduinobot_ws/install/object_detection/lib/python3.12/site-packages/object_detection
copying /home/jashwanth/arduinobot_ws/build/object_detection/build/lib/object_detection/enhanced_task_server.py -> /home/jashwanth/arduinobot_ws/install/object_detection/lib/python3.12/site-packages/object_detection
copying /home/jashwanth/arduinobot_ws/build/object_detection/build/lib/object_detection/object_detector.py -> /home/jashwanth/arduinobot_ws/install/object_detection/lib/python3.12/site-packages/object_detection
byte-compiling /home/jashwanth/arduinobot_ws/install/object_detection/lib/python3.12/site-packages/object_detection/manipulation_client.py to manipulation_client.cpython-312.pyc
byte-compiling /home/jashwanth/arduinobot_ws/install/object_detection/lib/python3.12/site-packages/object_detection/__init__.py to __init__.cpython-312.pyc
byte-compiling /home/jashwanth/arduinobot_ws/install/object_detection/lib/python3.12/site-packages/object_detection/enhanced_task_server.py to enhanced_task_server.cpython-312.pyc
byte-compiling /home/jashwanth/arduinobot_ws/install/object_detection/lib/python3.12/site-packages/object_detection/object_detector.py to object_detector.cpython-312.pyc
running install_data
creating /home/jashwanth/arduinobot_ws/install/object_detection/share/ament_index
creating /home/jashwanth/arduinobot_ws/install/object_detection/share/ament_index/resource_index
creating /home/jashwanth/arduinobot_ws/install/object_detection/share/ament_index/resource_index/packages
copying resource/object_detection -> /home/jashwanth/arduinobot_ws/install/object_detection/share/ament_index/resource_index/packages
copying package.xml -> /home/jashwanth/arduinobot_ws/install/object_detection/share/object_detection
running install_egg_info
Copying ../../build/object_detection/object_detection.egg-info to /home/jashwanth/arduinobot_ws/install/object_detection/lib/python3.12/site-packages/object_detection-0.0.0-py3.12.egg-info
running install_scripts
Installing enhanced_task_server script to /home/jashwanth/arduinobot_ws/install/object_detection/lib/object_detection
Installing manipulation_client script to /home/jashwanth/arduinobot_ws/install/object_detection/lib/object_detection
Installing object_detector script to /home/jashwanth/arduinobot_ws/install/object_detection/lib/object_detection
writing list of installed files to '/home/jashwanth/arduinobot_ws/build/object_detection/install.log'
