running egg_info
writing ../../build/object_detection/object_detection.egg-info/PKG-INFO
writing dependency_links to ../../build/object_detection/object_detection.egg-info/dependency_links.txt
writing entry points to ../../build/object_detection/object_detection.egg-info/entry_points.txt
writing requirements to ../../build/object_detection/object_detection.egg-info/requires.txt
writing top-level names to ../../build/object_detection/object_detection.egg-info/top_level.txt
reading manifest file '../../build/object_detection/object_detection.egg-info/SOURCES.txt'
writing manifest file '../../build/object_detection/object_detection.egg-info/SOURCES.txt'
running build
running build_py
running install
running install_lib
running install_data
running install_egg_info
removing '/home/jashwanth/arduinobot_ws/install/object_detection/lib/python3.12/site-packages/object_detection-0.0.0-py3.12.egg-info' (and everything under it)
Copying ../../build/object_detection/object_detection.egg-info to /home/jashwanth/arduinobot_ws/install/object_detection/lib/python3.12/site-packages/object_detection-0.0.0-py3.12.egg-info
running install_scripts
Installing enhanced_task_server script to /home/jashwanth/arduinobot_ws/install/object_detection/lib/object_detection
Installing manipulation_client script to /home/jashwanth/arduinobot_ws/install/object_detection/lib/object_detection
Installing object_detector script to /home/jashwanth/arduinobot_ws/install/object_detection/lib/object_detection
writing list of installed files to '/home/jashwanth/arduinobot_ws/build/object_detection/install.log'
