[0.472s] Invoking command in '/home/jashwanth/arduinobot_ws/build/arduinobot_py_examples': AMENT_PREFIX_PATH=/home/jashwanth/arduinobot_ws/install/arduinobot_msgs:${AMENT_PREFIX_PATH} CMAKE_PREFIX_PATH=/home/jashwanth/arduinobot_ws/install/arduinobot_msgs:${CMAKE_PREFIX_PATH} DEBUGINFOD_URLS=https://debuginfod.ubuntu.com LD_LIBRARY_PATH=/home/jashwanth/arduinobot_ws/install/arduinobot_msgs/lib:${LD_LIBRARY_PATH} PYTHONPATH=/home/jashwanth/arduinobot_ws/build/arduinobot_py_examples/prefix_override:/usr/lib/python3/dist-packages/colcon_core/task/python/colcon_distutils_commands:/home/jashwanth/arduinobot_ws/install/arduinobot_py_examples/lib/python3.12/site-packages:/home/jashwanth/arduinobot_ws/install/arduinobot_msgs/lib/python3.12/site-packages:${PYTHONPATH} /usr/bin/python3 -W ignore:setup.py install is deprecated -W ignore:easy_install command is deprecated setup.py develop --editable --build-directory /home/jashwanth/arduinobot_ws/build/arduinobot_py_examples/build --no-deps symlink_data
[0.659s] running develop
[0.753s] /usr/lib/python3/dist-packages/setuptools/command/easy_install.py:363: UserWarning: Unbuilt egg for pytest-repeat [unknown version] (/usr/lib/python3/dist-packages)
[0.753s]   self.local_index = Environment(self.shadow_path + sys.path)
[0.773s] running egg_info
[0.773s] creating arduinobot_py_examples.egg-info
[0.784s] writing arduinobot_py_examples.egg-info/PKG-INFO
[0.784s] writing dependency_links to arduinobot_py_examples.egg-info/dependency_links.txt
[0.784s] writing entry points to arduinobot_py_examples.egg-info/entry_points.txt
[0.784s] writing requirements to arduinobot_py_examples.egg-info/requires.txt
[0.784s] writing top-level names to arduinobot_py_examples.egg-info/top_level.txt
[0.784s] writing manifest file 'arduinobot_py_examples.egg-info/SOURCES.txt'
[0.807s] reading manifest file 'arduinobot_py_examples.egg-info/SOURCES.txt'
[0.807s] writing manifest file 'arduinobot_py_examples.egg-info/SOURCES.txt'
[0.819s] running build_ext
[0.819s] Creating /home/jashwanth/arduinobot_ws/install/arduinobot_py_examples/lib/python3.12/site-packages/arduinobot-py-examples.egg-link (link to .)
[0.820s] Installing simple_parameter script to /home/jashwanth/arduinobot_ws/install/arduinobot_py_examples/lib/arduinobot_py_examples
[0.820s] Installing simple_publisher script to /home/jashwanth/arduinobot_ws/install/arduinobot_py_examples/lib/arduinobot_py_examples
[0.820s] Installing simple_service_client script to /home/jashwanth/arduinobot_ws/install/arduinobot_py_examples/lib/arduinobot_py_examples
[0.820s] Installing simple_service_server script to /home/jashwanth/arduinobot_ws/install/arduinobot_py_examples/lib/arduinobot_py_examples
[0.820s] Installing simple_subscriber script to /home/jashwanth/arduinobot_ws/install/arduinobot_py_examples/lib/arduinobot_py_examples
[0.820s] 
[0.820s] Installed /home/jashwanth/arduinobot_ws/build/arduinobot_py_examples
[0.820s] running symlink_data
[0.821s] creating /home/jashwanth/arduinobot_ws/install/arduinobot_py_examples/share/ament_index
[0.821s] creating /home/jashwanth/arduinobot_ws/install/arduinobot_py_examples/share/ament_index/resource_index
[0.821s] creating /home/jashwanth/arduinobot_ws/install/arduinobot_py_examples/share/ament_index/resource_index/packages
[0.821s] symbolically linking /home/jashwanth/arduinobot_ws/build/arduinobot_py_examples/resource/arduinobot_py_examples -> /home/jashwanth/arduinobot_ws/install/arduinobot_py_examples/share/ament_index/resource_index/packages
[0.821s] symbolically linking /home/jashwanth/arduinobot_ws/build/arduinobot_py_examples/package.xml -> /home/jashwanth/arduinobot_ws/install/arduinobot_py_examples/share/arduinobot_py_examples
[0.839s] Invoked command in '/home/jashwanth/arduinobot_ws/build/arduinobot_py_examples' returned '0': AMENT_PREFIX_PATH=/home/jashwanth/arduinobot_ws/install/arduinobot_msgs:${AMENT_PREFIX_PATH} CMAKE_PREFIX_PATH=/home/jashwanth/arduinobot_ws/install/arduinobot_msgs:${CMAKE_PREFIX_PATH} DEBUGINFOD_URLS=https://debuginfod.ubuntu.com LD_LIBRARY_PATH=/home/jashwanth/arduinobot_ws/install/arduinobot_msgs/lib:${LD_LIBRARY_PATH} PYTHONPATH=/home/jashwanth/arduinobot_ws/build/arduinobot_py_examples/prefix_override:/usr/lib/python3/dist-packages/colcon_core/task/python/colcon_distutils_commands:/home/jashwanth/arduinobot_ws/install/arduinobot_py_examples/lib/python3.12/site-packages:/home/jashwanth/arduinobot_ws/install/arduinobot_msgs/lib/python3.12/site-packages:${PYTHONPATH} /usr/bin/python3 -W ignore:setup.py install is deprecated -W ignore:easy_install command is deprecated setup.py develop --editable --build-directory /home/jashwanth/arduinobot_ws/build/arduinobot_py_examples/build --no-deps symlink_data
