[ 33%] Built target simple_subscriber
[ 50%] [32mBuilding CXX object CMakeFiles/simple_parameter.dir/src/simple_parameter.cpp.o[0m
[ 66%] [32mBuilding CXX object CMakeFiles/simple_publisher.dir/src/simple_publisher.cpp.o[0m
[ 83%] [32m[1mLinking CXX executable simple_parameter[0m
[ 83%] Built target simple_parameter
[100%] [32m[1mLinking CXX executable simple_publisher[0m
[100%] Built target simple_publisher
-- Install configuration: ""
-- Installing: /home/jashwanth/arduinobot_ws/src/install/arduinobot_cpp_examples/lib/arduinobot_cpp_examples/simple_publisher
-- Set non-toolchain portion of runtime path of "/home/jashwanth/arduinobot_ws/src/install/arduinobot_cpp_examples/lib/arduinobot_cpp_examples/simple_publisher" to ""
-- Up-to-date: /home/jashwanth/arduinobot_ws/src/install/arduinobot_cpp_examples/lib/arduinobot_cpp_examples/simple_subscriber
-- Installing: /home/jashwanth/arduinobot_ws/src/install/arduinobot_cpp_examples/lib/arduinobot_cpp_examples/simple_parameter
-- Set non-toolchain portion of runtime path of "/home/jashwanth/arduinobot_ws/src/install/arduinobot_cpp_examples/lib/arduinobot_cpp_examples/simple_parameter" to ""
-- Up-to-date: /home/jashwanth/arduinobot_ws/src/install/arduinobot_cpp_examples/share/ament_index/resource_index/package_run_dependencies/arduinobot_cpp_examples
-- Up-to-date: /home/jashwanth/arduinobot_ws/src/install/arduinobot_cpp_examples/share/ament_index/resource_index/parent_prefix_path/arduinobot_cpp_examples
-- Up-to-date: /home/jashwanth/arduinobot_ws/src/install/arduinobot_cpp_examples/share/arduinobot_cpp_examples/environment/ament_prefix_path.sh
-- Up-to-date: /home/jashwanth/arduinobot_ws/src/install/arduinobot_cpp_examples/share/arduinobot_cpp_examples/environment/ament_prefix_path.dsv
-- Up-to-date: /home/jashwanth/arduinobot_ws/src/install/arduinobot_cpp_examples/share/arduinobot_cpp_examples/environment/path.sh
-- Up-to-date: /home/jashwanth/arduinobot_ws/src/install/arduinobot_cpp_examples/share/arduinobot_cpp_examples/environment/path.dsv
-- Up-to-date: /home/jashwanth/arduinobot_ws/src/install/arduinobot_cpp_examples/share/arduinobot_cpp_examples/local_setup.bash
-- Up-to-date: /home/jashwanth/arduinobot_ws/src/install/arduinobot_cpp_examples/share/arduinobot_cpp_examples/local_setup.sh
-- Up-to-date: /home/jashwanth/arduinobot_ws/src/install/arduinobot_cpp_examples/share/arduinobot_cpp_examples/local_setup.zsh
-- Up-to-date: /home/jashwanth/arduinobot_ws/src/install/arduinobot_cpp_examples/share/arduinobot_cpp_examples/local_setup.dsv
-- Installing: /home/jashwanth/arduinobot_ws/src/install/arduinobot_cpp_examples/share/arduinobot_cpp_examples/package.dsv
-- Up-to-date: /home/jashwanth/arduinobot_ws/src/install/arduinobot_cpp_examples/share/ament_index/resource_index/packages/arduinobot_cpp_examples
-- Up-to-date: /home/jashwanth/arduinobot_ws/src/install/arduinobot_cpp_examples/share/arduinobot_cpp_examples/cmake/arduinobot_cpp_examplesConfig.cmake
-- Up-to-date: /home/jashwanth/arduinobot_ws/src/install/arduinobot_cpp_examples/share/arduinobot_cpp_examples/cmake/arduinobot_cpp_examplesConfig-version.cmake
-- Installing: /home/jashwanth/arduinobot_ws/src/install/arduinobot_cpp_examples/share/arduinobot_cpp_examples/package.xml
