[0.723s] Invoking command in '/home/jashwanth/arduinobot_ws/src/object_detection': AMENT_PREFIX_PATH=/home/jashwanth/arduinobot_ws/install/arduinobot_msgs:${AMENT_PREFIX_PATH} CMAKE_PREFIX_PATH=/home/jashwanth/arduinobot_ws/install/arduinobot_msgs:${CMAKE_PREFIX_PATH} DEBUGINFOD_URLS=https://debuginfod.ubuntu.com LD_LIBRARY_PATH=/home/jashwanth/arduinobot_ws/install/arduinobot_msgs/lib:${LD_LIBRARY_PATH} PYTHONPATH=/home/jashwanth/arduinobot_ws/build/object_detection/prefix_override:/usr/lib/python3/dist-packages/colcon_core/task/python/colcon_distutils_commands:/home/jashwanth/arduinobot_ws/install/object_detection/lib/python3.12/site-packages:/home/jashwanth/arduinobot_ws/install/arduinobot_msgs/lib/python3.12/site-packages:${PYTHONPATH} /usr/bin/python3 -W ignore:setup.py install is deprecated -W ignore:easy_install command is deprecated setup.py egg_info --egg-base ../../build/object_detection build --build-base /home/jashwanth/arduinobot_ws/build/object_detection/build install --record /home/jashwanth/arduinobot_ws/build/object_detection/install.log --single-version-externally-managed install_data
[0.895s] running egg_info
[0.907s] writing ../../build/object_detection/object_detection.egg-info/PKG-INFO
[0.907s] writing dependency_links to ../../build/object_detection/object_detection.egg-info/dependency_links.txt
[0.907s] writing entry points to ../../build/object_detection/object_detection.egg-info/entry_points.txt
[0.907s] writing requirements to ../../build/object_detection/object_detection.egg-info/requires.txt
[0.907s] writing top-level names to ../../build/object_detection/object_detection.egg-info/top_level.txt
[0.935s] reading manifest file '../../build/object_detection/object_detection.egg-info/SOURCES.txt'
[0.935s] writing manifest file '../../build/object_detection/object_detection.egg-info/SOURCES.txt'
[0.935s] running build
[0.935s] running build_py
[0.936s] running install
[0.940s] running install_lib
[0.952s] running install_data
[0.952s] running install_egg_info
[0.965s] removing '/home/jashwanth/arduinobot_ws/install/object_detection/lib/python3.12/site-packages/object_detection-0.0.0-py3.12.egg-info' (and everything under it)
[0.965s] Copying ../../build/object_detection/object_detection.egg-info to /home/jashwanth/arduinobot_ws/install/object_detection/lib/python3.12/site-packages/object_detection-0.0.0-py3.12.egg-info
[0.966s] running install_scripts
[1.053s] Installing enhanced_task_server script to /home/jashwanth/arduinobot_ws/install/object_detection/lib/object_detection
[1.053s] Installing manipulation_client script to /home/jashwanth/arduinobot_ws/install/object_detection/lib/object_detection
[1.053s] Installing object_detector script to /home/jashwanth/arduinobot_ws/install/object_detection/lib/object_detection
[1.053s] Installing simple_task_server script to /home/jashwanth/arduinobot_ws/install/object_detection/lib/object_detection
[1.053s] writing list of installed files to '/home/jashwanth/arduinobot_ws/build/object_detection/install.log'
[1.072s] Invoked command in '/home/jashwanth/arduinobot_ws/src/object_detection' returned '0': AMENT_PREFIX_PATH=/home/jashwanth/arduinobot_ws/install/arduinobot_msgs:${AMENT_PREFIX_PATH} CMAKE_PREFIX_PATH=/home/jashwanth/arduinobot_ws/install/arduinobot_msgs:${CMAKE_PREFIX_PATH} DEBUGINFOD_URLS=https://debuginfod.ubuntu.com LD_LIBRARY_PATH=/home/jashwanth/arduinobot_ws/install/arduinobot_msgs/lib:${LD_LIBRARY_PATH} PYTHONPATH=/home/jashwanth/arduinobot_ws/build/object_detection/prefix_override:/usr/lib/python3/dist-packages/colcon_core/task/python/colcon_distutils_commands:/home/jashwanth/arduinobot_ws/install/object_detection/lib/python3.12/site-packages:/home/jashwanth/arduinobot_ws/install/arduinobot_msgs/lib/python3.12/site-packages:${PYTHONPATH} /usr/bin/python3 -W ignore:setup.py install is deprecated -W ignore:easy_install command is deprecated setup.py egg_info --egg-base ../../build/object_detection build --build-base /home/jashwanth/arduinobot_ws/build/object_detection/build install --record /home/jashwanth/arduinobot_ws/build/object_detection/install.log --single-version-externally-managed install_data
