[0.012s] Invoking command in '/home/jashwanth/arduinobot_ws/build/arduinobot_bringup': CMAKE_PREFIX_PATH=${CMAKE_PREFIX_PATH}:/opt/ros/jazzy DEBUGINFOD_URLS=https://debuginfod.ubuntu.com /usr/bin/cmake /home/jashwanth/arduinobot_ws/src/arduinobot_bringup -DCMAKE_INSTALL_PREFIX=/home/jashwanth/arduinobot_ws/install/arduinobot_bringup
[0.105s] -- The C compiler identification is GNU 13.3.0
[0.175s] -- The CXX compiler identification is GNU 13.3.0
[0.191s] -- Detecting C compiler ABI info
[0.258s] -- Detecting C compiler ABI info - done
[0.266s] -- Check for working C compiler: /usr/bin/cc - skipped
[0.266s] -- Detecting C compile features
[0.267s] -- Detecting C compile features - done
[0.275s] -- Detecting CXX compiler ABI info
[0.343s] -- Detecting CXX compiler ABI info - done
[0.350s] -- Check for working CXX compiler: /usr/bin/c++ - skipped
[0.350s] -- Detecting CXX compile features
[0.351s] -- Detecting CXX compile features - done
[0.360s] -- Found ament_cmake: 2.5.4 (/opt/ros/jazzy/share/ament_cmake/cmake)
[0.477s] -- Found Python3: /usr/bin/python3 (found version "3.12.3") found components: Interpreter 
[0.568s] -- Found ament_lint_auto: 0.17.3 (/opt/ros/jazzy/share/ament_lint_auto/cmake)
[0.668s] -- Added test 'lint_cmake' to check CMake code style
[0.669s] -- Added test 'xmllint' to check XML markup files
[0.671s] -- Configuring done (0.7s)
[0.672s] -- Generating done (0.0s)
[0.673s] -- Build files have been written to: /home/jashwanth/arduinobot_ws/build/arduinobot_bringup
[0.678s] Invoked command in '/home/jashwanth/arduinobot_ws/build/arduinobot_bringup' returned '0': CMAKE_PREFIX_PATH=${CMAKE_PREFIX_PATH}:/opt/ros/jazzy DEBUGINFOD_URLS=https://debuginfod.ubuntu.com /usr/bin/cmake /home/jashwanth/arduinobot_ws/src/arduinobot_bringup -DCMAKE_INSTALL_PREFIX=/home/jashwanth/arduinobot_ws/install/arduinobot_bringup
[0.678s] Invoking command in '/home/jashwanth/arduinobot_ws/build/arduinobot_bringup': CMAKE_PREFIX_PATH=${CMAKE_PREFIX_PATH}:/opt/ros/jazzy DEBUGINFOD_URLS=https://debuginfod.ubuntu.com /usr/bin/cmake --build /home/jashwanth/arduinobot_ws/build/arduinobot_bringup -- -j20 -l20
[0.708s] Invoked command in '/home/jashwanth/arduinobot_ws/build/arduinobot_bringup' returned '0': CMAKE_PREFIX_PATH=${CMAKE_PREFIX_PATH}:/opt/ros/jazzy DEBUGINFOD_URLS=https://debuginfod.ubuntu.com /usr/bin/cmake --build /home/jashwanth/arduinobot_ws/build/arduinobot_bringup -- -j20 -l20
[0.709s] Invoking command in '/home/jashwanth/arduinobot_ws/build/arduinobot_bringup': CMAKE_PREFIX_PATH=${CMAKE_PREFIX_PATH}:/opt/ros/jazzy DEBUGINFOD_URLS=https://debuginfod.ubuntu.com /usr/bin/cmake --install /home/jashwanth/arduinobot_ws/build/arduinobot_bringup
[0.715s] -- Install configuration: ""
[0.715s] -- Installing: /home/jashwanth/arduinobot_ws/install/arduinobot_bringup/share/ament_index/resource_index/package_run_dependencies/arduinobot_bringup
[0.715s] -- Installing: /home/jashwanth/arduinobot_ws/install/arduinobot_bringup/share/ament_index/resource_index/parent_prefix_path/arduinobot_bringup
[0.715s] -- Installing: /home/jashwanth/arduinobot_ws/install/arduinobot_bringup/share/arduinobot_bringup/environment/ament_prefix_path.sh
[0.715s] -- Installing: /home/jashwanth/arduinobot_ws/install/arduinobot_bringup/share/arduinobot_bringup/environment/ament_prefix_path.dsv
[0.715s] -- Installing: /home/jashwanth/arduinobot_ws/install/arduinobot_bringup/share/arduinobot_bringup/environment/path.sh
[0.715s] -- Installing: /home/jashwanth/arduinobot_ws/install/arduinobot_bringup/share/arduinobot_bringup/environment/path.dsv
[0.715s] -- Installing: /home/jashwanth/arduinobot_ws/install/arduinobot_bringup/share/arduinobot_bringup/local_setup.bash
[0.715s] -- Installing: /home/jashwanth/arduinobot_ws/install/arduinobot_bringup/share/arduinobot_bringup/local_setup.sh
[0.715s] -- Installing: /home/jashwanth/arduinobot_ws/install/arduinobot_bringup/share/arduinobot_bringup/local_setup.zsh
[0.715s] -- Installing: /home/jashwanth/arduinobot_ws/install/arduinobot_bringup/share/arduinobot_bringup/local_setup.dsv
[0.715s] -- Installing: /home/jashwanth/arduinobot_ws/install/arduinobot_bringup/share/arduinobot_bringup/package.dsv
[0.715s] -- Installing: /home/jashwanth/arduinobot_ws/install/arduinobot_bringup/share/ament_index/resource_index/packages/arduinobot_bringup
[0.716s] -- Installing: /home/jashwanth/arduinobot_ws/install/arduinobot_bringup/share/arduinobot_bringup/cmake/arduinobot_bringupConfig.cmake
[0.716s] -- Installing: /home/jashwanth/arduinobot_ws/install/arduinobot_bringup/share/arduinobot_bringup/cmake/arduinobot_bringupConfig-version.cmake
[0.716s] -- Installing: /home/jashwanth/arduinobot_ws/install/arduinobot_bringup/share/arduinobot_bringup/package.xml
[0.717s] Invoked command in '/home/jashwanth/arduinobot_ws/build/arduinobot_bringup' returned '0': CMAKE_PREFIX_PATH=${CMAKE_PREFIX_PATH}:/opt/ros/jazzy DEBUGINFOD_URLS=https://debuginfod.ubuntu.com /usr/bin/cmake --install /home/jashwanth/arduinobot_ws/build/arduinobot_bringup
