[0.786s] Invoking command in '/home/jashwanth/arduinobot_ws/src/object_detection': AMENT_PREFIX_PATH=/home/jashwanth/arduinobot_ws/install/arduinobot_msgs:${AMENT_PREFIX_PATH} CMAKE_PREFIX_PATH=/home/jashwanth/arduinobot_ws/install/arduinobot_msgs:${CMAKE_PREFIX_PATH} DEBUGINFOD_URLS=https://debuginfod.ubuntu.com LD_LIBRARY_PATH=/home/jashwanth/arduinobot_ws/install/arduinobot_msgs/lib:${LD_LIBRARY_PATH} PYTHONPATH=/home/jashwanth/arduinobot_ws/build/object_detection/prefix_override:/usr/lib/python3/dist-packages/colcon_core/task/python/colcon_distutils_commands:/home/jashwanth/arduinobot_ws/install/object_detection/lib/python3.12/site-packages:/home/jashwanth/arduinobot_ws/install/arduinobot_msgs/lib/python3.12/site-packages:${PYTHONPATH} /usr/bin/python3 -W ignore:setup.py install is deprecated -W ignore:easy_install command is deprecated setup.py egg_info --egg-base ../../build/object_detection build --build-base /home/jashwanth/arduinobot_ws/build/object_detection/build install --record /home/jashwanth/arduinobot_ws/build/object_detection/install.log --single-version-externally-managed install_data
[0.963s] running egg_info
[0.963s] creating ../../build/object_detection/object_detection.egg-info
[0.975s] writing ../../build/object_detection/object_detection.egg-info/PKG-INFO
[0.975s] writing dependency_links to ../../build/object_detection/object_detection.egg-info/dependency_links.txt
[0.975s] writing entry points to ../../build/object_detection/object_detection.egg-info/entry_points.txt
[0.975s] writing requirements to ../../build/object_detection/object_detection.egg-info/requires.txt
[0.975s] writing top-level names to ../../build/object_detection/object_detection.egg-info/top_level.txt
[0.975s] writing manifest file '../../build/object_detection/object_detection.egg-info/SOURCES.txt'
[1.004s] reading manifest file '../../build/object_detection/object_detection.egg-info/SOURCES.txt'
[1.005s] writing manifest file '../../build/object_detection/object_detection.egg-info/SOURCES.txt'
[1.005s] running build
[1.005s] running build_py
[1.005s] creating /home/jashwanth/arduinobot_ws/build/object_detection/build
[1.005s] creating /home/jashwanth/arduinobot_ws/build/object_detection/build/lib
[1.005s] creating /home/jashwanth/arduinobot_ws/build/object_detection/build/lib/object_detection
[1.005s] copying object_detection/manipulation_client.py -> /home/jashwanth/arduinobot_ws/build/object_detection/build/lib/object_detection
[1.005s] copying object_detection/simple_task_server.py -> /home/jashwanth/arduinobot_ws/build/object_detection/build/lib/object_detection
[1.005s] copying object_detection/__init__.py -> /home/jashwanth/arduinobot_ws/build/object_detection/build/lib/object_detection
[1.005s] copying object_detection/enhanced_task_server.py -> /home/jashwanth/arduinobot_ws/build/object_detection/build/lib/object_detection
[1.006s] copying object_detection/object_detector.py -> /home/jashwanth/arduinobot_ws/build/object_detection/build/lib/object_detection
[1.006s] running install
[1.010s] running install_lib
[1.022s] creating /home/jashwanth/arduinobot_ws/install/object_detection/lib/python3.12/site-packages/object_detection
[1.022s] copying /home/jashwanth/arduinobot_ws/build/object_detection/build/lib/object_detection/manipulation_client.py -> /home/jashwanth/arduinobot_ws/install/object_detection/lib/python3.12/site-packages/object_detection
[1.022s] copying /home/jashwanth/arduinobot_ws/build/object_detection/build/lib/object_detection/simple_task_server.py -> /home/jashwanth/arduinobot_ws/install/object_detection/lib/python3.12/site-packages/object_detection
[1.022s] copying /home/jashwanth/arduinobot_ws/build/object_detection/build/lib/object_detection/__init__.py -> /home/jashwanth/arduinobot_ws/install/object_detection/lib/python3.12/site-packages/object_detection
[1.022s] copying /home/jashwanth/arduinobot_ws/build/object_detection/build/lib/object_detection/enhanced_task_server.py -> /home/jashwanth/arduinobot_ws/install/object_detection/lib/python3.12/site-packages/object_detection
[1.022s] copying /home/jashwanth/arduinobot_ws/build/object_detection/build/lib/object_detection/object_detector.py -> /home/jashwanth/arduinobot_ws/install/object_detection/lib/python3.12/site-packages/object_detection
[1.023s] byte-compiling /home/jashwanth/arduinobot_ws/install/object_detection/lib/python3.12/site-packages/object_detection/manipulation_client.py to manipulation_client.cpython-312.pyc
[1.024s] byte-compiling /home/jashwanth/arduinobot_ws/install/object_detection/lib/python3.12/site-packages/object_detection/simple_task_server.py to simple_task_server.cpython-312.pyc
[1.025s] byte-compiling /home/jashwanth/arduinobot_ws/install/object_detection/lib/python3.12/site-packages/object_detection/__init__.py to __init__.cpython-312.pyc
[1.026s] byte-compiling /home/jashwanth/arduinobot_ws/install/object_detection/lib/python3.12/site-packages/object_detection/enhanced_task_server.py to enhanced_task_server.cpython-312.pyc
[1.027s] byte-compiling /home/jashwanth/arduinobot_ws/install/object_detection/lib/python3.12/site-packages/object_detection/object_detector.py to object_detector.cpython-312.pyc
[1.028s] running install_data
[1.028s] creating /home/jashwanth/arduinobot_ws/install/object_detection/share/ament_index
[1.028s] creating /home/jashwanth/arduinobot_ws/install/object_detection/share/ament_index/resource_index
[1.028s] creating /home/jashwanth/arduinobot_ws/install/object_detection/share/ament_index/resource_index/packages
[1.028s] copying resource/object_detection -> /home/jashwanth/arduinobot_ws/install/object_detection/share/ament_index/resource_index/packages
[1.028s] copying package.xml -> /home/jashwanth/arduinobot_ws/install/object_detection/share/object_detection
[1.029s] running install_egg_info
[1.042s] Copying ../../build/object_detection/object_detection.egg-info to /home/jashwanth/arduinobot_ws/install/object_detection/lib/python3.12/site-packages/object_detection-0.0.0-py3.12.egg-info
[1.042s] running install_scripts
[1.134s] Installing enhanced_task_server script to /home/jashwanth/arduinobot_ws/install/object_detection/lib/object_detection
[1.134s] Installing manipulation_client script to /home/jashwanth/arduinobot_ws/install/object_detection/lib/object_detection
[1.134s] Installing object_detector script to /home/jashwanth/arduinobot_ws/install/object_detection/lib/object_detection
[1.134s] Installing simple_task_server script to /home/jashwanth/arduinobot_ws/install/object_detection/lib/object_detection
[1.134s] writing list of installed files to '/home/jashwanth/arduinobot_ws/build/object_detection/install.log'
[1.153s] Invoked command in '/home/jashwanth/arduinobot_ws/src/object_detection' returned '0': AMENT_PREFIX_PATH=/home/jashwanth/arduinobot_ws/install/arduinobot_msgs:${AMENT_PREFIX_PATH} CMAKE_PREFIX_PATH=/home/jashwanth/arduinobot_ws/install/arduinobot_msgs:${CMAKE_PREFIX_PATH} DEBUGINFOD_URLS=https://debuginfod.ubuntu.com LD_LIBRARY_PATH=/home/jashwanth/arduinobot_ws/install/arduinobot_msgs/lib:${LD_LIBRARY_PATH} PYTHONPATH=/home/jashwanth/arduinobot_ws/build/object_detection/prefix_override:/usr/lib/python3/dist-packages/colcon_core/task/python/colcon_distutils_commands:/home/jashwanth/arduinobot_ws/install/object_detection/lib/python3.12/site-packages:/home/jashwanth/arduinobot_ws/install/arduinobot_msgs/lib/python3.12/site-packages:${PYTHONPATH} /usr/bin/python3 -W ignore:setup.py install is deprecated -W ignore:easy_install command is deprecated setup.py egg_info --egg-base ../../build/object_detection build --build-base /home/jashwanth/arduinobot_ws/build/object_detection/build install --record /home/jashwanth/arduinobot_ws/build/object_detection/install.log --single-version-externally-managed install_data
