running egg_info
creating ../../build/arduinobot_utils/arduinobot_utils.egg-info
writing ../../build/arduinobot_utils/arduinobot_utils.egg-info/PKG-INFO
writing dependency_links to ../../build/arduinobot_utils/arduinobot_utils.egg-info/dependency_links.txt
writing entry points to ../../build/arduinobot_utils/arduinobot_utils.egg-info/entry_points.txt
writing requirements to ../../build/arduinobot_utils/arduinobot_utils.egg-info/requires.txt
writing top-level names to ../../build/arduinobot_utils/arduinobot_utils.egg-info/top_level.txt
writing manifest file '../../build/arduinobot_utils/arduinobot_utils.egg-info/SOURCES.txt'
reading manifest file '../../build/arduinobot_utils/arduinobot_utils.egg-info/SOURCES.txt'
writing manifest file '../../build/arduinobot_utils/arduinobot_utils.egg-info/SOURCES.txt'
running build
running build_py
creating /home/jashwanth/arduinobot_ws/build/arduinobot_utils/build
creating /home/jashwanth/arduinobot_ws/build/arduinobot_utils/build/lib
creating /home/jashwanth/arduinobot_ws/build/arduinobot_utils/build/lib/arduinobot_utils
copying arduinobot_utils/world_markers_publisher.py -> /home/jashwanth/arduinobot_ws/build/arduinobot_utils/build/lib/arduinobot_utils
copying arduinobot_utils/__init__.py -> /home/jashwanth/arduinobot_ws/build/arduinobot_utils/build/lib/arduinobot_utils
copying arduinobot_utils/angle_conversion.py -> /home/jashwanth/arduinobot_ws/build/arduinobot_utils/build/lib/arduinobot_utils
running install
running install_lib
creating /home/jashwanth/arduinobot_ws/install/arduinobot_utils/lib/python3.12/site-packages/arduinobot_utils
copying /home/jashwanth/arduinobot_ws/build/arduinobot_utils/build/lib/arduinobot_utils/world_markers_publisher.py -> /home/jashwanth/arduinobot_ws/install/arduinobot_utils/lib/python3.12/site-packages/arduinobot_utils
copying /home/jashwanth/arduinobot_ws/build/arduinobot_utils/build/lib/arduinobot_utils/__init__.py -> /home/jashwanth/arduinobot_ws/install/arduinobot_utils/lib/python3.12/site-packages/arduinobot_utils
copying /home/jashwanth/arduinobot_ws/build/arduinobot_utils/build/lib/arduinobot_utils/angle_conversion.py -> /home/jashwanth/arduinobot_ws/install/arduinobot_utils/lib/python3.12/site-packages/arduinobot_utils
byte-compiling /home/jashwanth/arduinobot_ws/install/arduinobot_utils/lib/python3.12/site-packages/arduinobot_utils/world_markers_publisher.py to world_markers_publisher.cpython-312.pyc
byte-compiling /home/jashwanth/arduinobot_ws/install/arduinobot_utils/lib/python3.12/site-packages/arduinobot_utils/__init__.py to __init__.cpython-312.pyc
byte-compiling /home/jashwanth/arduinobot_ws/install/arduinobot_utils/lib/python3.12/site-packages/arduinobot_utils/angle_conversion.py to angle_conversion.cpython-312.pyc
running install_egg_info
Copying ../../build/arduinobot_utils/arduinobot_utils.egg-info to /home/jashwanth/arduinobot_ws/install/arduinobot_utils/lib/python3.12/site-packages/arduinobot_utils-0.0.1-py3.12.egg-info
running install_scripts
Installing world_markers_publisher script to /home/jashwanth/arduinobot_ws/install/arduinobot_utils/bin
writing list of installed files to '/home/jashwanth/arduinobot_ws/build/arduinobot_utils/install.log'
