[0.721s] Invoking command in '/home/jashwanth/arduinobot_ws/src/arduinobot_py_examples': AMENT_PREFIX_PATH=/home/jashwanth/arduinobot_ws/install/arduinobot_msgs:${AMENT_PREFIX_PATH} CMAKE_PREFIX_PATH=/home/jashwanth/arduinobot_ws/install/arduinobot_msgs:${CMAKE_PREFIX_PATH} DEBUGINFOD_URLS=https://debuginfod.ubuntu.com LD_LIBRARY_PATH=/home/jashwanth/arduinobot_ws/install/arduinobot_msgs/lib:${LD_LIBRARY_PATH} PYTHONPATH=/home/jashwanth/arduinobot_ws/build/arduinobot_py_examples/prefix_override:/usr/lib/python3/dist-packages/colcon_core/task/python/colcon_distutils_commands:/home/jashwanth/arduinobot_ws/install/arduinobot_py_examples/lib/python3.12/site-packages:/home/jashwanth/arduinobot_ws/install/arduinobot_msgs/lib/python3.12/site-packages:${PYTHONPATH} /usr/bin/python3 -W ignore:setup.py install is deprecated -W ignore:easy_install command is deprecated setup.py egg_info --egg-base ../../build/arduinobot_py_examples build --build-base /home/jashwanth/arduinobot_ws/build/arduinobot_py_examples/build install --record /home/jashwanth/arduinobot_ws/build/arduinobot_py_examples/install.log --single-version-externally-managed install_data
[0.975s] running egg_info
[0.976s] creating ../../build/arduinobot_py_examples/arduinobot_py_examples.egg-info
[0.989s] writing ../../build/arduinobot_py_examples/arduinobot_py_examples.egg-info/PKG-INFO
[0.989s] writing dependency_links to ../../build/arduinobot_py_examples/arduinobot_py_examples.egg-info/dependency_links.txt
[0.989s] writing entry points to ../../build/arduinobot_py_examples/arduinobot_py_examples.egg-info/entry_points.txt
[0.989s] writing requirements to ../../build/arduinobot_py_examples/arduinobot_py_examples.egg-info/requires.txt
[0.990s] writing top-level names to ../../build/arduinobot_py_examples/arduinobot_py_examples.egg-info/top_level.txt
[0.990s] writing manifest file '../../build/arduinobot_py_examples/arduinobot_py_examples.egg-info/SOURCES.txt'
[1.018s] reading manifest file '../../build/arduinobot_py_examples/arduinobot_py_examples.egg-info/SOURCES.txt'
[1.018s] writing manifest file '../../build/arduinobot_py_examples/arduinobot_py_examples.egg-info/SOURCES.txt'
[1.018s] running build
[1.018s] running build_py
[1.018s] creating /home/jashwanth/arduinobot_ws/build/arduinobot_py_examples/build
[1.018s] creating /home/jashwanth/arduinobot_ws/build/arduinobot_py_examples/build/lib
[1.018s] creating /home/jashwanth/arduinobot_ws/build/arduinobot_py_examples/build/lib/arduinobot_py_examples
[1.018s] copying arduinobot_py_examples/simple_action_server.py -> /home/jashwanth/arduinobot_ws/build/arduinobot_py_examples/build/lib/arduinobot_py_examples
[1.018s] copying arduinobot_py_examples/simple_parameter.py -> /home/jashwanth/arduinobot_ws/build/arduinobot_py_examples/build/lib/arduinobot_py_examples
[1.019s] copying arduinobot_py_examples/simple_moveit_interface.py -> /home/jashwanth/arduinobot_ws/build/arduinobot_py_examples/build/lib/arduinobot_py_examples
[1.019s] copying arduinobot_py_examples/simple_action_client.py -> /home/jashwanth/arduinobot_ws/build/arduinobot_py_examples/build/lib/arduinobot_py_examples
[1.019s] copying arduinobot_py_examples/simple_publisher.py -> /home/jashwanth/arduinobot_ws/build/arduinobot_py_examples/build/lib/arduinobot_py_examples
[1.019s] copying arduinobot_py_examples/simple_subscriber.py -> /home/jashwanth/arduinobot_ws/build/arduinobot_py_examples/build/lib/arduinobot_py_examples
[1.019s] copying arduinobot_py_examples/simple_service_client.py -> /home/jashwanth/arduinobot_ws/build/arduinobot_py_examples/build/lib/arduinobot_py_examples
[1.019s] copying arduinobot_py_examples/__init__.py -> /home/jashwanth/arduinobot_ws/build/arduinobot_py_examples/build/lib/arduinobot_py_examples
[1.019s] copying arduinobot_py_examples/simple_service_server.py -> /home/jashwanth/arduinobot_ws/build/arduinobot_py_examples/build/lib/arduinobot_py_examples
[1.019s] running install
[1.023s] running install_lib
[1.036s] creating /home/jashwanth/arduinobot_ws/install/arduinobot_py_examples/lib/python3.12/site-packages/arduinobot_py_examples
[1.036s] copying /home/jashwanth/arduinobot_ws/build/arduinobot_py_examples/build/lib/arduinobot_py_examples/simple_action_server.py -> /home/jashwanth/arduinobot_ws/install/arduinobot_py_examples/lib/python3.12/site-packages/arduinobot_py_examples
[1.036s] copying /home/jashwanth/arduinobot_ws/build/arduinobot_py_examples/build/lib/arduinobot_py_examples/simple_parameter.py -> /home/jashwanth/arduinobot_ws/install/arduinobot_py_examples/lib/python3.12/site-packages/arduinobot_py_examples
[1.036s] copying /home/jashwanth/arduinobot_ws/build/arduinobot_py_examples/build/lib/arduinobot_py_examples/simple_moveit_interface.py -> /home/jashwanth/arduinobot_ws/install/arduinobot_py_examples/lib/python3.12/site-packages/arduinobot_py_examples
[1.036s] copying /home/jashwanth/arduinobot_ws/build/arduinobot_py_examples/build/lib/arduinobot_py_examples/simple_action_client.py -> /home/jashwanth/arduinobot_ws/install/arduinobot_py_examples/lib/python3.12/site-packages/arduinobot_py_examples
[1.036s] copying /home/jashwanth/arduinobot_ws/build/arduinobot_py_examples/build/lib/arduinobot_py_examples/simple_publisher.py -> /home/jashwanth/arduinobot_ws/install/arduinobot_py_examples/lib/python3.12/site-packages/arduinobot_py_examples
[1.036s] copying /home/jashwanth/arduinobot_ws/build/arduinobot_py_examples/build/lib/arduinobot_py_examples/simple_subscriber.py -> /home/jashwanth/arduinobot_ws/install/arduinobot_py_examples/lib/python3.12/site-packages/arduinobot_py_examples
[1.036s] copying /home/jashwanth/arduinobot_ws/build/arduinobot_py_examples/build/lib/arduinobot_py_examples/simple_service_client.py -> /home/jashwanth/arduinobot_ws/install/arduinobot_py_examples/lib/python3.12/site-packages/arduinobot_py_examples
[1.036s] copying /home/jashwanth/arduinobot_ws/build/arduinobot_py_examples/build/lib/arduinobot_py_examples/__init__.py -> /home/jashwanth/arduinobot_ws/install/arduinobot_py_examples/lib/python3.12/site-packages/arduinobot_py_examples
[1.036s] copying /home/jashwanth/arduinobot_ws/build/arduinobot_py_examples/build/lib/arduinobot_py_examples/simple_service_server.py -> /home/jashwanth/arduinobot_ws/install/arduinobot_py_examples/lib/python3.12/site-packages/arduinobot_py_examples
[1.036s] byte-compiling /home/jashwanth/arduinobot_ws/install/arduinobot_py_examples/lib/python3.12/site-packages/arduinobot_py_examples/simple_action_server.py to simple_action_server.cpython-312.pyc
[1.037s] byte-compiling /home/jashwanth/arduinobot_ws/install/arduinobot_py_examples/lib/python3.12/site-packages/arduinobot_py_examples/simple_parameter.py to simple_parameter.cpython-312.pyc
[1.037s] byte-compiling /home/jashwanth/arduinobot_ws/install/arduinobot_py_examples/lib/python3.12/site-packages/arduinobot_py_examples/simple_moveit_interface.py to simple_moveit_interface.cpython-312.pyc
[1.037s] byte-compiling /home/jashwanth/arduinobot_ws/install/arduinobot_py_examples/lib/python3.12/site-packages/arduinobot_py_examples/simple_action_client.py to simple_action_client.cpython-312.pyc
[1.038s] byte-compiling /home/jashwanth/arduinobot_ws/install/arduinobot_py_examples/lib/python3.12/site-packages/arduinobot_py_examples/simple_publisher.py to simple_publisher.cpython-312.pyc
[1.038s] byte-compiling /home/jashwanth/arduinobot_ws/install/arduinobot_py_examples/lib/python3.12/site-packages/arduinobot_py_examples/simple_subscriber.py to simple_subscriber.cpython-312.pyc
[1.038s] byte-compiling /home/jashwanth/arduinobot_ws/install/arduinobot_py_examples/lib/python3.12/site-packages/arduinobot_py_examples/simple_service_client.py to simple_service_client.cpython-312.pyc
[1.038s] byte-compiling /home/jashwanth/arduinobot_ws/install/arduinobot_py_examples/lib/python3.12/site-packages/arduinobot_py_examples/__init__.py to __init__.cpython-312.pyc
[1.038s] byte-compiling /home/jashwanth/arduinobot_ws/install/arduinobot_py_examples/lib/python3.12/site-packages/arduinobot_py_examples/simple_service_server.py to simple_service_server.cpython-312.pyc
[1.039s] running install_data
[1.039s] creating /home/jashwanth/arduinobot_ws/install/arduinobot_py_examples/share/ament_index
[1.039s] creating /home/jashwanth/arduinobot_ws/install/arduinobot_py_examples/share/ament_index/resource_index
[1.039s] creating /home/jashwanth/arduinobot_ws/install/arduinobot_py_examples/share/ament_index/resource_index/packages
[1.039s] copying resource/arduinobot_py_examples -> /home/jashwanth/arduinobot_ws/install/arduinobot_py_examples/share/ament_index/resource_index/packages
[1.039s] copying package.xml -> /home/jashwanth/arduinobot_ws/install/arduinobot_py_examples/share/arduinobot_py_examples
[1.039s] creating /home/jashwanth/arduinobot_ws/install/arduinobot_py_examples/share/arduinobot_py_examples/launch
[1.039s] copying launch/simple_moveit_interface.launch.py -> /home/jashwanth/arduinobot_ws/install/arduinobot_py_examples/share/arduinobot_py_examples/launch
[1.039s] running install_egg_info
[1.053s] Copying ../../build/arduinobot_py_examples/arduinobot_py_examples.egg-info to /home/jashwanth/arduinobot_ws/install/arduinobot_py_examples/lib/python3.12/site-packages/arduinobot_py_examples-0.0.0-py3.12.egg-info
[1.053s] running install_scripts
[1.146s] Installing simple_action_client script to /home/jashwanth/arduinobot_ws/install/arduinobot_py_examples/lib/arduinobot_py_examples
[1.146s] Installing simple_action_server script to /home/jashwanth/arduinobot_ws/install/arduinobot_py_examples/lib/arduinobot_py_examples
[1.146s] Installing simple_moveit_interface script to /home/jashwanth/arduinobot_ws/install/arduinobot_py_examples/lib/arduinobot_py_examples
[1.146s] Installing simple_parameter script to /home/jashwanth/arduinobot_ws/install/arduinobot_py_examples/lib/arduinobot_py_examples
[1.146s] Installing simple_publisher script to /home/jashwanth/arduinobot_ws/install/arduinobot_py_examples/lib/arduinobot_py_examples
[1.146s] Installing simple_service_client script to /home/jashwanth/arduinobot_ws/install/arduinobot_py_examples/lib/arduinobot_py_examples
[1.146s] Installing simple_service_server script to /home/jashwanth/arduinobot_ws/install/arduinobot_py_examples/lib/arduinobot_py_examples
[1.146s] Installing simple_subscriber script to /home/jashwanth/arduinobot_ws/install/arduinobot_py_examples/lib/arduinobot_py_examples
[1.146s] writing list of installed files to '/home/jashwanth/arduinobot_ws/build/arduinobot_py_examples/install.log'
[1.166s] Invoked command in '/home/jashwanth/arduinobot_ws/src/arduinobot_py_examples' returned '0': AMENT_PREFIX_PATH=/home/jashwanth/arduinobot_ws/install/arduinobot_msgs:${AMENT_PREFIX_PATH} CMAKE_PREFIX_PATH=/home/jashwanth/arduinobot_ws/install/arduinobot_msgs:${CMAKE_PREFIX_PATH} DEBUGINFOD_URLS=https://debuginfod.ubuntu.com LD_LIBRARY_PATH=/home/jashwanth/arduinobot_ws/install/arduinobot_msgs/lib:${LD_LIBRARY_PATH} PYTHONPATH=/home/jashwanth/arduinobot_ws/build/arduinobot_py_examples/prefix_override:/usr/lib/python3/dist-packages/colcon_core/task/python/colcon_distutils_commands:/home/jashwanth/arduinobot_ws/install/arduinobot_py_examples/lib/python3.12/site-packages:/home/jashwanth/arduinobot_ws/install/arduinobot_msgs/lib/python3.12/site-packages:${PYTHONPATH} /usr/bin/python3 -W ignore:setup.py install is deprecated -W ignore:easy_install command is deprecated setup.py egg_info --egg-base ../../build/arduinobot_py_examples build --build-base /home/jashwanth/arduinobot_ws/build/arduinobot_py_examples/build install --record /home/jashwanth/arduinobot_ws/build/arduinobot_py_examples/install.log --single-version-externally-managed install_data
