-- The C compiler identification is GNU 13.3.0
-- The CXX compiler identification is GNU 13.3.0
-- Detecting C compiler ABI info
-- Detecting C compiler ABI info - done
-- Check for working C compiler: /usr/bin/cc - skipped
-- Detecting C compile features
-- Detecting C compile features - done
-- Detecting CXX compiler ABI info
-- Detecting CXX compiler ABI info - done
-- Check for working CXX compiler: /usr/bin/c++ - skipped
-- Detecting CXX compile features
-- Detecting CXX compile features - done
-- Found ament_cmake: 2.5.4 (/opt/ros/jazzy/share/ament_cmake/cmake)
-- Found Python3: /usr/bin/python3 (found version "3.12.3") found components: Interpreter 
-- Override CMake install command with custom implementation using symlinks instead of copying resources
-- Found ament_lint_auto: 0.17.3 (/opt/ros/jazzy/share/ament_lint_auto/cmake)
-- Added test 'flake8' to check Python code syntax and style conventions
-- Configured 'flake8' exclude dirs and/or files: 
-- Added test 'lint_cmake' to check CMake code style
-- Added test 'pep257' to check Python code against some of the docstring style conventions in PEP 257
-- Added test 'xmllint' to check XML markup files
-- Configuring done (0.5s)
-- Generating done (0.0s)
-- Build files have been written to: /home/jashwanth/arduinobot_ws/build/arduinobot_moveit
-- Install configuration: ""
-- Execute custom install script
-- Symlinking: /home/jashwanth/arduinobot_ws/install/arduinobot_moveit/share/arduinobot_moveit/config/arduinobot.srdf
-- Symlinking: /home/jashwanth/arduinobot_ws/install/arduinobot_moveit/share/arduinobot_moveit/config/initial_positions.yaml
-- Symlinking: /home/jashwanth/arduinobot_ws/install/arduinobot_moveit/share/arduinobot_moveit/config/joint_limits.yaml
-- Symlinking: /home/jashwanth/arduinobot_ws/install/arduinobot_moveit/share/arduinobot_moveit/config/kinematics.yaml
-- Symlinking: /home/jashwanth/arduinobot_ws/install/arduinobot_moveit/share/arduinobot_moveit/config/moveit_controllers.yaml
-- Symlinking: /home/jashwanth/arduinobot_ws/install/arduinobot_moveit/share/arduinobot_moveit/config/pilz_cartesian_limits.yaml
-- Symlinking: /home/jashwanth/arduinobot_ws/install/arduinobot_moveit/share/arduinobot_moveit/launch/moveit.launch.py
-- Symlinking: /home/jashwanth/arduinobot_ws/install/arduinobot_moveit/share/ament_index/resource_index/package_run_dependencies/arduinobot_moveit
-- Symlinking: /home/jashwanth/arduinobot_ws/install/arduinobot_moveit/share/ament_index/resource_index/parent_prefix_path/arduinobot_moveit
-- Symlinking: /home/jashwanth/arduinobot_ws/install/arduinobot_moveit/share/arduinobot_moveit/environment/ament_prefix_path.sh
-- Symlinking: /home/jashwanth/arduinobot_ws/install/arduinobot_moveit/share/arduinobot_moveit/environment/ament_prefix_path.dsv
-- Symlinking: /home/jashwanth/arduinobot_ws/install/arduinobot_moveit/share/arduinobot_moveit/environment/path.sh
-- Symlinking: /home/jashwanth/arduinobot_ws/install/arduinobot_moveit/share/arduinobot_moveit/environment/path.dsv
-- Symlinking: /home/jashwanth/arduinobot_ws/install/arduinobot_moveit/share/arduinobot_moveit/local_setup.bash
-- Symlinking: /home/jashwanth/arduinobot_ws/install/arduinobot_moveit/share/arduinobot_moveit/local_setup.sh
-- Symlinking: /home/jashwanth/arduinobot_ws/install/arduinobot_moveit/share/arduinobot_moveit/local_setup.zsh
-- Symlinking: /home/jashwanth/arduinobot_ws/install/arduinobot_moveit/share/arduinobot_moveit/local_setup.dsv
-- Symlinking: /home/jashwanth/arduinobot_ws/install/arduinobot_moveit/share/arduinobot_moveit/package.dsv
-- Symlinking: /home/jashwanth/arduinobot_ws/install/arduinobot_moveit/share/ament_index/resource_index/packages/arduinobot_moveit
-- Symlinking: /home/jashwanth/arduinobot_ws/install/arduinobot_moveit/share/arduinobot_moveit/cmake/arduinobot_moveitConfig.cmake
-- Symlinking: /home/jashwanth/arduinobot_ws/install/arduinobot_moveit/share/arduinobot_moveit/cmake/arduinobot_moveitConfig-version.cmake
-- Symlinking: /home/jashwanth/arduinobot_ws/install/arduinobot_moveit/share/arduinobot_moveit/package.xml
