[0.005s] Invoking command in '/home/jashwanth/arduinobot_ws/build/arduinobot_moveit': CMAKE_PREFIX_PATH=/home/jashwanth/arduinobot_ws/install/arduinobot_description:/home/jashwanth/arduinobot_ws/install/arduinobot_utils:/home/jashwanth/arduinobot_ws/install/arduinobot_cpp_examples:/home/jashwanth/arduinobot_ws/install/arduinobot_msgs:/home/jashwanth/arduinobot_ws/install/arduinobot_moveit:/home/jashwanth/arduinobot_ws/install/arduinobot_controller:/opt/ros/jazzy/opt/gz_sim_vendor:/opt/ros/jazzy/opt/gz_sensors_vendor:/opt/ros/jazzy/opt/gz_physics_vendor:/opt/ros/jazzy/opt/sdformat_vendor:/opt/ros/jazzy/opt/gz_gui_vendor:/opt/ros/jazzy/opt/gz_transport_vendor:/opt/ros/jazzy/opt/gz_rendering_vendor:/opt/ros/jazzy/opt/gz_plugin_vendor:/opt/ros/jazzy/opt/gz_fuel_tools_vendor:/opt/ros/jazzy/opt/gz_msgs_vendor:/opt/ros/jazzy/opt/gz_common_vendor:/opt/ros/jazzy/opt/gz_math_vendor:/opt/ros/jazzy/opt/gz_utils_vendor:/opt/ros/jazzy/opt/gz_tools_vendor:/opt/ros/jazzy/opt/gz_ogre_next_vendor:/opt/ros/jazzy/opt/gz_dartsim_vendor:/opt/ros/jazzy/opt/gz_cmake_vendor:/home/jashwanth/arduinobot_ws/install/arduinobot_py_examples:/opt/ros/jazzy DEBUGINFOD_URLS=https://debuginfod.ubuntu.com /usr/bin/cmake /home/jashwanth/arduinobot_ws/src/arduinobot_moveit -DAMENT_CMAKE_SYMLINK_INSTALL=1 -DCMAKE_INSTALL_PREFIX=/home/jashwanth/arduinobot_ws/install/arduinobot_moveit
[0.043s] -- The C compiler identification is GNU 13.3.0
[0.078s] -- The CXX compiler identification is GNU 13.3.0
[0.089s] -- Detecting C compiler ABI info
[0.152s] -- Detecting C compiler ABI info - done
[0.162s] -- Check for working C compiler: /usr/bin/cc - skipped
[0.162s] -- Detecting C compile features
[0.163s] -- Detecting C compile features - done
[0.170s] -- Detecting CXX compiler ABI info
[0.240s] -- Detecting CXX compiler ABI info - done
[0.251s] -- Check for working CXX compiler: /usr/bin/c++ - skipped
[0.251s] -- Detecting CXX compile features
[0.251s] -- Detecting CXX compile features - done
[0.255s] -- Found ament_cmake: 2.5.4 (/opt/ros/jazzy/share/ament_cmake/cmake)
[0.368s] -- Found Python3: /usr/bin/python3 (found version "3.12.3") found components: Interpreter 
[0.412s] -- Override CMake install command with custom implementation using symlinks instead of copying resources
[0.440s] -- Found ament_lint_auto: 0.17.3 (/opt/ros/jazzy/share/ament_lint_auto/cmake)
[0.506s] -- Added test 'flake8' to check Python code syntax and style conventions
[0.506s] -- Configured 'flake8' exclude dirs and/or files: 
[0.507s] -- Added test 'lint_cmake' to check CMake code style
[0.507s] -- Added test 'pep257' to check Python code against some of the docstring style conventions in PEP 257
[0.508s] -- Added test 'xmllint' to check XML markup files
[0.509s] -- Configuring done (0.5s)
[0.510s] -- Generating done (0.0s)
[0.511s] -- Build files have been written to: /home/jashwanth/arduinobot_ws/build/arduinobot_moveit
[0.515s] Invoked command in '/home/jashwanth/arduinobot_ws/build/arduinobot_moveit' returned '0': CMAKE_PREFIX_PATH=/home/jashwanth/arduinobot_ws/install/arduinobot_description:/home/jashwanth/arduinobot_ws/install/arduinobot_utils:/home/jashwanth/arduinobot_ws/install/arduinobot_cpp_examples:/home/jashwanth/arduinobot_ws/install/arduinobot_msgs:/home/jashwanth/arduinobot_ws/install/arduinobot_moveit:/home/jashwanth/arduinobot_ws/install/arduinobot_controller:/opt/ros/jazzy/opt/gz_sim_vendor:/opt/ros/jazzy/opt/gz_sensors_vendor:/opt/ros/jazzy/opt/gz_physics_vendor:/opt/ros/jazzy/opt/sdformat_vendor:/opt/ros/jazzy/opt/gz_gui_vendor:/opt/ros/jazzy/opt/gz_transport_vendor:/opt/ros/jazzy/opt/gz_rendering_vendor:/opt/ros/jazzy/opt/gz_plugin_vendor:/opt/ros/jazzy/opt/gz_fuel_tools_vendor:/opt/ros/jazzy/opt/gz_msgs_vendor:/opt/ros/jazzy/opt/gz_common_vendor:/opt/ros/jazzy/opt/gz_math_vendor:/opt/ros/jazzy/opt/gz_utils_vendor:/opt/ros/jazzy/opt/gz_tools_vendor:/opt/ros/jazzy/opt/gz_ogre_next_vendor:/opt/ros/jazzy/opt/gz_dartsim_vendor:/opt/ros/jazzy/opt/gz_cmake_vendor:/home/jashwanth/arduinobot_ws/install/arduinobot_py_examples:/opt/ros/jazzy DEBUGINFOD_URLS=https://debuginfod.ubuntu.com /usr/bin/cmake /home/jashwanth/arduinobot_ws/src/arduinobot_moveit -DAMENT_CMAKE_SYMLINK_INSTALL=1 -DCMAKE_INSTALL_PREFIX=/home/jashwanth/arduinobot_ws/install/arduinobot_moveit
[0.515s] Invoking command in '/home/jashwanth/arduinobot_ws/build/arduinobot_moveit': CMAKE_PREFIX_PATH=/home/jashwanth/arduinobot_ws/install/arduinobot_description:/home/jashwanth/arduinobot_ws/install/arduinobot_utils:/home/jashwanth/arduinobot_ws/install/arduinobot_cpp_examples:/home/jashwanth/arduinobot_ws/install/arduinobot_msgs:/home/jashwanth/arduinobot_ws/install/arduinobot_moveit:/home/jashwanth/arduinobot_ws/install/arduinobot_controller:/opt/ros/jazzy/opt/gz_sim_vendor:/opt/ros/jazzy/opt/gz_sensors_vendor:/opt/ros/jazzy/opt/gz_physics_vendor:/opt/ros/jazzy/opt/sdformat_vendor:/opt/ros/jazzy/opt/gz_gui_vendor:/opt/ros/jazzy/opt/gz_transport_vendor:/opt/ros/jazzy/opt/gz_rendering_vendor:/opt/ros/jazzy/opt/gz_plugin_vendor:/opt/ros/jazzy/opt/gz_fuel_tools_vendor:/opt/ros/jazzy/opt/gz_msgs_vendor:/opt/ros/jazzy/opt/gz_common_vendor:/opt/ros/jazzy/opt/gz_math_vendor:/opt/ros/jazzy/opt/gz_utils_vendor:/opt/ros/jazzy/opt/gz_tools_vendor:/opt/ros/jazzy/opt/gz_ogre_next_vendor:/opt/ros/jazzy/opt/gz_dartsim_vendor:/opt/ros/jazzy/opt/gz_cmake_vendor:/home/jashwanth/arduinobot_ws/install/arduinobot_py_examples:/opt/ros/jazzy DEBUGINFOD_URLS=https://debuginfod.ubuntu.com /usr/bin/cmake --build /home/jashwanth/arduinobot_ws/build/arduinobot_moveit -- -j20 -l20
[0.543s] Invoked command in '/home/jashwanth/arduinobot_ws/build/arduinobot_moveit' returned '0': CMAKE_PREFIX_PATH=/home/jashwanth/arduinobot_ws/install/arduinobot_description:/home/jashwanth/arduinobot_ws/install/arduinobot_utils:/home/jashwanth/arduinobot_ws/install/arduinobot_cpp_examples:/home/jashwanth/arduinobot_ws/install/arduinobot_msgs:/home/jashwanth/arduinobot_ws/install/arduinobot_moveit:/home/jashwanth/arduinobot_ws/install/arduinobot_controller:/opt/ros/jazzy/opt/gz_sim_vendor:/opt/ros/jazzy/opt/gz_sensors_vendor:/opt/ros/jazzy/opt/gz_physics_vendor:/opt/ros/jazzy/opt/sdformat_vendor:/opt/ros/jazzy/opt/gz_gui_vendor:/opt/ros/jazzy/opt/gz_transport_vendor:/opt/ros/jazzy/opt/gz_rendering_vendor:/opt/ros/jazzy/opt/gz_plugin_vendor:/opt/ros/jazzy/opt/gz_fuel_tools_vendor:/opt/ros/jazzy/opt/gz_msgs_vendor:/opt/ros/jazzy/opt/gz_common_vendor:/opt/ros/jazzy/opt/gz_math_vendor:/opt/ros/jazzy/opt/gz_utils_vendor:/opt/ros/jazzy/opt/gz_tools_vendor:/opt/ros/jazzy/opt/gz_ogre_next_vendor:/opt/ros/jazzy/opt/gz_dartsim_vendor:/opt/ros/jazzy/opt/gz_cmake_vendor:/home/jashwanth/arduinobot_ws/install/arduinobot_py_examples:/opt/ros/jazzy DEBUGINFOD_URLS=https://debuginfod.ubuntu.com /usr/bin/cmake --build /home/jashwanth/arduinobot_ws/build/arduinobot_moveit -- -j20 -l20
[0.544s] Invoking command in '/home/jashwanth/arduinobot_ws/build/arduinobot_moveit': CMAKE_PREFIX_PATH=/home/jashwanth/arduinobot_ws/install/arduinobot_description:/home/jashwanth/arduinobot_ws/install/arduinobot_utils:/home/jashwanth/arduinobot_ws/install/arduinobot_cpp_examples:/home/jashwanth/arduinobot_ws/install/arduinobot_msgs:/home/jashwanth/arduinobot_ws/install/arduinobot_moveit:/home/jashwanth/arduinobot_ws/install/arduinobot_controller:/opt/ros/jazzy/opt/gz_sim_vendor:/opt/ros/jazzy/opt/gz_sensors_vendor:/opt/ros/jazzy/opt/gz_physics_vendor:/opt/ros/jazzy/opt/sdformat_vendor:/opt/ros/jazzy/opt/gz_gui_vendor:/opt/ros/jazzy/opt/gz_transport_vendor:/opt/ros/jazzy/opt/gz_rendering_vendor:/opt/ros/jazzy/opt/gz_plugin_vendor:/opt/ros/jazzy/opt/gz_fuel_tools_vendor:/opt/ros/jazzy/opt/gz_msgs_vendor:/opt/ros/jazzy/opt/gz_common_vendor:/opt/ros/jazzy/opt/gz_math_vendor:/opt/ros/jazzy/opt/gz_utils_vendor:/opt/ros/jazzy/opt/gz_tools_vendor:/opt/ros/jazzy/opt/gz_ogre_next_vendor:/opt/ros/jazzy/opt/gz_dartsim_vendor:/opt/ros/jazzy/opt/gz_cmake_vendor:/home/jashwanth/arduinobot_ws/install/arduinobot_py_examples:/opt/ros/jazzy DEBUGINFOD_URLS=https://debuginfod.ubuntu.com /usr/bin/cmake --install /home/jashwanth/arduinobot_ws/build/arduinobot_moveit
[0.548s] -- Install configuration: ""
[0.548s] -- Execute custom install script
[0.549s] -- Symlinking: /home/jashwanth/arduinobot_ws/install/arduinobot_moveit/share/arduinobot_moveit/config/arduinobot.srdf
[0.554s] -- Symlinking: /home/jashwanth/arduinobot_ws/install/arduinobot_moveit/share/arduinobot_moveit/config/initial_positions.yaml
[0.559s] -- Symlinking: /home/jashwanth/arduinobot_ws/install/arduinobot_moveit/share/arduinobot_moveit/config/joint_limits.yaml
[0.566s] -- Symlinking: /home/jashwanth/arduinobot_ws/install/arduinobot_moveit/share/arduinobot_moveit/config/kinematics.yaml
[0.574s] -- Symlinking: /home/jashwanth/arduinobot_ws/install/arduinobot_moveit/share/arduinobot_moveit/config/moveit_controllers.yaml
[0.579s] -- Symlinking: /home/jashwanth/arduinobot_ws/install/arduinobot_moveit/share/arduinobot_moveit/config/pilz_cartesian_limits.yaml
[0.584s] -- Symlinking: /home/jashwanth/arduinobot_ws/install/arduinobot_moveit/share/arduinobot_moveit/launch/moveit.launch.py
[0.590s] -- Symlinking: /home/jashwanth/arduinobot_ws/install/arduinobot_moveit/share/ament_index/resource_index/package_run_dependencies/arduinobot_moveit
[0.597s] -- Symlinking: /home/jashwanth/arduinobot_ws/install/arduinobot_moveit/share/ament_index/resource_index/parent_prefix_path/arduinobot_moveit
[0.603s] -- Symlinking: /home/jashwanth/arduinobot_ws/install/arduinobot_moveit/share/arduinobot_moveit/environment/ament_prefix_path.sh
[0.608s] -- Symlinking: /home/jashwanth/arduinobot_ws/install/arduinobot_moveit/share/arduinobot_moveit/environment/ament_prefix_path.dsv
[0.617s] -- Symlinking: /home/jashwanth/arduinobot_ws/install/arduinobot_moveit/share/arduinobot_moveit/environment/path.sh
[0.623s] -- Symlinking: /home/jashwanth/arduinobot_ws/install/arduinobot_moveit/share/arduinobot_moveit/environment/path.dsv
[0.628s] -- Symlinking: /home/jashwanth/arduinobot_ws/install/arduinobot_moveit/share/arduinobot_moveit/local_setup.bash
[0.636s] -- Symlinking: /home/jashwanth/arduinobot_ws/install/arduinobot_moveit/share/arduinobot_moveit/local_setup.sh
[0.644s] -- Symlinking: /home/jashwanth/arduinobot_ws/install/arduinobot_moveit/share/arduinobot_moveit/local_setup.zsh
[0.649s] -- Symlinking: /home/jashwanth/arduinobot_ws/install/arduinobot_moveit/share/arduinobot_moveit/local_setup.dsv
[0.654s] -- Symlinking: /home/jashwanth/arduinobot_ws/install/arduinobot_moveit/share/arduinobot_moveit/package.dsv
[0.661s] -- Symlinking: /home/jashwanth/arduinobot_ws/install/arduinobot_moveit/share/ament_index/resource_index/packages/arduinobot_moveit
[0.667s] -- Symlinking: /home/jashwanth/arduinobot_ws/install/arduinobot_moveit/share/arduinobot_moveit/cmake/arduinobot_moveitConfig.cmake
[0.672s] -- Symlinking: /home/jashwanth/arduinobot_ws/install/arduinobot_moveit/share/arduinobot_moveit/cmake/arduinobot_moveitConfig-version.cmake
[0.678s] -- Symlinking: /home/jashwanth/arduinobot_ws/install/arduinobot_moveit/share/arduinobot_moveit/package.xml
[0.684s] Invoked command in '/home/jashwanth/arduinobot_ws/build/arduinobot_moveit' returned '0': CMAKE_PREFIX_PATH=/home/jashwanth/arduinobot_ws/install/arduinobot_description:/home/jashwanth/arduinobot_ws/install/arduinobot_utils:/home/jashwanth/arduinobot_ws/install/arduinobot_cpp_examples:/home/jashwanth/arduinobot_ws/install/arduinobot_msgs:/home/jashwanth/arduinobot_ws/install/arduinobot_moveit:/home/jashwanth/arduinobot_ws/install/arduinobot_controller:/opt/ros/jazzy/opt/gz_sim_vendor:/opt/ros/jazzy/opt/gz_sensors_vendor:/opt/ros/jazzy/opt/gz_physics_vendor:/opt/ros/jazzy/opt/sdformat_vendor:/opt/ros/jazzy/opt/gz_gui_vendor:/opt/ros/jazzy/opt/gz_transport_vendor:/opt/ros/jazzy/opt/gz_rendering_vendor:/opt/ros/jazzy/opt/gz_plugin_vendor:/opt/ros/jazzy/opt/gz_fuel_tools_vendor:/opt/ros/jazzy/opt/gz_msgs_vendor:/opt/ros/jazzy/opt/gz_common_vendor:/opt/ros/jazzy/opt/gz_math_vendor:/opt/ros/jazzy/opt/gz_utils_vendor:/opt/ros/jazzy/opt/gz_tools_vendor:/opt/ros/jazzy/opt/gz_ogre_next_vendor:/opt/ros/jazzy/opt/gz_dartsim_vendor:/opt/ros/jazzy/opt/gz_cmake_vendor:/home/jashwanth/arduinobot_ws/install/arduinobot_py_examples:/opt/ros/jazzy DEBUGINFOD_URLS=https://debuginfod.ubuntu.com /usr/bin/cmake --install /home/jashwanth/arduinobot_ws/build/arduinobot_moveit
