[0.017s] Invoking command in '/home/jashwanth/arduinobot_ws/build/arduinobot_cpp_examples': CMAKE_PREFIX_PATH=/home/jashwanth/arduinobot_ws/install/arduinobot_msgs:/home/jashwanth/arduinobot_ws/install/arduinobot_utils:/home/jashwanth/arduinobot_ws/install/arduinobot_cpp_examples:/home/jashwanth/arduinobot_ws/install/arduinobot_moveit:/home/jashwanth/arduinobot_ws/install/arduinobot_controller:/home/jashwanth/arduinobot_ws/install/arduinobot_description:/opt/ros/jazzy/opt/gz_sim_vendor:/opt/ros/jazzy/opt/gz_sensors_vendor:/opt/ros/jazzy/opt/gz_physics_vendor:/opt/ros/jazzy/opt/sdformat_vendor:/opt/ros/jazzy/opt/gz_gui_vendor:/opt/ros/jazzy/opt/gz_transport_vendor:/opt/ros/jazzy/opt/gz_rendering_vendor:/opt/ros/jazzy/opt/gz_plugin_vendor:/opt/ros/jazzy/opt/gz_fuel_tools_vendor:/opt/ros/jazzy/opt/gz_msgs_vendor:/opt/ros/jazzy/opt/gz_common_vendor:/opt/ros/jazzy/opt/gz_math_vendor:/opt/ros/jazzy/opt/gz_utils_vendor:/opt/ros/jazzy/opt/gz_tools_vendor:/opt/ros/jazzy/opt/gz_ogre_next_vendor:/opt/ros/jazzy/opt/gz_dartsim_vendor:/opt/ros/jazzy/opt/gz_cmake_vendor:/home/jashwanth/arduinobot_ws/install/arduinobot_py_examples:/opt/ros/jazzy DEBUGINFOD_URLS=https://debuginfod.ubuntu.com PYTHONPATH=/home/jashwanth/arduinobot_ws/install/arduinobot_msgs/lib/python3.12/site-packages:/home/jashwanth/arduinobot_ws/install/arduinobot_utils/lib/python3.12/site-packages:/home/jashwanth/arduinobot_ws/install/arduinobot_py_examples/lib/python3.12/site-packages:/home/jashwanth/arduinobot_ws/install/arduinobot_controller/lib/python3.12/site-packages:/opt/ros/jazzy/lib/python3.12/site-packages /usr/bin/cmake /home/jashwanth/arduinobot_ws/src/arduinobot_cpp_examples -DAMENT_CMAKE_SYMLINK_INSTALL=1 -DCMAKE_INSTALL_PREFIX=/home/jashwanth/arduinobot_ws/install/arduinobot_cpp_examples
[0.060s] -- The C compiler identification is GNU 13.3.0
[0.101s] -- The CXX compiler identification is GNU 13.3.0
[0.114s] -- Detecting C compiler ABI info
[0.181s] -- Detecting C compiler ABI info - done
[0.186s] -- Check for working C compiler: /usr/bin/cc - skipped
[0.186s] -- Detecting C compile features
[0.186s] -- Detecting C compile features - done
[0.194s] -- Detecting CXX compiler ABI info
[0.276s] -- Detecting CXX compiler ABI info - done
[0.282s] -- Check for working CXX compiler: /usr/bin/c++ - skipped
[0.282s] -- Detecting CXX compile features
[0.283s] -- Detecting CXX compile features - done
[0.285s] -- Found ament_cmake: 2.5.4 (/opt/ros/jazzy/share/ament_cmake/cmake)
[0.397s] -- Found Python3: /usr/bin/python3 (found version "3.12.3") found components: Interpreter 
[0.441s] -- Override CMake install command with custom implementation using symlinks instead of copying resources
[0.473s] -- Found rclcpp: 28.1.12 (/opt/ros/jazzy/share/rclcpp/cmake)
[0.506s] -- Found rosidl_generator_c: 4.6.6 (/opt/ros/jazzy/share/rosidl_generator_c/cmake)
[0.516s] -- Found rosidl_generator_cpp: 4.6.6 (/opt/ros/jazzy/share/rosidl_generator_cpp/cmake)
[0.527s] -- Using all available rosidl_typesupport_c: rosidl_typesupport_fastrtps_c;rosidl_typesupport_introspection_c
[0.540s] -- Using all available rosidl_typesupport_cpp: rosidl_typesupport_fastrtps_cpp;rosidl_typesupport_introspection_cpp
[0.593s] -- Found rmw_implementation_cmake: 7.3.2 (/opt/ros/jazzy/share/rmw_implementation_cmake/cmake)
[0.595s] -- Found rmw_fastrtps_cpp: 8.4.3 (/opt/ros/jazzy/share/rmw_fastrtps_cpp/cmake)
[0.665s] -- Found OpenSSL: /usr/lib/x86_64-linux-gnu/libcrypto.so (found version "3.0.13")  
[0.681s] -- Found FastRTPS: /opt/ros/jazzy/include (Required is at least version "2.13") 
[0.698s] -- Using RMW implementation 'rmw_fastrtps_cpp' as default
[0.749s] -- Found std_msgs: 5.3.6 (/opt/ros/jazzy/share/std_msgs/cmake)
[0.757s] -- Found arduinobot_msgs: 0.0.0 (/home/jashwanth/arduinobot_ws/install/arduinobot_msgs/share/arduinobot_msgs/cmake)
[0.824s] -- Configuring done (0.8s)
[0.836s] -- Generating done (0.0s)
[0.841s] -- Build files have been written to: /home/jashwanth/arduinobot_ws/build/arduinobot_cpp_examples
[0.848s] Invoked command in '/home/jashwanth/arduinobot_ws/build/arduinobot_cpp_examples' returned '0': CMAKE_PREFIX_PATH=/home/jashwanth/arduinobot_ws/install/arduinobot_msgs:/home/jashwanth/arduinobot_ws/install/arduinobot_utils:/home/jashwanth/arduinobot_ws/install/arduinobot_cpp_examples:/home/jashwanth/arduinobot_ws/install/arduinobot_moveit:/home/jashwanth/arduinobot_ws/install/arduinobot_controller:/home/jashwanth/arduinobot_ws/install/arduinobot_description:/opt/ros/jazzy/opt/gz_sim_vendor:/opt/ros/jazzy/opt/gz_sensors_vendor:/opt/ros/jazzy/opt/gz_physics_vendor:/opt/ros/jazzy/opt/sdformat_vendor:/opt/ros/jazzy/opt/gz_gui_vendor:/opt/ros/jazzy/opt/gz_transport_vendor:/opt/ros/jazzy/opt/gz_rendering_vendor:/opt/ros/jazzy/opt/gz_plugin_vendor:/opt/ros/jazzy/opt/gz_fuel_tools_vendor:/opt/ros/jazzy/opt/gz_msgs_vendor:/opt/ros/jazzy/opt/gz_common_vendor:/opt/ros/jazzy/opt/gz_math_vendor:/opt/ros/jazzy/opt/gz_utils_vendor:/opt/ros/jazzy/opt/gz_tools_vendor:/opt/ros/jazzy/opt/gz_ogre_next_vendor:/opt/ros/jazzy/opt/gz_dartsim_vendor:/opt/ros/jazzy/opt/gz_cmake_vendor:/home/jashwanth/arduinobot_ws/install/arduinobot_py_examples:/opt/ros/jazzy DEBUGINFOD_URLS=https://debuginfod.ubuntu.com PYTHONPATH=/home/jashwanth/arduinobot_ws/install/arduinobot_msgs/lib/python3.12/site-packages:/home/jashwanth/arduinobot_ws/install/arduinobot_utils/lib/python3.12/site-packages:/home/jashwanth/arduinobot_ws/install/arduinobot_py_examples/lib/python3.12/site-packages:/home/jashwanth/arduinobot_ws/install/arduinobot_controller/lib/python3.12/site-packages:/opt/ros/jazzy/lib/python3.12/site-packages /usr/bin/cmake /home/jashwanth/arduinobot_ws/src/arduinobot_cpp_examples -DAMENT_CMAKE_SYMLINK_INSTALL=1 -DCMAKE_INSTALL_PREFIX=/home/jashwanth/arduinobot_ws/install/arduinobot_cpp_examples
[0.848s] Invoking command in '/home/jashwanth/arduinobot_ws/build/arduinobot_cpp_examples': CMAKE_PREFIX_PATH=/home/jashwanth/arduinobot_ws/install/arduinobot_msgs:/home/jashwanth/arduinobot_ws/install/arduinobot_utils:/home/jashwanth/arduinobot_ws/install/arduinobot_cpp_examples:/home/jashwanth/arduinobot_ws/install/arduinobot_moveit:/home/jashwanth/arduinobot_ws/install/arduinobot_controller:/home/jashwanth/arduinobot_ws/install/arduinobot_description:/opt/ros/jazzy/opt/gz_sim_vendor:/opt/ros/jazzy/opt/gz_sensors_vendor:/opt/ros/jazzy/opt/gz_physics_vendor:/opt/ros/jazzy/opt/sdformat_vendor:/opt/ros/jazzy/opt/gz_gui_vendor:/opt/ros/jazzy/opt/gz_transport_vendor:/opt/ros/jazzy/opt/gz_rendering_vendor:/opt/ros/jazzy/opt/gz_plugin_vendor:/opt/ros/jazzy/opt/gz_fuel_tools_vendor:/opt/ros/jazzy/opt/gz_msgs_vendor:/opt/ros/jazzy/opt/gz_common_vendor:/opt/ros/jazzy/opt/gz_math_vendor:/opt/ros/jazzy/opt/gz_utils_vendor:/opt/ros/jazzy/opt/gz_tools_vendor:/opt/ros/jazzy/opt/gz_ogre_next_vendor:/opt/ros/jazzy/opt/gz_dartsim_vendor:/opt/ros/jazzy/opt/gz_cmake_vendor:/home/jashwanth/arduinobot_ws/install/arduinobot_py_examples:/opt/ros/jazzy DEBUGINFOD_URLS=https://debuginfod.ubuntu.com PYTHONPATH=/home/jashwanth/arduinobot_ws/install/arduinobot_msgs/lib/python3.12/site-packages:/home/jashwanth/arduinobot_ws/install/arduinobot_utils/lib/python3.12/site-packages:/home/jashwanth/arduinobot_ws/install/arduinobot_py_examples/lib/python3.12/site-packages:/home/jashwanth/arduinobot_ws/install/arduinobot_controller/lib/python3.12/site-packages:/opt/ros/jazzy/lib/python3.12/site-packages /usr/bin/cmake --build /home/jashwanth/arduinobot_ws/build/arduinobot_cpp_examples -- -j20 -l20
[0.884s] [ 10%] [32mBuilding CXX object CMakeFiles/simple_subscriber.dir/src/simple_subscriber.cpp.o[0m
[0.884s] [ 20%] [32mBuilding CXX object CMakeFiles/simple_service_client.dir/src/simple_service_client.cpp.o[0m
[0.887s] [ 30%] [32mBuilding CXX object CMakeFiles/simple_parameter.dir/src/simple_parameter.cpp.o[0m
[0.888s] [ 50%] [32mBuilding CXX object CMakeFiles/simple_publisher.dir/src/simple_publisher.cpp.o[0m
[0.888s] [ 50%] [32mBuilding CXX object CMakeFiles/simple_service_server.dir/src/simple_service_server.cpp.o[0m
[2.649s] [ 60%] [32m[1mLinking CXX executable simple_parameter[0m
[2.763s] [ 60%] Built target simple_parameter
[3.007s] [ 70%] [32m[1mLinking CXX executable simple_service_server[0m
[3.100s] [ 70%] Built target simple_service_server
[3.217s] [ 80%] [32m[1mLinking CXX executable simple_service_client[0m
[3.309s] [ 80%] Built target simple_service_client
[3.545s] [ 90%] [32m[1mLinking CXX executable simple_publisher[0m
[3.648s] [ 90%] Built target simple_publisher
[5.016s] [100%] [32m[1mLinking CXX executable simple_subscriber[0m
[5.146s] [100%] Built target simple_subscriber
[5.156s] Invoked command in '/home/jashwanth/arduinobot_ws/build/arduinobot_cpp_examples' returned '0': CMAKE_PREFIX_PATH=/home/jashwanth/arduinobot_ws/install/arduinobot_msgs:/home/jashwanth/arduinobot_ws/install/arduinobot_utils:/home/jashwanth/arduinobot_ws/install/arduinobot_cpp_examples:/home/jashwanth/arduinobot_ws/install/arduinobot_moveit:/home/jashwanth/arduinobot_ws/install/arduinobot_controller:/home/jashwanth/arduinobot_ws/install/arduinobot_description:/opt/ros/jazzy/opt/gz_sim_vendor:/opt/ros/jazzy/opt/gz_sensors_vendor:/opt/ros/jazzy/opt/gz_physics_vendor:/opt/ros/jazzy/opt/sdformat_vendor:/opt/ros/jazzy/opt/gz_gui_vendor:/opt/ros/jazzy/opt/gz_transport_vendor:/opt/ros/jazzy/opt/gz_rendering_vendor:/opt/ros/jazzy/opt/gz_plugin_vendor:/opt/ros/jazzy/opt/gz_fuel_tools_vendor:/opt/ros/jazzy/opt/gz_msgs_vendor:/opt/ros/jazzy/opt/gz_common_vendor:/opt/ros/jazzy/opt/gz_math_vendor:/opt/ros/jazzy/opt/gz_utils_vendor:/opt/ros/jazzy/opt/gz_tools_vendor:/opt/ros/jazzy/opt/gz_ogre_next_vendor:/opt/ros/jazzy/opt/gz_dartsim_vendor:/opt/ros/jazzy/opt/gz_cmake_vendor:/home/jashwanth/arduinobot_ws/install/arduinobot_py_examples:/opt/ros/jazzy DEBUGINFOD_URLS=https://debuginfod.ubuntu.com PYTHONPATH=/home/jashwanth/arduinobot_ws/install/arduinobot_msgs/lib/python3.12/site-packages:/home/jashwanth/arduinobot_ws/install/arduinobot_utils/lib/python3.12/site-packages:/home/jashwanth/arduinobot_ws/install/arduinobot_py_examples/lib/python3.12/site-packages:/home/jashwanth/arduinobot_ws/install/arduinobot_controller/lib/python3.12/site-packages:/opt/ros/jazzy/lib/python3.12/site-packages /usr/bin/cmake --build /home/jashwanth/arduinobot_ws/build/arduinobot_cpp_examples -- -j20 -l20
[5.157s] Invoking command in '/home/jashwanth/arduinobot_ws/build/arduinobot_cpp_examples': CMAKE_PREFIX_PATH=/home/jashwanth/arduinobot_ws/install/arduinobot_msgs:/home/jashwanth/arduinobot_ws/install/arduinobot_utils:/home/jashwanth/arduinobot_ws/install/arduinobot_cpp_examples:/home/jashwanth/arduinobot_ws/install/arduinobot_moveit:/home/jashwanth/arduinobot_ws/install/arduinobot_controller:/home/jashwanth/arduinobot_ws/install/arduinobot_description:/opt/ros/jazzy/opt/gz_sim_vendor:/opt/ros/jazzy/opt/gz_sensors_vendor:/opt/ros/jazzy/opt/gz_physics_vendor:/opt/ros/jazzy/opt/sdformat_vendor:/opt/ros/jazzy/opt/gz_gui_vendor:/opt/ros/jazzy/opt/gz_transport_vendor:/opt/ros/jazzy/opt/gz_rendering_vendor:/opt/ros/jazzy/opt/gz_plugin_vendor:/opt/ros/jazzy/opt/gz_fuel_tools_vendor:/opt/ros/jazzy/opt/gz_msgs_vendor:/opt/ros/jazzy/opt/gz_common_vendor:/opt/ros/jazzy/opt/gz_math_vendor:/opt/ros/jazzy/opt/gz_utils_vendor:/opt/ros/jazzy/opt/gz_tools_vendor:/opt/ros/jazzy/opt/gz_ogre_next_vendor:/opt/ros/jazzy/opt/gz_dartsim_vendor:/opt/ros/jazzy/opt/gz_cmake_vendor:/home/jashwanth/arduinobot_ws/install/arduinobot_py_examples:/opt/ros/jazzy DEBUGINFOD_URLS=https://debuginfod.ubuntu.com PYTHONPATH=/home/jashwanth/arduinobot_ws/install/arduinobot_msgs/lib/python3.12/site-packages:/home/jashwanth/arduinobot_ws/install/arduinobot_utils/lib/python3.12/site-packages:/home/jashwanth/arduinobot_ws/install/arduinobot_py_examples/lib/python3.12/site-packages:/home/jashwanth/arduinobot_ws/install/arduinobot_controller/lib/python3.12/site-packages:/opt/ros/jazzy/lib/python3.12/site-packages /usr/bin/cmake --install /home/jashwanth/arduinobot_ws/build/arduinobot_cpp_examples
[5.162s] -- Install configuration: ""
[5.163s] -- Execute custom install script
[5.163s] -- Symlinking: /home/jashwanth/arduinobot_ws/install/arduinobot_cpp_examples/lib/arduinobot_cpp_examples/simple_publisher
[5.168s] -- Symlinking: /home/jashwanth/arduinobot_ws/install/arduinobot_cpp_examples/lib/arduinobot_cpp_examples/simple_subscriber
[5.174s] -- Symlinking: /home/jashwanth/arduinobot_ws/install/arduinobot_cpp_examples/lib/arduinobot_cpp_examples/simple_parameter
[5.181s] -- Symlinking: /home/jashwanth/arduinobot_ws/install/arduinobot_cpp_examples/lib/arduinobot_cpp_examples/simple_service_server
[5.187s] -- Symlinking: /home/jashwanth/arduinobot_ws/install/arduinobot_cpp_examples/lib/arduinobot_cpp_examples/simple_service_client
[5.192s] -- Symlinking: /home/jashwanth/arduinobot_ws/install/arduinobot_cpp_examples/share/ament_index/resource_index/package_run_dependencies/arduinobot_cpp_examples
[5.200s] -- Symlinking: /home/jashwanth/arduinobot_ws/install/arduinobot_cpp_examples/share/ament_index/resource_index/parent_prefix_path/arduinobot_cpp_examples
[5.206s] -- Symlinking: /home/jashwanth/arduinobot_ws/install/arduinobot_cpp_examples/share/arduinobot_cpp_examples/environment/ament_prefix_path.sh
[5.212s] -- Symlinking: /home/jashwanth/arduinobot_ws/install/arduinobot_cpp_examples/share/arduinobot_cpp_examples/environment/ament_prefix_path.dsv
[5.220s] -- Symlinking: /home/jashwanth/arduinobot_ws/install/arduinobot_cpp_examples/share/arduinobot_cpp_examples/environment/path.sh
[5.225s] -- Symlinking: /home/jashwanth/arduinobot_ws/install/arduinobot_cpp_examples/share/arduinobot_cpp_examples/environment/path.dsv
[5.231s] -- Symlinking: /home/jashwanth/arduinobot_ws/install/arduinobot_cpp_examples/share/arduinobot_cpp_examples/local_setup.bash
[5.238s] -- Symlinking: /home/jashwanth/arduinobot_ws/install/arduinobot_cpp_examples/share/arduinobot_cpp_examples/local_setup.sh
[5.244s] -- Symlinking: /home/jashwanth/arduinobot_ws/install/arduinobot_cpp_examples/share/arduinobot_cpp_examples/local_setup.zsh
[5.250s] -- Symlinking: /home/jashwanth/arduinobot_ws/install/arduinobot_cpp_examples/share/arduinobot_cpp_examples/local_setup.dsv
[5.256s] -- Symlinking: /home/jashwanth/arduinobot_ws/install/arduinobot_cpp_examples/share/arduinobot_cpp_examples/package.dsv
[5.263s] -- Symlinking: /home/jashwanth/arduinobot_ws/install/arduinobot_cpp_examples/share/ament_index/resource_index/packages/arduinobot_cpp_examples
[5.268s] -- Symlinking: /home/jashwanth/arduinobot_ws/install/arduinobot_cpp_examples/share/arduinobot_cpp_examples/cmake/arduinobot_cpp_examplesConfig.cmake
[5.275s] -- Symlinking: /home/jashwanth/arduinobot_ws/install/arduinobot_cpp_examples/share/arduinobot_cpp_examples/cmake/arduinobot_cpp_examplesConfig-version.cmake
[5.282s] -- Symlinking: /home/jashwanth/arduinobot_ws/install/arduinobot_cpp_examples/share/arduinobot_cpp_examples/package.xml
[5.289s] Invoked command in '/home/jashwanth/arduinobot_ws/build/arduinobot_cpp_examples' returned '0': CMAKE_PREFIX_PATH=/home/jashwanth/arduinobot_ws/install/arduinobot_msgs:/home/jashwanth/arduinobot_ws/install/arduinobot_utils:/home/jashwanth/arduinobot_ws/install/arduinobot_cpp_examples:/home/jashwanth/arduinobot_ws/install/arduinobot_moveit:/home/jashwanth/arduinobot_ws/install/arduinobot_controller:/home/jashwanth/arduinobot_ws/install/arduinobot_description:/opt/ros/jazzy/opt/gz_sim_vendor:/opt/ros/jazzy/opt/gz_sensors_vendor:/opt/ros/jazzy/opt/gz_physics_vendor:/opt/ros/jazzy/opt/sdformat_vendor:/opt/ros/jazzy/opt/gz_gui_vendor:/opt/ros/jazzy/opt/gz_transport_vendor:/opt/ros/jazzy/opt/gz_rendering_vendor:/opt/ros/jazzy/opt/gz_plugin_vendor:/opt/ros/jazzy/opt/gz_fuel_tools_vendor:/opt/ros/jazzy/opt/gz_msgs_vendor:/opt/ros/jazzy/opt/gz_common_vendor:/opt/ros/jazzy/opt/gz_math_vendor:/opt/ros/jazzy/opt/gz_utils_vendor:/opt/ros/jazzy/opt/gz_tools_vendor:/opt/ros/jazzy/opt/gz_ogre_next_vendor:/opt/ros/jazzy/opt/gz_dartsim_vendor:/opt/ros/jazzy/opt/gz_cmake_vendor:/home/jashwanth/arduinobot_ws/install/arduinobot_py_examples:/opt/ros/jazzy DEBUGINFOD_URLS=https://debuginfod.ubuntu.com PYTHONPATH=/home/jashwanth/arduinobot_ws/install/arduinobot_msgs/lib/python3.12/site-packages:/home/jashwanth/arduinobot_ws/install/arduinobot_utils/lib/python3.12/site-packages:/home/jashwanth/arduinobot_ws/install/arduinobot_py_examples/lib/python3.12/site-packages:/home/jashwanth/arduinobot_ws/install/arduinobot_controller/lib/python3.12/site-packages:/opt/ros/jazzy/lib/python3.12/site-packages /usr/bin/cmake --install /home/jashwanth/arduinobot_ws/build/arduinobot_cpp_examples
