[0.056s] DEBUG:colcon:Command line arguments: ['/usr/bin/colcon', 'build']
[0.057s] DEBUG:colcon:Parsed command line arguments: Namespace(log_base=None, log_level=None, verb_name='build', build_base='build', install_base='install', merge_install=False, symlink_install=False, test_result_base=None, continue_on_error=False, executor='parallel', parallel_workers=20, event_handlers=None, ignore_user_meta=False, metas=['./colcon.meta'], base_paths=['.'], packages_ignore=None, packages_ignore_regex=None, paths=None, packages_up_to=None, packages_up_to_regex=None, packages_above=None, packages_above_and_dependencies=None, packages_above_depth=None, packages_select_by_dep=None, packages_skip_by_dep=None, packages_skip_up_to=None, packages_select_build_failed=False, packages_skip_build_finished=False, packages_select_test_failures=False, packages_skip_test_passed=False, packages_select=None, packages_skip=None, packages_select_regex=None, packages_skip_regex=None, packages_start=None, packages_end=None, allow_overriding=[], cmake_args=None, cmake_target=None, cmake_target_skip_unavailable=False, cmake_clean_cache=False, cmake_clean_first=False, cmake_force_configure=False, ament_cmake_args=None, catkin_cmake_args=None, catkin_skip_building_tests=False, mixin_files=None, mixin=None, verb_parser=<colcon_mixin.mixin.mixin_argument.MixinArgumentDecorator object at 0x759622575cd0>, verb_extension=<colcon_core.verb.build.BuildVerb object at 0x7596226c2090>, main=<bound method BuildVerb.main of <colcon_core.verb.build.BuildVerb object at 0x7596226c2090>>, mixin_verb=('build',))
[0.077s] Level 1:colcon.colcon_core.package_discovery:discover_packages(colcon_meta) check parameters
[0.077s] Level 1:colcon.colcon_core.package_discovery:discover_packages(recursive) check parameters
[0.077s] Level 1:colcon.colcon_core.package_discovery:discover_packages(ignore) check parameters
[0.077s] Level 1:colcon.colcon_core.package_discovery:discover_packages(path) check parameters
[0.077s] Level 1:colcon.colcon_core.package_discovery:discover_packages(colcon_meta) discover
[0.077s] Level 1:colcon.colcon_core.package_discovery:discover_packages(recursive) discover
[0.078s] INFO:colcon.colcon_core.package_discovery:Crawling recursively for packages in '/home/jashwanth/arduinobot_ws/src'
[0.078s] Level 1:colcon.colcon_core.package_identification:_identify(.) by extensions ['ignore', 'ignore_ament_install']
[0.078s] Level 1:colcon.colcon_core.package_identification:_identify(.) by extension 'ignore'
[0.078s] Level 1:colcon.colcon_core.package_identification:_identify(.) by extension 'ignore_ament_install'
[0.078s] Level 1:colcon.colcon_core.package_identification:_identify(.) by extensions ['colcon_pkg']
[0.078s] Level 1:colcon.colcon_core.package_identification:_identify(.) by extension 'colcon_pkg'
[0.078s] Level 1:colcon.colcon_core.package_identification:_identify(.) by extensions ['colcon_meta']
[0.078s] Level 1:colcon.colcon_core.package_identification:_identify(.) by extension 'colcon_meta'
[0.078s] Level 1:colcon.colcon_core.package_identification:_identify(.) by extensions ['ros']
[0.078s] Level 1:colcon.colcon_core.package_identification:_identify(.) by extension 'ros'
[0.092s] Level 1:colcon.colcon_core.package_identification:_identify(.) by extensions ['cmake', 'python']
[0.092s] Level 1:colcon.colcon_core.package_identification:_identify(.) by extension 'cmake'
[0.092s] Level 1:colcon.colcon_core.package_identification:_identify(.) by extension 'python'
[0.092s] Level 1:colcon.colcon_core.package_identification:_identify(.) by extensions ['python_setup_py']
[0.093s] Level 1:colcon.colcon_core.package_identification:_identify(.) by extension 'python_setup_py'
[0.093s] Level 1:colcon.colcon_core.package_identification:_identify(arduinobot_controller) by extensions ['ignore', 'ignore_ament_install']
[0.093s] Level 1:colcon.colcon_core.package_identification:_identify(arduinobot_controller) by extension 'ignore'
[0.093s] Level 1:colcon.colcon_core.package_identification:_identify(arduinobot_controller) by extension 'ignore_ament_install'
[0.093s] Level 1:colcon.colcon_core.package_identification:_identify(arduinobot_controller) by extensions ['colcon_pkg']
[0.093s] Level 1:colcon.colcon_core.package_identification:_identify(arduinobot_controller) by extension 'colcon_pkg'
[0.093s] Level 1:colcon.colcon_core.package_identification:_identify(arduinobot_controller) by extensions ['colcon_meta']
[0.093s] Level 1:colcon.colcon_core.package_identification:_identify(arduinobot_controller) by extension 'colcon_meta'
[0.093s] Level 1:colcon.colcon_core.package_identification:_identify(arduinobot_controller) by extensions ['ros']
[0.093s] Level 1:colcon.colcon_core.package_identification:_identify(arduinobot_controller) by extension 'ros'
[0.094s] DEBUG:colcon.colcon_core.package_identification:Package 'arduinobot_controller' with type 'ros.ament_cmake' and name 'arduinobot_controller'
[0.094s] Level 1:colcon.colcon_core.package_identification:_identify(arduinobot_cpp_examples) by extensions ['ignore', 'ignore_ament_install']
[0.094s] Level 1:colcon.colcon_core.package_identification:_identify(arduinobot_cpp_examples) by extension 'ignore'
[0.094s] Level 1:colcon.colcon_core.package_identification:_identify(arduinobot_cpp_examples) by extension 'ignore_ament_install'
[0.094s] Level 1:colcon.colcon_core.package_identification:_identify(arduinobot_cpp_examples) by extensions ['colcon_pkg']
[0.094s] Level 1:colcon.colcon_core.package_identification:_identify(arduinobot_cpp_examples) by extension 'colcon_pkg'
[0.094s] Level 1:colcon.colcon_core.package_identification:_identify(arduinobot_cpp_examples) by extensions ['colcon_meta']
[0.094s] Level 1:colcon.colcon_core.package_identification:_identify(arduinobot_cpp_examples) by extension 'colcon_meta'
[0.094s] Level 1:colcon.colcon_core.package_identification:_identify(arduinobot_cpp_examples) by extensions ['ros']
[0.094s] Level 1:colcon.colcon_core.package_identification:_identify(arduinobot_cpp_examples) by extension 'ros'
[0.095s] DEBUG:colcon.colcon_core.package_identification:Package 'arduinobot_cpp_examples' with type 'ros.ament_cmake' and name 'arduinobot_cpp_examples'
[0.095s] Level 1:colcon.colcon_core.package_identification:_identify(arduinobot_description) by extensions ['ignore', 'ignore_ament_install']
[0.095s] Level 1:colcon.colcon_core.package_identification:_identify(arduinobot_description) by extension 'ignore'
[0.095s] Level 1:colcon.colcon_core.package_identification:_identify(arduinobot_description) by extension 'ignore_ament_install'
[0.095s] Level 1:colcon.colcon_core.package_identification:_identify(arduinobot_description) by extensions ['colcon_pkg']
[0.095s] Level 1:colcon.colcon_core.package_identification:_identify(arduinobot_description) by extension 'colcon_pkg'
[0.095s] Level 1:colcon.colcon_core.package_identification:_identify(arduinobot_description) by extensions ['colcon_meta']
[0.095s] Level 1:colcon.colcon_core.package_identification:_identify(arduinobot_description) by extension 'colcon_meta'
[0.095s] Level 1:colcon.colcon_core.package_identification:_identify(arduinobot_description) by extensions ['ros']
[0.095s] Level 1:colcon.colcon_core.package_identification:_identify(arduinobot_description) by extension 'ros'
[0.096s] DEBUG:colcon.colcon_core.package_identification:Package 'arduinobot_description' with type 'ros.ament_cmake' and name 'arduinobot_description'
[0.097s] Level 1:colcon.colcon_core.package_identification:_identify(arduinobot_py_examples) by extensions ['ignore', 'ignore_ament_install']
[0.097s] Level 1:colcon.colcon_core.package_identification:_identify(arduinobot_py_examples) by extension 'ignore'
[0.097s] Level 1:colcon.colcon_core.package_identification:_identify(arduinobot_py_examples) by extension 'ignore_ament_install'
[0.097s] Level 1:colcon.colcon_core.package_identification:_identify(arduinobot_py_examples) by extensions ['colcon_pkg']
[0.097s] Level 1:colcon.colcon_core.package_identification:_identify(arduinobot_py_examples) by extension 'colcon_pkg'
[0.097s] Level 1:colcon.colcon_core.package_identification:_identify(arduinobot_py_examples) by extensions ['colcon_meta']
[0.097s] Level 1:colcon.colcon_core.package_identification:_identify(arduinobot_py_examples) by extension 'colcon_meta'
[0.097s] Level 1:colcon.colcon_core.package_identification:_identify(arduinobot_py_examples) by extensions ['ros']
[0.097s] Level 1:colcon.colcon_core.package_identification:_identify(arduinobot_py_examples) by extension 'ros'
[0.097s] DEBUG:colcon.colcon_core.package_identification:Package 'arduinobot_py_examples' with type 'ros.ament_python' and name 'arduinobot_py_examples'
[0.097s] Level 1:colcon.colcon_core.package_identification:_identify(build) by extensions ['ignore', 'ignore_ament_install']
[0.097s] Level 1:colcon.colcon_core.package_identification:_identify(build) by extension 'ignore'
[0.097s] Level 1:colcon.colcon_core.package_identification:_identify(build) ignored
[0.097s] Level 1:colcon.colcon_core.package_identification:_identify(install) by extensions ['ignore', 'ignore_ament_install']
[0.097s] Level 1:colcon.colcon_core.package_identification:_identify(install) by extension 'ignore'
[0.097s] Level 1:colcon.colcon_core.package_identification:_identify(install) ignored
[0.097s] Level 1:colcon.colcon_core.package_identification:_identify(log) by extensions ['ignore', 'ignore_ament_install']
[0.097s] Level 1:colcon.colcon_core.package_identification:_identify(log) by extension 'ignore'
[0.097s] Level 1:colcon.colcon_core.package_identification:_identify(log) ignored
[0.097s] Level 1:colcon.colcon_core.package_discovery:discover_packages(recursive) using defaults
[0.097s] Level 1:colcon.colcon_core.package_discovery:discover_packages(ignore) discover
[0.097s] Level 1:colcon.colcon_core.package_discovery:discover_packages(ignore) using defaults
[0.097s] Level 1:colcon.colcon_core.package_discovery:discover_packages(path) discover
[0.097s] Level 1:colcon.colcon_core.package_discovery:discover_packages(path) using defaults
[0.108s] Level 1:colcon.colcon_core.package_discovery:discover_packages(prefix_path) check parameters
[0.108s] Level 1:colcon.colcon_core.package_discovery:discover_packages(prefix_path) discover
[0.110s] DEBUG:colcon.colcon_installed_package_information.package_discovery:Found 448 installed packages in /opt/ros/jazzy
[0.111s] Level 1:colcon.colcon_core.package_discovery:discover_packages(prefix_path) using defaults
[0.137s] Level 5:colcon.colcon_core.verb:set package 'arduinobot_controller' build argument 'cmake_args' from command line to 'None'
[0.137s] Level 5:colcon.colcon_core.verb:set package 'arduinobot_controller' build argument 'cmake_target' from command line to 'None'
[0.137s] Level 5:colcon.colcon_core.verb:set package 'arduinobot_controller' build argument 'cmake_target_skip_unavailable' from command line to 'False'
[0.137s] Level 5:colcon.colcon_core.verb:set package 'arduinobot_controller' build argument 'cmake_clean_cache' from command line to 'False'
[0.137s] Level 5:colcon.colcon_core.verb:set package 'arduinobot_controller' build argument 'cmake_clean_first' from command line to 'False'
[0.137s] Level 5:colcon.colcon_core.verb:set package 'arduinobot_controller' build argument 'cmake_force_configure' from command line to 'False'
[0.137s] Level 5:colcon.colcon_core.verb:set package 'arduinobot_controller' build argument 'ament_cmake_args' from command line to 'None'
[0.137s] Level 5:colcon.colcon_core.verb:set package 'arduinobot_controller' build argument 'catkin_cmake_args' from command line to 'None'
[0.137s] Level 5:colcon.colcon_core.verb:set package 'arduinobot_controller' build argument 'catkin_skip_building_tests' from command line to 'False'
[0.137s] DEBUG:colcon.colcon_core.verb:Building package 'arduinobot_controller' with the following arguments: {'ament_cmake_args': None, 'build_base': '/home/jashwanth/arduinobot_ws/src/build/arduinobot_controller', 'catkin_cmake_args': None, 'catkin_skip_building_tests': False, 'cmake_args': None, 'cmake_clean_cache': False, 'cmake_clean_first': False, 'cmake_force_configure': False, 'cmake_target': None, 'cmake_target_skip_unavailable': False, 'install_base': '/home/jashwanth/arduinobot_ws/src/install/arduinobot_controller', 'merge_install': False, 'path': '/home/jashwanth/arduinobot_ws/src/arduinobot_controller', 'symlink_install': False, 'test_result_base': None}
[0.137s] Level 5:colcon.colcon_core.verb:set package 'arduinobot_cpp_examples' build argument 'cmake_args' from command line to 'None'
[0.137s] Level 5:colcon.colcon_core.verb:set package 'arduinobot_cpp_examples' build argument 'cmake_target' from command line to 'None'
[0.137s] Level 5:colcon.colcon_core.verb:set package 'arduinobot_cpp_examples' build argument 'cmake_target_skip_unavailable' from command line to 'False'
[0.137s] Level 5:colcon.colcon_core.verb:set package 'arduinobot_cpp_examples' build argument 'cmake_clean_cache' from command line to 'False'
[0.137s] Level 5:colcon.colcon_core.verb:set package 'arduinobot_cpp_examples' build argument 'cmake_clean_first' from command line to 'False'
[0.137s] Level 5:colcon.colcon_core.verb:set package 'arduinobot_cpp_examples' build argument 'cmake_force_configure' from command line to 'False'
[0.137s] Level 5:colcon.colcon_core.verb:set package 'arduinobot_cpp_examples' build argument 'ament_cmake_args' from command line to 'None'
[0.137s] Level 5:colcon.colcon_core.verb:set package 'arduinobot_cpp_examples' build argument 'catkin_cmake_args' from command line to 'None'
[0.137s] Level 5:colcon.colcon_core.verb:set package 'arduinobot_cpp_examples' build argument 'catkin_skip_building_tests' from command line to 'False'
[0.137s] DEBUG:colcon.colcon_core.verb:Building package 'arduinobot_cpp_examples' with the following arguments: {'ament_cmake_args': None, 'build_base': '/home/jashwanth/arduinobot_ws/src/build/arduinobot_cpp_examples', 'catkin_cmake_args': None, 'catkin_skip_building_tests': False, 'cmake_args': None, 'cmake_clean_cache': False, 'cmake_clean_first': False, 'cmake_force_configure': False, 'cmake_target': None, 'cmake_target_skip_unavailable': False, 'install_base': '/home/jashwanth/arduinobot_ws/src/install/arduinobot_cpp_examples', 'merge_install': False, 'path': '/home/jashwanth/arduinobot_ws/src/arduinobot_cpp_examples', 'symlink_install': False, 'test_result_base': None}
[0.137s] Level 5:colcon.colcon_core.verb:set package 'arduinobot_description' build argument 'cmake_args' from command line to 'None'
[0.137s] Level 5:colcon.colcon_core.verb:set package 'arduinobot_description' build argument 'cmake_target' from command line to 'None'
[0.137s] Level 5:colcon.colcon_core.verb:set package 'arduinobot_description' build argument 'cmake_target_skip_unavailable' from command line to 'False'
[0.137s] Level 5:colcon.colcon_core.verb:set package 'arduinobot_description' build argument 'cmake_clean_cache' from command line to 'False'
[0.137s] Level 5:colcon.colcon_core.verb:set package 'arduinobot_description' build argument 'cmake_clean_first' from command line to 'False'
[0.137s] Level 5:colcon.colcon_core.verb:set package 'arduinobot_description' build argument 'cmake_force_configure' from command line to 'False'
[0.137s] Level 5:colcon.colcon_core.verb:set package 'arduinobot_description' build argument 'ament_cmake_args' from command line to 'None'
[0.137s] Level 5:colcon.colcon_core.verb:set package 'arduinobot_description' build argument 'catkin_cmake_args' from command line to 'None'
[0.137s] Level 5:colcon.colcon_core.verb:set package 'arduinobot_description' build argument 'catkin_skip_building_tests' from command line to 'False'
[0.137s] DEBUG:colcon.colcon_core.verb:Building package 'arduinobot_description' with the following arguments: {'ament_cmake_args': None, 'build_base': '/home/jashwanth/arduinobot_ws/src/build/arduinobot_description', 'catkin_cmake_args': None, 'catkin_skip_building_tests': False, 'cmake_args': None, 'cmake_clean_cache': False, 'cmake_clean_first': False, 'cmake_force_configure': False, 'cmake_target': None, 'cmake_target_skip_unavailable': False, 'install_base': '/home/jashwanth/arduinobot_ws/src/install/arduinobot_description', 'merge_install': False, 'path': '/home/jashwanth/arduinobot_ws/src/arduinobot_description', 'symlink_install': False, 'test_result_base': None}
[0.137s] Level 5:colcon.colcon_core.verb:set package 'arduinobot_py_examples' build argument 'cmake_args' from command line to 'None'
[0.137s] Level 5:colcon.colcon_core.verb:set package 'arduinobot_py_examples' build argument 'cmake_target' from command line to 'None'
[0.137s] Level 5:colcon.colcon_core.verb:set package 'arduinobot_py_examples' build argument 'cmake_target_skip_unavailable' from command line to 'False'
[0.137s] Level 5:colcon.colcon_core.verb:set package 'arduinobot_py_examples' build argument 'cmake_clean_cache' from command line to 'False'
[0.137s] Level 5:colcon.colcon_core.verb:set package 'arduinobot_py_examples' build argument 'cmake_clean_first' from command line to 'False'
[0.137s] Level 5:colcon.colcon_core.verb:set package 'arduinobot_py_examples' build argument 'cmake_force_configure' from command line to 'False'
[0.137s] Level 5:colcon.colcon_core.verb:set package 'arduinobot_py_examples' build argument 'ament_cmake_args' from command line to 'None'
[0.137s] Level 5:colcon.colcon_core.verb:set package 'arduinobot_py_examples' build argument 'catkin_cmake_args' from command line to 'None'
[0.137s] Level 5:colcon.colcon_core.verb:set package 'arduinobot_py_examples' build argument 'catkin_skip_building_tests' from command line to 'False'
[0.137s] DEBUG:colcon.colcon_core.verb:Building package 'arduinobot_py_examples' with the following arguments: {'ament_cmake_args': None, 'build_base': '/home/jashwanth/arduinobot_ws/src/build/arduinobot_py_examples', 'catkin_cmake_args': None, 'catkin_skip_building_tests': False, 'cmake_args': None, 'cmake_clean_cache': False, 'cmake_clean_first': False, 'cmake_force_configure': False, 'cmake_target': None, 'cmake_target_skip_unavailable': False, 'install_base': '/home/jashwanth/arduinobot_ws/src/install/arduinobot_py_examples', 'merge_install': False, 'path': '/home/jashwanth/arduinobot_ws/src/arduinobot_py_examples', 'symlink_install': False, 'test_result_base': None}
[0.137s] INFO:colcon.colcon_core.executor:Executing jobs using 'parallel' executor
[0.138s] DEBUG:colcon.colcon_parallel_executor.executor.parallel:run_until_complete
[0.138s] INFO:colcon.colcon_ros.task.ament_cmake.build:Building ROS package in '/home/jashwanth/arduinobot_ws/src/arduinobot_controller' with build type 'ament_cmake'
[0.138s] INFO:colcon.colcon_cmake.task.cmake.build:Building CMake package in '/home/jashwanth/arduinobot_ws/src/arduinobot_controller'
[0.139s] INFO:colcon.colcon_core.plugin_system:Skipping extension 'colcon_core.shell.bat': Not used on non-Windows systems
[0.140s] INFO:colcon.colcon_core.shell:Skip shell extension 'powershell' for command environment: Not usable outside of PowerShell
[0.140s] DEBUG:colcon.colcon_core.shell:Skip shell extension 'dsv' for command environment
[0.142s] INFO:colcon.colcon_ros.task.ament_cmake.build:Building ROS package in '/home/jashwanth/arduinobot_ws/src/arduinobot_cpp_examples' with build type 'ament_cmake'
[0.142s] INFO:colcon.colcon_cmake.task.cmake.build:Building CMake package in '/home/jashwanth/arduinobot_ws/src/arduinobot_cpp_examples'
[0.142s] INFO:colcon.colcon_core.shell:Skip shell extension 'powershell' for command environment: Not usable outside of PowerShell
[0.142s] DEBUG:colcon.colcon_core.shell:Skip shell extension 'dsv' for command environment
[0.143s] INFO:colcon.colcon_ros.task.ament_cmake.build:Building ROS package in '/home/jashwanth/arduinobot_ws/src/arduinobot_description' with build type 'ament_cmake'
[0.143s] INFO:colcon.colcon_cmake.task.cmake.build:Building CMake package in '/home/jashwanth/arduinobot_ws/src/arduinobot_description'
[0.144s] INFO:colcon.colcon_core.shell:Skip shell extension 'powershell' for command environment: Not usable outside of PowerShell
[0.144s] DEBUG:colcon.colcon_core.shell:Skip shell extension 'dsv' for command environment
[0.145s] INFO:colcon.colcon_ros.task.ament_python.build:Building ROS package in '/home/jashwanth/arduinobot_ws/src/arduinobot_py_examples' with build type 'ament_python'
[0.145s] Level 1:colcon.colcon_core.shell:create_environment_hook('arduinobot_py_examples', 'ament_prefix_path')
[0.145s] INFO:colcon.colcon_core.shell:Creating environment hook '/home/jashwanth/arduinobot_ws/src/install/arduinobot_py_examples/share/arduinobot_py_examples/hook/ament_prefix_path.ps1'
[0.146s] INFO:colcon.colcon_core.shell:Creating environment descriptor '/home/jashwanth/arduinobot_ws/src/install/arduinobot_py_examples/share/arduinobot_py_examples/hook/ament_prefix_path.dsv'
[0.146s] INFO:colcon.colcon_core.shell:Creating environment hook '/home/jashwanth/arduinobot_ws/src/install/arduinobot_py_examples/share/arduinobot_py_examples/hook/ament_prefix_path.sh'
[0.146s] INFO:colcon.colcon_core.shell:Skip shell extension 'powershell' for command environment: Not usable outside of PowerShell
[0.146s] DEBUG:colcon.colcon_core.shell:Skip shell extension 'dsv' for command environment
[0.150s] DEBUG:colcon.colcon_core.event_handler.log_command:Invoking command in '/home/jashwanth/arduinobot_ws/src/build/arduinobot_controller': CMAKE_PREFIX_PATH=${CMAKE_PREFIX_PATH}:/opt/ros/jazzy DEBUGINFOD_URLS=https://debuginfod.ubuntu.com /usr/bin/cmake /home/jashwanth/arduinobot_ws/src/arduinobot_controller -DCMAKE_INSTALL_PREFIX=/home/jashwanth/arduinobot_ws/src/install/arduinobot_controller
[0.150s] DEBUG:colcon.colcon_core.event_handler.log_command:Invoking command in '/home/jashwanth/arduinobot_ws/src/build/arduinobot_cpp_examples': CMAKE_PREFIX_PATH=${CMAKE_PREFIX_PATH}:/opt/ros/jazzy DEBUGINFOD_URLS=https://debuginfod.ubuntu.com /usr/bin/cmake /home/jashwanth/arduinobot_ws/src/arduinobot_cpp_examples -DCMAKE_INSTALL_PREFIX=/home/jashwanth/arduinobot_ws/src/install/arduinobot_cpp_examples
[0.151s] DEBUG:colcon.colcon_core.event_handler.log_command:Invoking command in '/home/jashwanth/arduinobot_ws/src/build/arduinobot_description': CMAKE_PREFIX_PATH=${CMAKE_PREFIX_PATH}:/opt/ros/jazzy DEBUGINFOD_URLS=https://debuginfod.ubuntu.com /usr/bin/cmake /home/jashwanth/arduinobot_ws/src/arduinobot_description -DCMAKE_INSTALL_PREFIX=/home/jashwanth/arduinobot_ws/src/install/arduinobot_description
[0.279s] INFO:colcon.colcon_core.task.python.build:Building Python package in '/home/jashwanth/arduinobot_ws/src/arduinobot_py_examples'
[0.279s] INFO:colcon.colcon_core.shell:Skip shell extension 'powershell' for command environment: Not usable outside of PowerShell
[0.279s] DEBUG:colcon.colcon_core.shell:Skip shell extension 'dsv' for command environment
[0.625s] DEBUG:colcon.colcon_core.event_handler.log_command:Invoking command in '/home/jashwanth/arduinobot_ws/src/arduinobot_py_examples': DEBUGINFOD_URLS=https://debuginfod.ubuntu.com PYTHONPATH=/home/jashwanth/arduinobot_ws/src/build/arduinobot_py_examples/prefix_override:/usr/lib/python3/dist-packages/colcon_core/task/python/colcon_distutils_commands:/home/jashwanth/arduinobot_ws/src/install/arduinobot_py_examples/lib/python3.12/site-packages:${PYTHONPATH} /usr/bin/python3 -W ignore:setup.py install is deprecated -W ignore:easy_install command is deprecated setup.py egg_info --egg-base ../build/arduinobot_py_examples build --build-base /home/jashwanth/arduinobot_ws/src/build/arduinobot_py_examples/build install --record /home/jashwanth/arduinobot_ws/src/build/arduinobot_py_examples/install.log --single-version-externally-managed install_data
[0.656s] DEBUG:colcon.colcon_core.event_handler.log_command:Invoked command in '/home/jashwanth/arduinobot_ws/src/build/arduinobot_controller' returned '0': CMAKE_PREFIX_PATH=${CMAKE_PREFIX_PATH}:/opt/ros/jazzy DEBUGINFOD_URLS=https://debuginfod.ubuntu.com /usr/bin/cmake /home/jashwanth/arduinobot_ws/src/arduinobot_controller -DCMAKE_INSTALL_PREFIX=/home/jashwanth/arduinobot_ws/src/install/arduinobot_controller
[0.657s] DEBUG:colcon.colcon_core.event_handler.log_command:Invoking command in '/home/jashwanth/arduinobot_ws/src/build/arduinobot_controller': CMAKE_PREFIX_PATH=${CMAKE_PREFIX_PATH}:/opt/ros/jazzy DEBUGINFOD_URLS=https://debuginfod.ubuntu.com /usr/bin/cmake --build /home/jashwanth/arduinobot_ws/src/build/arduinobot_controller -- -j20 -l20
[0.659s] DEBUG:colcon.colcon_core.event_handler.log_command:Invoked command in '/home/jashwanth/arduinobot_ws/src/build/arduinobot_description' returned '0': CMAKE_PREFIX_PATH=${CMAKE_PREFIX_PATH}:/opt/ros/jazzy DEBUGINFOD_URLS=https://debuginfod.ubuntu.com /usr/bin/cmake /home/jashwanth/arduinobot_ws/src/arduinobot_description -DCMAKE_INSTALL_PREFIX=/home/jashwanth/arduinobot_ws/src/install/arduinobot_description
[0.660s] DEBUG:colcon.colcon_core.event_handler.log_command:Invoking command in '/home/jashwanth/arduinobot_ws/src/build/arduinobot_description': CMAKE_PREFIX_PATH=${CMAKE_PREFIX_PATH}:/opt/ros/jazzy DEBUGINFOD_URLS=https://debuginfod.ubuntu.com /usr/bin/cmake --build /home/jashwanth/arduinobot_ws/src/build/arduinobot_description -- -j20 -l20
[0.683s] DEBUG:colcon.colcon_core.event_handler.log_command:Invoked command in '/home/jashwanth/arduinobot_ws/src/build/arduinobot_controller' returned '0': CMAKE_PREFIX_PATH=${CMAKE_PREFIX_PATH}:/opt/ros/jazzy DEBUGINFOD_URLS=https://debuginfod.ubuntu.com /usr/bin/cmake --build /home/jashwanth/arduinobot_ws/src/build/arduinobot_controller -- -j20 -l20
[0.691s] DEBUG:colcon.colcon_core.event_handler.log_command:Invoking command in '/home/jashwanth/arduinobot_ws/src/build/arduinobot_controller': CMAKE_PREFIX_PATH=${CMAKE_PREFIX_PATH}:/opt/ros/jazzy DEBUGINFOD_URLS=https://debuginfod.ubuntu.com /usr/bin/cmake --install /home/jashwanth/arduinobot_ws/src/build/arduinobot_controller
[0.692s] DEBUG:colcon.colcon_core.event_handler.log_command:Invoked command in '/home/jashwanth/arduinobot_ws/src/build/arduinobot_description' returned '0': CMAKE_PREFIX_PATH=${CMAKE_PREFIX_PATH}:/opt/ros/jazzy DEBUGINFOD_URLS=https://debuginfod.ubuntu.com /usr/bin/cmake --build /home/jashwanth/arduinobot_ws/src/build/arduinobot_description -- -j20 -l20
[0.693s] DEBUG:colcon.colcon_core.event_handler.log_command:Invoking command in '/home/jashwanth/arduinobot_ws/src/build/arduinobot_description': CMAKE_PREFIX_PATH=${CMAKE_PREFIX_PATH}:/opt/ros/jazzy DEBUGINFOD_URLS=https://debuginfod.ubuntu.com /usr/bin/cmake --install /home/jashwanth/arduinobot_ws/src/build/arduinobot_description
[0.699s] Level 1:colcon.colcon_core.environment:create_environment_scripts_only(arduinobot_controller)
[0.699s] DEBUG:colcon.colcon_core.event_handler.log_command:Invoked command in '/home/jashwanth/arduinobot_ws/src/build/arduinobot_controller' returned '0': CMAKE_PREFIX_PATH=${CMAKE_PREFIX_PATH}:/opt/ros/jazzy DEBUGINFOD_URLS=https://debuginfod.ubuntu.com /usr/bin/cmake --install /home/jashwanth/arduinobot_ws/src/build/arduinobot_controller
[0.701s] Level 1:colcon.colcon_core.environment:checking '/home/jashwanth/arduinobot_ws/src/install/arduinobot_controller' for CMake module files
[0.701s] Level 1:colcon.colcon_core.environment:checking '/home/jashwanth/arduinobot_ws/src/install/arduinobot_controller' for CMake config files
[0.701s] Level 1:colcon.colcon_core.shell:create_environment_hook('arduinobot_controller', 'cmake_prefix_path')
[0.701s] INFO:colcon.colcon_core.shell:Creating environment hook '/home/jashwanth/arduinobot_ws/src/install/arduinobot_controller/share/arduinobot_controller/hook/cmake_prefix_path.ps1'
[0.702s] INFO:colcon.colcon_core.shell:Creating environment descriptor '/home/jashwanth/arduinobot_ws/src/install/arduinobot_controller/share/arduinobot_controller/hook/cmake_prefix_path.dsv'
[0.702s] INFO:colcon.colcon_core.shell:Creating environment hook '/home/jashwanth/arduinobot_ws/src/install/arduinobot_controller/share/arduinobot_controller/hook/cmake_prefix_path.sh'
[0.703s] Level 1:colcon.colcon_core.environment:checking '/home/jashwanth/arduinobot_ws/src/install/arduinobot_controller/bin'
[0.703s] Level 1:colcon.colcon_core.environment:checking '/home/jashwanth/arduinobot_ws/src/install/arduinobot_controller/lib/pkgconfig/arduinobot_controller.pc'
[0.703s] Level 1:colcon.colcon_core.environment:checking '/home/jashwanth/arduinobot_ws/src/install/arduinobot_controller/lib/python3.12/site-packages'
[0.703s] Level 1:colcon.colcon_core.environment:checking '/home/jashwanth/arduinobot_ws/src/install/arduinobot_controller/bin'
[0.703s] INFO:colcon.colcon_core.shell:Creating package script '/home/jashwanth/arduinobot_ws/src/install/arduinobot_controller/share/arduinobot_controller/package.ps1'
[0.712s] INFO:colcon.colcon_core.shell:Creating package descriptor '/home/jashwanth/arduinobot_ws/src/install/arduinobot_controller/share/arduinobot_controller/package.dsv'
[0.712s] INFO:colcon.colcon_core.shell:Creating package script '/home/jashwanth/arduinobot_ws/src/install/arduinobot_controller/share/arduinobot_controller/package.sh'
[0.714s] INFO:colcon.colcon_core.shell:Creating package script '/home/jashwanth/arduinobot_ws/src/install/arduinobot_controller/share/arduinobot_controller/package.bash'
[0.714s] INFO:colcon.colcon_core.shell:Creating package script '/home/jashwanth/arduinobot_ws/src/install/arduinobot_controller/share/arduinobot_controller/package.zsh'
[0.714s] Level 1:colcon.colcon_core.environment:create_file_with_runtime_dependencies(/home/jashwanth/arduinobot_ws/src/install/arduinobot_controller/share/colcon-core/packages/arduinobot_controller)
[0.715s] Level 1:colcon.colcon_core.environment:create_environment_scripts_only(arduinobot_controller)
[0.715s] Level 1:colcon.colcon_core.environment:checking '/home/jashwanth/arduinobot_ws/src/install/arduinobot_controller' for CMake module files
[0.715s] Level 1:colcon.colcon_core.environment:checking '/home/jashwanth/arduinobot_ws/src/install/arduinobot_controller' for CMake config files
[0.715s] Level 1:colcon.colcon_core.shell:create_environment_hook('arduinobot_controller', 'cmake_prefix_path')
[0.715s] INFO:colcon.colcon_core.shell:Creating environment hook '/home/jashwanth/arduinobot_ws/src/install/arduinobot_controller/share/arduinobot_controller/hook/cmake_prefix_path.ps1'
[0.715s] INFO:colcon.colcon_core.shell:Creating environment descriptor '/home/jashwanth/arduinobot_ws/src/install/arduinobot_controller/share/arduinobot_controller/hook/cmake_prefix_path.dsv'
[0.715s] INFO:colcon.colcon_core.shell:Creating environment hook '/home/jashwanth/arduinobot_ws/src/install/arduinobot_controller/share/arduinobot_controller/hook/cmake_prefix_path.sh'
[0.716s] Level 1:colcon.colcon_core.environment:checking '/home/jashwanth/arduinobot_ws/src/install/arduinobot_controller/bin'
[0.716s] Level 1:colcon.colcon_core.environment:checking '/home/jashwanth/arduinobot_ws/src/install/arduinobot_controller/lib/pkgconfig/arduinobot_controller.pc'
[0.716s] Level 1:colcon.colcon_core.environment:checking '/home/jashwanth/arduinobot_ws/src/install/arduinobot_controller/lib/python3.12/site-packages'
[0.716s] Level 1:colcon.colcon_core.environment:checking '/home/jashwanth/arduinobot_ws/src/install/arduinobot_controller/bin'
[0.716s] INFO:colcon.colcon_core.shell:Creating package script '/home/jashwanth/arduinobot_ws/src/install/arduinobot_controller/share/arduinobot_controller/package.ps1'
[0.716s] INFO:colcon.colcon_core.shell:Creating package descriptor '/home/jashwanth/arduinobot_ws/src/install/arduinobot_controller/share/arduinobot_controller/package.dsv'
[0.716s] INFO:colcon.colcon_core.shell:Creating package script '/home/jashwanth/arduinobot_ws/src/install/arduinobot_controller/share/arduinobot_controller/package.sh'
[0.717s] INFO:colcon.colcon_core.shell:Creating package script '/home/jashwanth/arduinobot_ws/src/install/arduinobot_controller/share/arduinobot_controller/package.bash'
[0.717s] INFO:colcon.colcon_core.shell:Creating package script '/home/jashwanth/arduinobot_ws/src/install/arduinobot_controller/share/arduinobot_controller/package.zsh'
[0.717s] Level 1:colcon.colcon_core.environment:create_file_with_runtime_dependencies(/home/jashwanth/arduinobot_ws/src/install/arduinobot_controller/share/colcon-core/packages/arduinobot_controller)
[0.718s] Level 1:colcon.colcon_core.environment:create_environment_scripts_only(arduinobot_description)
[0.718s] Level 1:colcon.colcon_core.environment:checking '/home/jashwanth/arduinobot_ws/src/install/arduinobot_description' for CMake module files
[0.718s] DEBUG:colcon.colcon_core.event_handler.log_command:Invoked command in '/home/jashwanth/arduinobot_ws/src/build/arduinobot_description' returned '0': CMAKE_PREFIX_PATH=${CMAKE_PREFIX_PATH}:/opt/ros/jazzy DEBUGINFOD_URLS=https://debuginfod.ubuntu.com /usr/bin/cmake --install /home/jashwanth/arduinobot_ws/src/build/arduinobot_description
[0.719s] Level 1:colcon.colcon_core.environment:checking '/home/jashwanth/arduinobot_ws/src/install/arduinobot_description' for CMake config files
[0.719s] Level 1:colcon.colcon_core.shell:create_environment_hook('arduinobot_description', 'cmake_prefix_path')
[0.719s] INFO:colcon.colcon_core.shell:Creating environment hook '/home/jashwanth/arduinobot_ws/src/install/arduinobot_description/share/arduinobot_description/hook/cmake_prefix_path.ps1'
[0.719s] INFO:colcon.colcon_core.shell:Creating environment descriptor '/home/jashwanth/arduinobot_ws/src/install/arduinobot_description/share/arduinobot_description/hook/cmake_prefix_path.dsv'
[0.720s] INFO:colcon.colcon_core.shell:Creating environment hook '/home/jashwanth/arduinobot_ws/src/install/arduinobot_description/share/arduinobot_description/hook/cmake_prefix_path.sh'
[0.720s] Level 1:colcon.colcon_core.environment:checking '/home/jashwanth/arduinobot_ws/src/install/arduinobot_description/bin'
[0.720s] Level 1:colcon.colcon_core.environment:checking '/home/jashwanth/arduinobot_ws/src/install/arduinobot_description/lib/pkgconfig/arduinobot_description.pc'
[0.721s] Level 1:colcon.colcon_core.environment:checking '/home/jashwanth/arduinobot_ws/src/install/arduinobot_description/lib/python3.12/site-packages'
[0.721s] Level 1:colcon.colcon_core.environment:checking '/home/jashwanth/arduinobot_ws/src/install/arduinobot_description/bin'
[0.721s] INFO:colcon.colcon_core.shell:Creating package script '/home/jashwanth/arduinobot_ws/src/install/arduinobot_description/share/arduinobot_description/package.ps1'
[0.721s] INFO:colcon.colcon_core.shell:Creating package descriptor '/home/jashwanth/arduinobot_ws/src/install/arduinobot_description/share/arduinobot_description/package.dsv'
[0.721s] INFO:colcon.colcon_core.shell:Creating package script '/home/jashwanth/arduinobot_ws/src/install/arduinobot_description/share/arduinobot_description/package.sh'
[0.722s] INFO:colcon.colcon_core.shell:Creating package script '/home/jashwanth/arduinobot_ws/src/install/arduinobot_description/share/arduinobot_description/package.bash'
[0.722s] INFO:colcon.colcon_core.shell:Creating package script '/home/jashwanth/arduinobot_ws/src/install/arduinobot_description/share/arduinobot_description/package.zsh'
[0.722s] Level 1:colcon.colcon_core.environment:create_file_with_runtime_dependencies(/home/jashwanth/arduinobot_ws/src/install/arduinobot_description/share/colcon-core/packages/arduinobot_description)
[0.722s] Level 1:colcon.colcon_core.environment:create_environment_scripts_only(arduinobot_description)
[0.722s] Level 1:colcon.colcon_core.environment:checking '/home/jashwanth/arduinobot_ws/src/install/arduinobot_description' for CMake module files
[0.722s] Level 1:colcon.colcon_core.environment:checking '/home/jashwanth/arduinobot_ws/src/install/arduinobot_description' for CMake config files
[0.722s] Level 1:colcon.colcon_core.shell:create_environment_hook('arduinobot_description', 'cmake_prefix_path')
[0.723s] INFO:colcon.colcon_core.shell:Creating environment hook '/home/jashwanth/arduinobot_ws/src/install/arduinobot_description/share/arduinobot_description/hook/cmake_prefix_path.ps1'
[0.723s] INFO:colcon.colcon_core.shell:Creating environment descriptor '/home/jashwanth/arduinobot_ws/src/install/arduinobot_description/share/arduinobot_description/hook/cmake_prefix_path.dsv'
[0.723s] INFO:colcon.colcon_core.shell:Creating environment hook '/home/jashwanth/arduinobot_ws/src/install/arduinobot_description/share/arduinobot_description/hook/cmake_prefix_path.sh'
[0.723s] Level 1:colcon.colcon_core.environment:checking '/home/jashwanth/arduinobot_ws/src/install/arduinobot_description/bin'
[0.723s] Level 1:colcon.colcon_core.environment:checking '/home/jashwanth/arduinobot_ws/src/install/arduinobot_description/lib/pkgconfig/arduinobot_description.pc'
[0.723s] Level 1:colcon.colcon_core.environment:checking '/home/jashwanth/arduinobot_ws/src/install/arduinobot_description/lib/python3.12/site-packages'
[0.723s] Level 1:colcon.colcon_core.environment:checking '/home/jashwanth/arduinobot_ws/src/install/arduinobot_description/bin'
[0.724s] INFO:colcon.colcon_core.shell:Creating package script '/home/jashwanth/arduinobot_ws/src/install/arduinobot_description/share/arduinobot_description/package.ps1'
[0.724s] INFO:colcon.colcon_core.shell:Creating package descriptor '/home/jashwanth/arduinobot_ws/src/install/arduinobot_description/share/arduinobot_description/package.dsv'
[0.724s] INFO:colcon.colcon_core.shell:Creating package script '/home/jashwanth/arduinobot_ws/src/install/arduinobot_description/share/arduinobot_description/package.sh'
[0.724s] INFO:colcon.colcon_core.shell:Creating package script '/home/jashwanth/arduinobot_ws/src/install/arduinobot_description/share/arduinobot_description/package.bash'
[0.724s] INFO:colcon.colcon_core.shell:Creating package script '/home/jashwanth/arduinobot_ws/src/install/arduinobot_description/share/arduinobot_description/package.zsh'
[0.724s] Level 1:colcon.colcon_core.environment:create_file_with_runtime_dependencies(/home/jashwanth/arduinobot_ws/src/install/arduinobot_description/share/colcon-core/packages/arduinobot_description)
[0.931s] Level 1:colcon.colcon_core.environment:checking '/home/jashwanth/arduinobot_ws/src/install/arduinobot_py_examples' for CMake module files
[0.931s] DEBUG:colcon.colcon_core.event_handler.log_command:Invoked command in '/home/jashwanth/arduinobot_ws/src/arduinobot_py_examples' returned '0': DEBUGINFOD_URLS=https://debuginfod.ubuntu.com PYTHONPATH=/home/jashwanth/arduinobot_ws/src/build/arduinobot_py_examples/prefix_override:/usr/lib/python3/dist-packages/colcon_core/task/python/colcon_distutils_commands:/home/jashwanth/arduinobot_ws/src/install/arduinobot_py_examples/lib/python3.12/site-packages:${PYTHONPATH} /usr/bin/python3 -W ignore:setup.py install is deprecated -W ignore:easy_install command is deprecated setup.py egg_info --egg-base ../build/arduinobot_py_examples build --build-base /home/jashwanth/arduinobot_ws/src/build/arduinobot_py_examples/build install --record /home/jashwanth/arduinobot_ws/src/build/arduinobot_py_examples/install.log --single-version-externally-managed install_data
[0.931s] Level 1:colcon.colcon_core.environment:checking '/home/jashwanth/arduinobot_ws/src/install/arduinobot_py_examples' for CMake config files
[0.932s] Level 1:colcon.colcon_core.environment:checking '/home/jashwanth/arduinobot_ws/src/install/arduinobot_py_examples/lib'
[0.932s] Level 1:colcon.colcon_core.environment:checking '/home/jashwanth/arduinobot_ws/src/install/arduinobot_py_examples/bin'
[0.932s] Level 1:colcon.colcon_core.environment:checking '/home/jashwanth/arduinobot_ws/src/install/arduinobot_py_examples/lib/pkgconfig/arduinobot_py_examples.pc'
[0.932s] Level 1:colcon.colcon_core.environment:checking '/home/jashwanth/arduinobot_ws/src/install/arduinobot_py_examples/lib/python3.12/site-packages'
[0.932s] Level 1:colcon.colcon_core.shell:create_environment_hook('arduinobot_py_examples', 'pythonpath')
[0.932s] INFO:colcon.colcon_core.shell:Creating environment hook '/home/jashwanth/arduinobot_ws/src/install/arduinobot_py_examples/share/arduinobot_py_examples/hook/pythonpath.ps1'
[0.932s] INFO:colcon.colcon_core.shell:Creating environment descriptor '/home/jashwanth/arduinobot_ws/src/install/arduinobot_py_examples/share/arduinobot_py_examples/hook/pythonpath.dsv'
[0.933s] INFO:colcon.colcon_core.shell:Creating environment hook '/home/jashwanth/arduinobot_ws/src/install/arduinobot_py_examples/share/arduinobot_py_examples/hook/pythonpath.sh'
[0.933s] Level 1:colcon.colcon_core.environment:checking '/home/jashwanth/arduinobot_ws/src/install/arduinobot_py_examples/bin'
[0.933s] Level 1:colcon.colcon_core.environment:create_environment_scripts_only(arduinobot_py_examples)
[0.933s] INFO:colcon.colcon_core.shell:Creating package script '/home/jashwanth/arduinobot_ws/src/install/arduinobot_py_examples/share/arduinobot_py_examples/package.ps1'
[0.933s] INFO:colcon.colcon_core.shell:Creating package descriptor '/home/jashwanth/arduinobot_ws/src/install/arduinobot_py_examples/share/arduinobot_py_examples/package.dsv'
[0.933s] INFO:colcon.colcon_core.shell:Creating package script '/home/jashwanth/arduinobot_ws/src/install/arduinobot_py_examples/share/arduinobot_py_examples/package.sh'
[0.934s] INFO:colcon.colcon_core.shell:Creating package script '/home/jashwanth/arduinobot_ws/src/install/arduinobot_py_examples/share/arduinobot_py_examples/package.bash'
[0.934s] INFO:colcon.colcon_core.shell:Creating package script '/home/jashwanth/arduinobot_ws/src/install/arduinobot_py_examples/share/arduinobot_py_examples/package.zsh'
[0.934s] Level 1:colcon.colcon_core.environment:create_file_with_runtime_dependencies(/home/jashwanth/arduinobot_ws/src/install/arduinobot_py_examples/share/colcon-core/packages/arduinobot_py_examples)
[0.951s] DEBUG:colcon.colcon_core.event_handler.log_command:Invoked command in '/home/jashwanth/arduinobot_ws/src/build/arduinobot_cpp_examples' returned '0': CMAKE_PREFIX_PATH=${CMAKE_PREFIX_PATH}:/opt/ros/jazzy DEBUGINFOD_URLS=https://debuginfod.ubuntu.com /usr/bin/cmake /home/jashwanth/arduinobot_ws/src/arduinobot_cpp_examples -DCMAKE_INSTALL_PREFIX=/home/jashwanth/arduinobot_ws/src/install/arduinobot_cpp_examples
[0.951s] DEBUG:colcon.colcon_core.event_handler.log_command:Invoking command in '/home/jashwanth/arduinobot_ws/src/build/arduinobot_cpp_examples': CMAKE_PREFIX_PATH=${CMAKE_PREFIX_PATH}:/opt/ros/jazzy DEBUGINFOD_URLS=https://debuginfod.ubuntu.com /usr/bin/cmake --build /home/jashwanth/arduinobot_ws/src/build/arduinobot_cpp_examples -- -j20 -l20
[5.142s] DEBUG:colcon.colcon_core.event_handler.log_command:Invoked command in '/home/jashwanth/arduinobot_ws/src/build/arduinobot_cpp_examples' returned '0': CMAKE_PREFIX_PATH=${CMAKE_PREFIX_PATH}:/opt/ros/jazzy DEBUGINFOD_URLS=https://debuginfod.ubuntu.com /usr/bin/cmake --build /home/jashwanth/arduinobot_ws/src/build/arduinobot_cpp_examples -- -j20 -l20
[5.143s] DEBUG:colcon.colcon_core.event_handler.log_command:Invoking command in '/home/jashwanth/arduinobot_ws/src/build/arduinobot_cpp_examples': CMAKE_PREFIX_PATH=${CMAKE_PREFIX_PATH}:/opt/ros/jazzy DEBUGINFOD_URLS=https://debuginfod.ubuntu.com /usr/bin/cmake --install /home/jashwanth/arduinobot_ws/src/build/arduinobot_cpp_examples
[5.153s] Level 1:colcon.colcon_core.environment:create_environment_scripts_only(arduinobot_cpp_examples)
[5.153s] Level 1:colcon.colcon_core.environment:checking '/home/jashwanth/arduinobot_ws/src/install/arduinobot_cpp_examples' for CMake module files
[5.154s] DEBUG:colcon.colcon_core.event_handler.log_command:Invoked command in '/home/jashwanth/arduinobot_ws/src/build/arduinobot_cpp_examples' returned '0': CMAKE_PREFIX_PATH=${CMAKE_PREFIX_PATH}:/opt/ros/jazzy DEBUGINFOD_URLS=https://debuginfod.ubuntu.com /usr/bin/cmake --install /home/jashwanth/arduinobot_ws/src/build/arduinobot_cpp_examples
[5.154s] Level 1:colcon.colcon_core.environment:checking '/home/jashwanth/arduinobot_ws/src/install/arduinobot_cpp_examples' for CMake config files
[5.154s] Level 1:colcon.colcon_core.shell:create_environment_hook('arduinobot_cpp_examples', 'cmake_prefix_path')
[5.155s] INFO:colcon.colcon_core.shell:Creating environment hook '/home/jashwanth/arduinobot_ws/src/install/arduinobot_cpp_examples/share/arduinobot_cpp_examples/hook/cmake_prefix_path.ps1'
[5.155s] INFO:colcon.colcon_core.shell:Creating environment descriptor '/home/jashwanth/arduinobot_ws/src/install/arduinobot_cpp_examples/share/arduinobot_cpp_examples/hook/cmake_prefix_path.dsv'
[5.155s] INFO:colcon.colcon_core.shell:Creating environment hook '/home/jashwanth/arduinobot_ws/src/install/arduinobot_cpp_examples/share/arduinobot_cpp_examples/hook/cmake_prefix_path.sh'
[5.156s] Level 1:colcon.colcon_core.environment:checking '/home/jashwanth/arduinobot_ws/src/install/arduinobot_cpp_examples/lib'
[5.156s] Level 1:colcon.colcon_core.environment:checking '/home/jashwanth/arduinobot_ws/src/install/arduinobot_cpp_examples/bin'
[5.156s] Level 1:colcon.colcon_core.environment:checking '/home/jashwanth/arduinobot_ws/src/install/arduinobot_cpp_examples/lib/pkgconfig/arduinobot_cpp_examples.pc'
[5.156s] Level 1:colcon.colcon_core.environment:checking '/home/jashwanth/arduinobot_ws/src/install/arduinobot_cpp_examples/lib/python3.12/site-packages'
[5.156s] Level 1:colcon.colcon_core.environment:checking '/home/jashwanth/arduinobot_ws/src/install/arduinobot_cpp_examples/bin'
[5.156s] INFO:colcon.colcon_core.shell:Creating package script '/home/jashwanth/arduinobot_ws/src/install/arduinobot_cpp_examples/share/arduinobot_cpp_examples/package.ps1'
[5.157s] INFO:colcon.colcon_core.shell:Creating package descriptor '/home/jashwanth/arduinobot_ws/src/install/arduinobot_cpp_examples/share/arduinobot_cpp_examples/package.dsv'
[5.157s] INFO:colcon.colcon_core.shell:Creating package script '/home/jashwanth/arduinobot_ws/src/install/arduinobot_cpp_examples/share/arduinobot_cpp_examples/package.sh'
[5.157s] INFO:colcon.colcon_core.shell:Creating package script '/home/jashwanth/arduinobot_ws/src/install/arduinobot_cpp_examples/share/arduinobot_cpp_examples/package.bash'
[5.158s] INFO:colcon.colcon_core.shell:Creating package script '/home/jashwanth/arduinobot_ws/src/install/arduinobot_cpp_examples/share/arduinobot_cpp_examples/package.zsh'
[5.158s] Level 1:colcon.colcon_core.environment:create_file_with_runtime_dependencies(/home/jashwanth/arduinobot_ws/src/install/arduinobot_cpp_examples/share/colcon-core/packages/arduinobot_cpp_examples)
[5.158s] Level 1:colcon.colcon_core.environment:create_environment_scripts_only(arduinobot_cpp_examples)
[5.158s] Level 1:colcon.colcon_core.environment:checking '/home/jashwanth/arduinobot_ws/src/install/arduinobot_cpp_examples' for CMake module files
[5.159s] Level 1:colcon.colcon_core.environment:checking '/home/jashwanth/arduinobot_ws/src/install/arduinobot_cpp_examples' for CMake config files
[5.159s] Level 1:colcon.colcon_core.shell:create_environment_hook('arduinobot_cpp_examples', 'cmake_prefix_path')
[5.159s] INFO:colcon.colcon_core.shell:Creating environment hook '/home/jashwanth/arduinobot_ws/src/install/arduinobot_cpp_examples/share/arduinobot_cpp_examples/hook/cmake_prefix_path.ps1'
[5.159s] INFO:colcon.colcon_core.shell:Creating environment descriptor '/home/jashwanth/arduinobot_ws/src/install/arduinobot_cpp_examples/share/arduinobot_cpp_examples/hook/cmake_prefix_path.dsv'
[5.159s] INFO:colcon.colcon_core.shell:Creating environment hook '/home/jashwanth/arduinobot_ws/src/install/arduinobot_cpp_examples/share/arduinobot_cpp_examples/hook/cmake_prefix_path.sh'
[5.159s] Level 1:colcon.colcon_core.environment:checking '/home/jashwanth/arduinobot_ws/src/install/arduinobot_cpp_examples/lib'
[5.159s] Level 1:colcon.colcon_core.environment:checking '/home/jashwanth/arduinobot_ws/src/install/arduinobot_cpp_examples/bin'
[5.159s] Level 1:colcon.colcon_core.environment:checking '/home/jashwanth/arduinobot_ws/src/install/arduinobot_cpp_examples/lib/pkgconfig/arduinobot_cpp_examples.pc'
[5.159s] Level 1:colcon.colcon_core.environment:checking '/home/jashwanth/arduinobot_ws/src/install/arduinobot_cpp_examples/lib/python3.12/site-packages'
[5.160s] Level 1:colcon.colcon_core.environment:checking '/home/jashwanth/arduinobot_ws/src/install/arduinobot_cpp_examples/bin'
[5.160s] INFO:colcon.colcon_core.shell:Creating package script '/home/jashwanth/arduinobot_ws/src/install/arduinobot_cpp_examples/share/arduinobot_cpp_examples/package.ps1'
[5.160s] INFO:colcon.colcon_core.shell:Creating package descriptor '/home/jashwanth/arduinobot_ws/src/install/arduinobot_cpp_examples/share/arduinobot_cpp_examples/package.dsv'
[5.160s] INFO:colcon.colcon_core.shell:Creating package script '/home/jashwanth/arduinobot_ws/src/install/arduinobot_cpp_examples/share/arduinobot_cpp_examples/package.sh'
[5.160s] INFO:colcon.colcon_core.shell:Creating package script '/home/jashwanth/arduinobot_ws/src/install/arduinobot_cpp_examples/share/arduinobot_cpp_examples/package.bash'
[5.160s] INFO:colcon.colcon_core.shell:Creating package script '/home/jashwanth/arduinobot_ws/src/install/arduinobot_cpp_examples/share/arduinobot_cpp_examples/package.zsh'
[5.161s] Level 1:colcon.colcon_core.environment:create_file_with_runtime_dependencies(/home/jashwanth/arduinobot_ws/src/install/arduinobot_cpp_examples/share/colcon-core/packages/arduinobot_cpp_examples)
[5.161s] DEBUG:colcon.colcon_parallel_executor.executor.parallel:closing loop
[5.161s] DEBUG:colcon.colcon_parallel_executor.executor.parallel:loop closed
[5.161s] DEBUG:colcon.colcon_parallel_executor.executor.parallel:run_until_complete finished with '0'
[5.161s] DEBUG:colcon.colcon_core.event_reactor:joining thread
[5.166s] INFO:colcon.colcon_core.plugin_system:Skipping extension 'colcon_notification.desktop_notification.terminal_notifier': Not used on non-Darwin systems
[5.166s] INFO:colcon.colcon_core.plugin_system:Skipping extension 'colcon_notification.desktop_notification.win32': Not used on non-Windows systems
[5.166s] INFO:colcon.colcon_notification.desktop_notification:Sending desktop notification using 'notify2'
[5.175s] DEBUG:colcon.colcon_core.event_reactor:joined thread
[5.175s] INFO:colcon.colcon_core.shell:Creating prefix script '/home/jashwanth/arduinobot_ws/src/install/local_setup.ps1'
[5.175s] INFO:colcon.colcon_core.shell:Creating prefix util module '/home/jashwanth/arduinobot_ws/src/install/_local_setup_util_ps1.py'
[5.176s] INFO:colcon.colcon_core.shell:Creating prefix chain script '/home/jashwanth/arduinobot_ws/src/install/setup.ps1'
[5.176s] INFO:colcon.colcon_core.shell:Creating prefix script '/home/jashwanth/arduinobot_ws/src/install/local_setup.sh'
[5.177s] INFO:colcon.colcon_core.shell:Creating prefix util module '/home/jashwanth/arduinobot_ws/src/install/_local_setup_util_sh.py'
[5.177s] INFO:colcon.colcon_core.shell:Creating prefix chain script '/home/jashwanth/arduinobot_ws/src/install/setup.sh'
[5.177s] INFO:colcon.colcon_core.shell:Creating prefix script '/home/jashwanth/arduinobot_ws/src/install/local_setup.bash'
[5.177s] INFO:colcon.colcon_core.shell:Creating prefix chain script '/home/jashwanth/arduinobot_ws/src/install/setup.bash'
[5.178s] INFO:colcon.colcon_core.shell:Creating prefix script '/home/jashwanth/arduinobot_ws/src/install/local_setup.zsh'
[5.178s] INFO:colcon.colcon_core.shell:Creating prefix chain script '/home/jashwanth/arduinobot_ws/src/install/setup.zsh'
